[2026-04-26T12:41:47.332+0000] {taskinstance.py:1171} INFO - Dependencies all met for <TaskInstance: P2M3_soraya_intan_DAG.data_cleaning manual__2026-04-26T12:41:31.754131+00:00 [queued]>
[2026-04-26T12:41:47.352+0000] {taskinstance.py:1171} INFO - Dependencies all met for <TaskInstance: P2M3_soraya_intan_DAG.data_cleaning manual__2026-04-26T12:41:31.754131+00:00 [queued]>
[2026-04-26T12:41:47.355+0000] {taskinstance.py:1368} INFO - 
--------------------------------------------------------------------------------
[2026-04-26T12:41:47.357+0000] {taskinstance.py:1369} INFO - Starting attempt 1 of 2
[2026-04-26T12:41:47.358+0000] {taskinstance.py:1370} INFO - 
--------------------------------------------------------------------------------
[2026-04-26T12:41:47.394+0000] {taskinstance.py:1389} INFO - Executing <Task(PythonOperator): data_cleaning> on 2026-04-26 12:41:31.754131+00:00
[2026-04-26T12:41:47.403+0000] {standard_task_runner.py:52} INFO - Started process 58 to run task
[2026-04-26T12:41:47.411+0000] {standard_task_runner.py:79} INFO - Running: ['***', 'tasks', 'run', 'P2M3_soraya_intan_DAG', 'data_cleaning', 'manual__2026-04-26T12:41:31.754131+00:00', '--job-id', '28', '--raw', '--subdir', 'DAGS_FOLDER/P2M3_soraya_intan_DAG.py', '--cfg-path', '/tmp/tmpmtr5qsiq', '--error-file', '/tmp/tmp1qjbxtoo']
[2026-04-26T12:41:47.415+0000] {standard_task_runner.py:80} INFO - Job 28: Subtask data_cleaning
[2026-04-26T12:41:47.609+0000] {task_command.py:371} INFO - Running <TaskInstance: P2M3_soraya_intan_DAG.data_cleaning manual__2026-04-26T12:41:31.754131+00:00 [running]> on host b754c159f5ea
[2026-04-26T12:41:47.801+0000] {taskinstance.py:1583} INFO - Exporting the following env vars:
AIRFLOW_CTX_DAG_OWNER=soraya_intan
AIRFLOW_CTX_DAG_ID=P2M3_soraya_intan_DAG
AIRFLOW_CTX_TASK_ID=data_cleaning
AIRFLOW_CTX_EXECUTION_DATE=2026-04-26T12:41:31.754131+00:00
AIRFLOW_CTX_TRY_NUMBER=1
AIRFLOW_CTX_DAG_RUN_ID=manual__2026-04-26T12:41:31.754131+00:00
[2026-04-26T12:41:48.282+0000] {python.py:173} INFO - Done. Returned value was: None
[2026-04-26T12:41:48.308+0000] {taskinstance.py:1412} INFO - Marking task as SUCCESS. dag_id=P2M3_soraya_intan_DAG, task_id=data_cleaning, execution_date=20260426T124131, start_date=20260426T124147, end_date=20260426T124148
[2026-04-26T12:41:48.357+0000] {local_task_job.py:156} INFO - Task exited with return code 0
[2026-04-26T12:41:48.421+0000] {local_task_job.py:279} INFO - 1 downstream tasks scheduled from follow-on schedule check
