[2026-04-26T12:06:38.434+0000] {taskinstance.py:1171} INFO - Dependencies all met for <TaskInstance: P2M3_soraya_intan_DAG.fetch_from_postgresql manual__2026-04-26T12:06:31.671083+00:00 [queued]>
[2026-04-26T12:06:38.491+0000] {taskinstance.py:1171} INFO - Dependencies all met for <TaskInstance: P2M3_soraya_intan_DAG.fetch_from_postgresql manual__2026-04-26T12:06:31.671083+00:00 [queued]>
[2026-04-26T12:06:38.493+0000] {taskinstance.py:1368} INFO - 
--------------------------------------------------------------------------------
[2026-04-26T12:06:38.496+0000] {taskinstance.py:1369} INFO - Starting attempt 1 of 2
[2026-04-26T12:06:38.498+0000] {taskinstance.py:1370} INFO - 
--------------------------------------------------------------------------------
[2026-04-26T12:06:38.540+0000] {taskinstance.py:1389} INFO - Executing <Task(PythonOperator): fetch_from_postgresql> on 2026-04-26 12:06:31.671083+00:00
[2026-04-26T12:06:38.552+0000] {standard_task_runner.py:52} INFO - Started process 39 to run task
[2026-04-26T12:06:38.575+0000] {standard_task_runner.py:79} INFO - Running: ['***', 'tasks', 'run', 'P2M3_soraya_intan_DAG', 'fetch_from_postgresql', 'manual__2026-04-26T12:06:31.671083+00:00', '--job-id', '23', '--raw', '--subdir', 'DAGS_FOLDER/P2M3_soraya_intan_DAG.py', '--cfg-path', '/tmp/tmp47vvyrj3', '--error-file', '/tmp/tmpe0zyn9bg']
[2026-04-26T12:06:38.580+0000] {standard_task_runner.py:80} INFO - Job 23: Subtask fetch_from_postgresql
[2026-04-26T12:06:39.128+0000] {task_command.py:371} INFO - Running <TaskInstance: P2M3_soraya_intan_DAG.fetch_from_postgresql manual__2026-04-26T12:06:31.671083+00:00 [running]> on host ac5c19c818fb
[2026-04-26T12:06:40.455+0000] {taskinstance.py:1583} INFO - Exporting the following env vars:
AIRFLOW_CTX_DAG_OWNER=soraya_intan
AIRFLOW_CTX_DAG_ID=P2M3_soraya_intan_DAG
AIRFLOW_CTX_TASK_ID=fetch_from_postgresql
AIRFLOW_CTX_EXECUTION_DATE=2026-04-26T12:06:31.671083+00:00
AIRFLOW_CTX_TRY_NUMBER=1
AIRFLOW_CTX_DAG_RUN_ID=manual__2026-04-26T12:06:31.671083+00:00
[2026-04-26T12:06:41.459+0000] {python.py:173} INFO - Done. Returned value was: None
[2026-04-26T12:06:41.499+0000] {taskinstance.py:1412} INFO - Marking task as SUCCESS. dag_id=P2M3_soraya_intan_DAG, task_id=fetch_from_postgresql, execution_date=20260426T120631, start_date=20260426T120638, end_date=20260426T120641
[2026-04-26T12:06:41.581+0000] {local_task_job.py:156} INFO - Task exited with return code 0
[2026-04-26T12:06:41.690+0000] {local_task_job.py:279} INFO - 1 downstream tasks scheduled from follow-on schedule check
