[2026-04-24T15:12:30.395+0000] {processor.py:153} INFO - Started process (PID=24) to work on /opt/airflow/dags/P2M3_soraya_intan_DAG.py
[2026-04-24T15:12:30.404+0000] {processor.py:640} INFO - Processing file /opt/airflow/dags/P2M3_soraya_intan_DAG.py for tasks to queue
[2026-04-24T15:12:30.410+0000] {logging_mixin.py:115} INFO - [2026-04-24T15:12:30.410+0000] {dagbag.py:508} INFO - Filling up the DagBag from /opt/airflow/dags/P2M3_soraya_intan_DAG.py
[2026-04-24T15:12:48.512+0000] {processor.py:650} INFO - DAG(s) dict_keys(['P2M3_soraya_intan_DAG']) retrieved from /opt/airflow/dags/P2M3_soraya_intan_DAG.py
[2026-04-24T15:12:49.652+0000] {logging_mixin.py:115} INFO - [2026-04-24T15:12:49.652+0000] {manager.py:508} INFO - Created Permission View: can read on DAG:P2M3_soraya_intan_DAG
[2026-04-24T15:12:49.770+0000] {logging_mixin.py:115} INFO - [2026-04-24T15:12:49.769+0000] {manager.py:508} INFO - Created Permission View: can edit on DAG:P2M3_soraya_intan_DAG
[2026-04-24T15:12:49.846+0000] {logging_mixin.py:115} INFO - [2026-04-24T15:12:49.845+0000] {manager.py:508} INFO - Created Permission View: can delete on DAG:P2M3_soraya_intan_DAG
[2026-04-24T15:12:49.851+0000] {logging_mixin.py:115} INFO - [2026-04-24T15:12:49.849+0000] {dag.py:2429} INFO - Sync 1 DAGs
[2026-04-24T15:12:49.906+0000] {logging_mixin.py:115} INFO - [2026-04-24T15:12:49.905+0000] {dag.py:2448} INFO - Creating ORM DAG for P2M3_soraya_intan_DAG
[2026-04-24T15:12:50.069+0000] {logging_mixin.py:115} INFO - [2026-04-24T15:12:50.069+0000] {dag.py:2981} INFO - Setting next_dagrun for P2M3_soraya_intan_DAG to 2026-04-18T09:20:00+00:00, run_after=2026-04-18T09:30:00+00:00
[2026-04-24T15:12:51.026+0000] {processor.py:161} INFO - Processing /opt/airflow/dags/P2M3_soraya_intan_DAG.py took 20.681 seconds
[2026-04-24T15:13:22.141+0000] {processor.py:153} INFO - Started process (PID=26) to work on /opt/airflow/dags/P2M3_soraya_intan_DAG.py
[2026-04-24T15:13:22.156+0000] {processor.py:640} INFO - Processing file /opt/airflow/dags/P2M3_soraya_intan_DAG.py for tasks to queue
[2026-04-24T15:13:22.171+0000] {logging_mixin.py:115} INFO - [2026-04-24T15:13:22.170+0000] {dagbag.py:508} INFO - Filling up the DagBag from /opt/airflow/dags/P2M3_soraya_intan_DAG.py
[2026-04-24T15:13:34.323+0000] {processor.py:650} INFO - DAG(s) dict_keys(['P2M3_soraya_intan_DAG']) retrieved from /opt/airflow/dags/P2M3_soraya_intan_DAG.py
[2026-04-24T15:13:36.529+0000] {logging_mixin.py:115} INFO - [2026-04-24T15:13:36.526+0000] {dag.py:2429} INFO - Sync 1 DAGs
[2026-04-24T15:13:36.777+0000] {logging_mixin.py:115} INFO - [2026-04-24T15:13:36.776+0000] {dag.py:2981} INFO - Setting next_dagrun for P2M3_soraya_intan_DAG to 2026-04-18T09:20:00+00:00, run_after=2026-04-18T09:30:00+00:00
[2026-04-24T15:13:37.148+0000] {processor.py:161} INFO - Processing /opt/airflow/dags/P2M3_soraya_intan_DAG.py took 15.067 seconds
[2026-04-24T15:14:07.652+0000] {processor.py:153} INFO - Started process (PID=28) to work on /opt/airflow/dags/P2M3_soraya_intan_DAG.py
[2026-04-24T15:14:07.658+0000] {processor.py:640} INFO - Processing file /opt/airflow/dags/P2M3_soraya_intan_DAG.py for tasks to queue
[2026-04-24T15:14:07.666+0000] {logging_mixin.py:115} INFO - [2026-04-24T15:14:07.666+0000] {dagbag.py:508} INFO - Filling up the DagBag from /opt/airflow/dags/P2M3_soraya_intan_DAG.py
[2026-04-24T15:14:10.272+0000] {processor.py:650} INFO - DAG(s) dict_keys(['P2M3_soraya_intan_DAG']) retrieved from /opt/airflow/dags/P2M3_soraya_intan_DAG.py
[2026-04-24T15:14:10.355+0000] {logging_mixin.py:115} INFO - [2026-04-24T15:14:10.354+0000] {dag.py:2429} INFO - Sync 1 DAGs
[2026-04-24T15:14:10.445+0000] {logging_mixin.py:115} INFO - [2026-04-24T15:14:10.445+0000] {dag.py:2981} INFO - Setting next_dagrun for P2M3_soraya_intan_DAG to 2026-04-18T09:20:00+00:00, run_after=2026-04-18T09:30:00+00:00
[2026-04-24T15:14:10.506+0000] {processor.py:161} INFO - Processing /opt/airflow/dags/P2M3_soraya_intan_DAG.py took 2.873 seconds
[2026-04-24T15:14:41.420+0000] {processor.py:153} INFO - Started process (PID=30) to work on /opt/airflow/dags/P2M3_soraya_intan_DAG.py
[2026-04-24T15:14:41.428+0000] {processor.py:640} INFO - Processing file /opt/airflow/dags/P2M3_soraya_intan_DAG.py for tasks to queue
[2026-04-24T15:14:41.437+0000] {logging_mixin.py:115} INFO - [2026-04-24T15:14:41.437+0000] {dagbag.py:508} INFO - Filling up the DagBag from /opt/airflow/dags/P2M3_soraya_intan_DAG.py
[2026-04-24T15:14:42.669+0000] {processor.py:650} INFO - DAG(s) dict_keys(['P2M3_soraya_intan_DAG']) retrieved from /opt/airflow/dags/P2M3_soraya_intan_DAG.py
[2026-04-24T15:14:42.708+0000] {logging_mixin.py:115} INFO - [2026-04-24T15:14:42.707+0000] {dag.py:2429} INFO - Sync 1 DAGs
[2026-04-24T15:14:42.751+0000] {logging_mixin.py:115} INFO - [2026-04-24T15:14:42.751+0000] {dag.py:2981} INFO - Setting next_dagrun for P2M3_soraya_intan_DAG to 2026-04-18T09:20:00+00:00, run_after=2026-04-18T09:30:00+00:00
[2026-04-24T15:14:42.776+0000] {processor.py:161} INFO - Processing /opt/airflow/dags/P2M3_soraya_intan_DAG.py took 1.369 seconds
[2026-04-24T15:15:13.600+0000] {processor.py:153} INFO - Started process (PID=32) to work on /opt/airflow/dags/P2M3_soraya_intan_DAG.py
[2026-04-24T15:15:13.611+0000] {processor.py:640} INFO - Processing file /opt/airflow/dags/P2M3_soraya_intan_DAG.py for tasks to queue
[2026-04-24T15:15:13.644+0000] {logging_mixin.py:115} INFO - [2026-04-24T15:15:13.640+0000] {dagbag.py:508} INFO - Filling up the DagBag from /opt/airflow/dags/P2M3_soraya_intan_DAG.py
[2026-04-24T15:15:15.038+0000] {processor.py:650} INFO - DAG(s) dict_keys(['P2M3_soraya_intan_DAG']) retrieved from /opt/airflow/dags/P2M3_soraya_intan_DAG.py
[2026-04-24T15:15:15.088+0000] {logging_mixin.py:115} INFO - [2026-04-24T15:15:15.087+0000] {dag.py:2429} INFO - Sync 1 DAGs
[2026-04-24T15:15:15.154+0000] {logging_mixin.py:115} INFO - [2026-04-24T15:15:15.153+0000] {dag.py:2981} INFO - Setting next_dagrun for P2M3_soraya_intan_DAG to 2026-04-18T09:20:00+00:00, run_after=2026-04-18T09:30:00+00:00
[2026-04-24T15:15:15.192+0000] {processor.py:161} INFO - Processing /opt/airflow/dags/P2M3_soraya_intan_DAG.py took 1.607 seconds
[2026-04-24T15:15:45.786+0000] {processor.py:153} INFO - Started process (PID=34) to work on /opt/airflow/dags/P2M3_soraya_intan_DAG.py
[2026-04-24T15:15:45.789+0000] {processor.py:640} INFO - Processing file /opt/airflow/dags/P2M3_soraya_intan_DAG.py for tasks to queue
[2026-04-24T15:15:45.793+0000] {logging_mixin.py:115} INFO - [2026-04-24T15:15:45.792+0000] {dagbag.py:508} INFO - Filling up the DagBag from /opt/airflow/dags/P2M3_soraya_intan_DAG.py
[2026-04-24T15:15:46.552+0000] {processor.py:650} INFO - DAG(s) dict_keys(['P2M3_soraya_intan_DAG']) retrieved from /opt/airflow/dags/P2M3_soraya_intan_DAG.py
[2026-04-24T15:15:46.589+0000] {logging_mixin.py:115} INFO - [2026-04-24T15:15:46.588+0000] {dag.py:2429} INFO - Sync 1 DAGs
[2026-04-24T15:15:46.623+0000] {logging_mixin.py:115} INFO - [2026-04-24T15:15:46.623+0000] {dag.py:2981} INFO - Setting next_dagrun for P2M3_soraya_intan_DAG to 2026-04-18T09:20:00+00:00, run_after=2026-04-18T09:30:00+00:00
[2026-04-24T15:15:46.643+0000] {processor.py:161} INFO - Processing /opt/airflow/dags/P2M3_soraya_intan_DAG.py took 0.864 seconds
[2026-04-24T15:16:17.517+0000] {processor.py:153} INFO - Started process (PID=36) to work on /opt/airflow/dags/P2M3_soraya_intan_DAG.py
[2026-04-24T15:16:17.521+0000] {processor.py:640} INFO - Processing file /opt/airflow/dags/P2M3_soraya_intan_DAG.py for tasks to queue
[2026-04-24T15:16:17.524+0000] {logging_mixin.py:115} INFO - [2026-04-24T15:16:17.524+0000] {dagbag.py:508} INFO - Filling up the DagBag from /opt/airflow/dags/P2M3_soraya_intan_DAG.py
[2026-04-24T15:16:18.667+0000] {processor.py:650} INFO - DAG(s) dict_keys(['P2M3_soraya_intan_DAG']) retrieved from /opt/airflow/dags/P2M3_soraya_intan_DAG.py
[2026-04-24T15:16:18.704+0000] {logging_mixin.py:115} INFO - [2026-04-24T15:16:18.704+0000] {dag.py:2429} INFO - Sync 1 DAGs
[2026-04-24T15:16:18.753+0000] {logging_mixin.py:115} INFO - [2026-04-24T15:16:18.753+0000] {dag.py:2981} INFO - Setting next_dagrun for P2M3_soraya_intan_DAG to 2026-04-18T09:20:00+00:00, run_after=2026-04-18T09:30:00+00:00
[2026-04-24T15:16:18.786+0000] {processor.py:161} INFO - Processing /opt/airflow/dags/P2M3_soraya_intan_DAG.py took 1.277 seconds
[2026-04-24T15:16:48.942+0000] {processor.py:153} INFO - Started process (PID=38) to work on /opt/airflow/dags/P2M3_soraya_intan_DAG.py
[2026-04-24T15:16:48.947+0000] {processor.py:640} INFO - Processing file /opt/airflow/dags/P2M3_soraya_intan_DAG.py for tasks to queue
[2026-04-24T15:16:48.952+0000] {logging_mixin.py:115} INFO - [2026-04-24T15:16:48.951+0000] {dagbag.py:508} INFO - Filling up the DagBag from /opt/airflow/dags/P2M3_soraya_intan_DAG.py
[2026-04-24T15:16:49.737+0000] {processor.py:650} INFO - DAG(s) dict_keys(['P2M3_soraya_intan_DAG']) retrieved from /opt/airflow/dags/P2M3_soraya_intan_DAG.py
[2026-04-24T15:16:49.775+0000] {logging_mixin.py:115} INFO - [2026-04-24T15:16:49.774+0000] {dag.py:2429} INFO - Sync 1 DAGs
[2026-04-24T15:16:49.811+0000] {logging_mixin.py:115} INFO - [2026-04-24T15:16:49.811+0000] {dag.py:2981} INFO - Setting next_dagrun for P2M3_soraya_intan_DAG to 2026-04-18T09:20:00+00:00, run_after=2026-04-18T09:30:00+00:00
[2026-04-24T15:16:49.837+0000] {processor.py:161} INFO - Processing /opt/airflow/dags/P2M3_soraya_intan_DAG.py took 0.901 seconds
[2026-04-24T15:17:19.979+0000] {processor.py:153} INFO - Started process (PID=40) to work on /opt/airflow/dags/P2M3_soraya_intan_DAG.py
[2026-04-24T15:17:19.982+0000] {processor.py:640} INFO - Processing file /opt/airflow/dags/P2M3_soraya_intan_DAG.py for tasks to queue
[2026-04-24T15:17:19.986+0000] {logging_mixin.py:115} INFO - [2026-04-24T15:17:19.985+0000] {dagbag.py:508} INFO - Filling up the DagBag from /opt/airflow/dags/P2M3_soraya_intan_DAG.py
[2026-04-24T15:17:20.671+0000] {processor.py:650} INFO - DAG(s) dict_keys(['P2M3_soraya_intan_DAG']) retrieved from /opt/airflow/dags/P2M3_soraya_intan_DAG.py
[2026-04-24T15:17:20.714+0000] {logging_mixin.py:115} INFO - [2026-04-24T15:17:20.713+0000] {dag.py:2429} INFO - Sync 1 DAGs
[2026-04-24T15:17:20.756+0000] {logging_mixin.py:115} INFO - [2026-04-24T15:17:20.755+0000] {dag.py:2981} INFO - Setting next_dagrun for P2M3_soraya_intan_DAG to 2026-04-18T09:20:00+00:00, run_after=2026-04-18T09:30:00+00:00
[2026-04-24T15:17:20.781+0000] {processor.py:161} INFO - Processing /opt/airflow/dags/P2M3_soraya_intan_DAG.py took 0.808 seconds
[2026-04-24T15:17:51.322+0000] {processor.py:153} INFO - Started process (PID=42) to work on /opt/airflow/dags/P2M3_soraya_intan_DAG.py
[2026-04-24T15:17:51.330+0000] {processor.py:640} INFO - Processing file /opt/airflow/dags/P2M3_soraya_intan_DAG.py for tasks to queue
[2026-04-24T15:17:51.335+0000] {logging_mixin.py:115} INFO - [2026-04-24T15:17:51.335+0000] {dagbag.py:508} INFO - Filling up the DagBag from /opt/airflow/dags/P2M3_soraya_intan_DAG.py
[2026-04-24T15:17:52.306+0000] {processor.py:650} INFO - DAG(s) dict_keys(['P2M3_soraya_intan_DAG']) retrieved from /opt/airflow/dags/P2M3_soraya_intan_DAG.py
[2026-04-24T15:17:52.345+0000] {logging_mixin.py:115} INFO - [2026-04-24T15:17:52.344+0000] {dag.py:2429} INFO - Sync 1 DAGs
[2026-04-24T15:17:52.377+0000] {logging_mixin.py:115} INFO - [2026-04-24T15:17:52.377+0000] {dag.py:2981} INFO - Setting next_dagrun for P2M3_soraya_intan_DAG to 2026-04-18T09:20:00+00:00, run_after=2026-04-18T09:30:00+00:00
[2026-04-24T15:17:52.396+0000] {processor.py:161} INFO - Processing /opt/airflow/dags/P2M3_soraya_intan_DAG.py took 1.089 seconds
[2026-04-24T15:18:23.414+0000] {processor.py:153} INFO - Started process (PID=44) to work on /opt/airflow/dags/P2M3_soraya_intan_DAG.py
[2026-04-24T15:18:23.429+0000] {processor.py:640} INFO - Processing file /opt/airflow/dags/P2M3_soraya_intan_DAG.py for tasks to queue
[2026-04-24T15:18:23.439+0000] {logging_mixin.py:115} INFO - [2026-04-24T15:18:23.438+0000] {dagbag.py:508} INFO - Filling up the DagBag from /opt/airflow/dags/P2M3_soraya_intan_DAG.py
[2026-04-24T15:18:25.635+0000] {processor.py:650} INFO - DAG(s) dict_keys(['P2M3_soraya_intan_DAG']) retrieved from /opt/airflow/dags/P2M3_soraya_intan_DAG.py
[2026-04-24T15:18:25.860+0000] {logging_mixin.py:115} INFO - [2026-04-24T15:18:25.858+0000] {dag.py:2429} INFO - Sync 1 DAGs
[2026-04-24T15:18:25.964+0000] {logging_mixin.py:115} INFO - [2026-04-24T15:18:25.963+0000] {dag.py:2981} INFO - Setting next_dagrun for P2M3_soraya_intan_DAG to 2026-04-18T09:20:00+00:00, run_after=2026-04-18T09:30:00+00:00
[2026-04-24T15:18:25.998+0000] {processor.py:161} INFO - Processing /opt/airflow/dags/P2M3_soraya_intan_DAG.py took 2.619 seconds
[2026-04-24T15:18:56.210+0000] {processor.py:153} INFO - Started process (PID=46) to work on /opt/airflow/dags/P2M3_soraya_intan_DAG.py
[2026-04-24T15:18:56.214+0000] {processor.py:640} INFO - Processing file /opt/airflow/dags/P2M3_soraya_intan_DAG.py for tasks to queue
[2026-04-24T15:18:56.217+0000] {logging_mixin.py:115} INFO - [2026-04-24T15:18:56.217+0000] {dagbag.py:508} INFO - Filling up the DagBag from /opt/airflow/dags/P2M3_soraya_intan_DAG.py
[2026-04-24T15:18:56.833+0000] {processor.py:650} INFO - DAG(s) dict_keys(['P2M3_soraya_intan_DAG']) retrieved from /opt/airflow/dags/P2M3_soraya_intan_DAG.py
[2026-04-24T15:18:56.870+0000] {logging_mixin.py:115} INFO - [2026-04-24T15:18:56.870+0000] {dag.py:2429} INFO - Sync 1 DAGs
[2026-04-24T15:18:56.904+0000] {logging_mixin.py:115} INFO - [2026-04-24T15:18:56.903+0000] {dag.py:2981} INFO - Setting next_dagrun for P2M3_soraya_intan_DAG to 2026-04-18T09:20:00+00:00, run_after=2026-04-18T09:30:00+00:00
[2026-04-24T15:18:56.924+0000] {processor.py:161} INFO - Processing /opt/airflow/dags/P2M3_soraya_intan_DAG.py took 0.720 seconds
[2026-04-24T15:19:27.078+0000] {processor.py:153} INFO - Started process (PID=48) to work on /opt/airflow/dags/P2M3_soraya_intan_DAG.py
[2026-04-24T15:19:27.082+0000] {processor.py:640} INFO - Processing file /opt/airflow/dags/P2M3_soraya_intan_DAG.py for tasks to queue
[2026-04-24T15:19:27.085+0000] {logging_mixin.py:115} INFO - [2026-04-24T15:19:27.085+0000] {dagbag.py:508} INFO - Filling up the DagBag from /opt/airflow/dags/P2M3_soraya_intan_DAG.py
[2026-04-24T15:19:27.743+0000] {processor.py:650} INFO - DAG(s) dict_keys(['P2M3_soraya_intan_DAG']) retrieved from /opt/airflow/dags/P2M3_soraya_intan_DAG.py
[2026-04-24T15:19:27.785+0000] {logging_mixin.py:115} INFO - [2026-04-24T15:19:27.784+0000] {dag.py:2429} INFO - Sync 1 DAGs
[2026-04-24T15:19:27.832+0000] {logging_mixin.py:115} INFO - [2026-04-24T15:19:27.831+0000] {dag.py:2981} INFO - Setting next_dagrun for P2M3_soraya_intan_DAG to 2026-04-18T09:20:00+00:00, run_after=2026-04-18T09:30:00+00:00
[2026-04-24T15:19:27.891+0000] {processor.py:161} INFO - Processing /opt/airflow/dags/P2M3_soraya_intan_DAG.py took 0.819 seconds
[2026-04-24T15:19:58.076+0000] {processor.py:153} INFO - Started process (PID=50) to work on /opt/airflow/dags/P2M3_soraya_intan_DAG.py
[2026-04-24T15:19:58.080+0000] {processor.py:640} INFO - Processing file /opt/airflow/dags/P2M3_soraya_intan_DAG.py for tasks to queue
[2026-04-24T15:19:58.083+0000] {logging_mixin.py:115} INFO - [2026-04-24T15:19:58.083+0000] {dagbag.py:508} INFO - Filling up the DagBag from /opt/airflow/dags/P2M3_soraya_intan_DAG.py
[2026-04-24T15:19:58.760+0000] {processor.py:650} INFO - DAG(s) dict_keys(['P2M3_soraya_intan_DAG']) retrieved from /opt/airflow/dags/P2M3_soraya_intan_DAG.py
[2026-04-24T15:19:58.795+0000] {logging_mixin.py:115} INFO - [2026-04-24T15:19:58.794+0000] {dag.py:2429} INFO - Sync 1 DAGs
[2026-04-24T15:19:58.828+0000] {logging_mixin.py:115} INFO - [2026-04-24T15:19:58.827+0000] {dag.py:2981} INFO - Setting next_dagrun for P2M3_soraya_intan_DAG to 2026-04-18T09:20:00+00:00, run_after=2026-04-18T09:30:00+00:00
[2026-04-24T15:19:58.846+0000] {processor.py:161} INFO - Processing /opt/airflow/dags/P2M3_soraya_intan_DAG.py took 0.777 seconds
[2026-04-24T15:20:29.966+0000] {processor.py:153} INFO - Started process (PID=52) to work on /opt/airflow/dags/P2M3_soraya_intan_DAG.py
[2026-04-24T15:20:29.969+0000] {processor.py:640} INFO - Processing file /opt/airflow/dags/P2M3_soraya_intan_DAG.py for tasks to queue
[2026-04-24T15:20:29.972+0000] {logging_mixin.py:115} INFO - [2026-04-24T15:20:29.972+0000] {dagbag.py:508} INFO - Filling up the DagBag from /opt/airflow/dags/P2M3_soraya_intan_DAG.py
[2026-04-24T15:20:31.001+0000] {processor.py:650} INFO - DAG(s) dict_keys(['P2M3_soraya_intan_DAG']) retrieved from /opt/airflow/dags/P2M3_soraya_intan_DAG.py
[2026-04-24T15:20:31.060+0000] {logging_mixin.py:115} INFO - [2026-04-24T15:20:31.059+0000] {dag.py:2429} INFO - Sync 1 DAGs
[2026-04-24T15:20:31.092+0000] {logging_mixin.py:115} INFO - [2026-04-24T15:20:31.092+0000] {dag.py:2981} INFO - Setting next_dagrun for P2M3_soraya_intan_DAG to 2026-04-18T09:20:00+00:00, run_after=2026-04-18T09:30:00+00:00
[2026-04-24T15:20:31.112+0000] {processor.py:161} INFO - Processing /opt/airflow/dags/P2M3_soraya_intan_DAG.py took 1.157 seconds
[2026-04-24T15:30:22.115+0000] {processor.py:153} INFO - Started process (PID=54) to work on /opt/airflow/dags/P2M3_soraya_intan_DAG.py
[2026-04-24T15:30:22.137+0000] {processor.py:640} INFO - Processing file /opt/airflow/dags/P2M3_soraya_intan_DAG.py for tasks to queue
[2026-04-24T15:30:22.188+0000] {logging_mixin.py:115} INFO - [2026-04-24T15:30:22.188+0000] {dagbag.py:508} INFO - Filling up the DagBag from /opt/airflow/dags/P2M3_soraya_intan_DAG.py
[2026-04-24T15:30:23.034+0000] {processor.py:153} INFO - Started process (PID=55) to work on /opt/airflow/dags/P2M3_soraya_intan_DAG.py
[2026-04-24T15:30:23.048+0000] {processor.py:640} INFO - Processing file /opt/airflow/dags/P2M3_soraya_intan_DAG.py for tasks to queue
[2026-04-24T15:30:23.057+0000] {logging_mixin.py:115} INFO - [2026-04-24T15:30:23.056+0000] {dagbag.py:508} INFO - Filling up the DagBag from /opt/airflow/dags/P2M3_soraya_intan_DAG.py
[2026-04-24T15:30:25.487+0000] {processor.py:650} INFO - DAG(s) dict_keys(['P2M3_soraya_intan_DAG']) retrieved from /opt/airflow/dags/P2M3_soraya_intan_DAG.py
[2026-04-24T15:30:25.634+0000] {logging_mixin.py:115} INFO - [2026-04-24T15:30:25.633+0000] {dag.py:2429} INFO - Sync 1 DAGs
[2026-04-24T15:30:25.730+0000] {logging_mixin.py:115} INFO - [2026-04-24T15:30:25.730+0000] {dag.py:2981} INFO - Setting next_dagrun for P2M3_soraya_intan_DAG to 2026-04-18T09:20:00+00:00, run_after=2026-04-18T09:30:00+00:00
[2026-04-24T15:30:25.763+0000] {processor.py:161} INFO - Processing /opt/airflow/dags/P2M3_soraya_intan_DAG.py took 2.776 seconds
[2026-04-24T15:30:56.634+0000] {processor.py:153} INFO - Started process (PID=58) to work on /opt/airflow/dags/P2M3_soraya_intan_DAG.py
[2026-04-24T15:30:56.637+0000] {processor.py:640} INFO - Processing file /opt/airflow/dags/P2M3_soraya_intan_DAG.py for tasks to queue
[2026-04-24T15:30:56.640+0000] {logging_mixin.py:115} INFO - [2026-04-24T15:30:56.639+0000] {dagbag.py:508} INFO - Filling up the DagBag from /opt/airflow/dags/P2M3_soraya_intan_DAG.py
[2026-04-24T15:30:57.171+0000] {processor.py:650} INFO - DAG(s) dict_keys(['P2M3_soraya_intan_DAG']) retrieved from /opt/airflow/dags/P2M3_soraya_intan_DAG.py
[2026-04-24T15:30:57.231+0000] {logging_mixin.py:115} INFO - [2026-04-24T15:30:57.230+0000] {dag.py:2429} INFO - Sync 1 DAGs
[2026-04-24T15:30:57.270+0000] {logging_mixin.py:115} INFO - [2026-04-24T15:30:57.270+0000] {dag.py:2981} INFO - Setting next_dagrun for P2M3_soraya_intan_DAG to 2026-04-18T09:20:00+00:00, run_after=2026-04-18T09:30:00+00:00
[2026-04-24T15:30:57.293+0000] {processor.py:161} INFO - Processing /opt/airflow/dags/P2M3_soraya_intan_DAG.py took 0.664 seconds
[2026-04-24T15:40:24.132+0000] {processor.py:153} INFO - Started process (PID=60) to work on /opt/airflow/dags/P2M3_soraya_intan_DAG.py
[2026-04-24T15:40:24.134+0000] {processor.py:640} INFO - Processing file /opt/airflow/dags/P2M3_soraya_intan_DAG.py for tasks to queue
[2026-04-24T15:40:24.136+0000] {logging_mixin.py:115} INFO - [2026-04-24T15:40:24.136+0000] {dagbag.py:508} INFO - Filling up the DagBag from /opt/airflow/dags/P2M3_soraya_intan_DAG.py
[2026-04-24T15:40:24.770+0000] {processor.py:650} INFO - DAG(s) dict_keys(['P2M3_soraya_intan_DAG']) retrieved from /opt/airflow/dags/P2M3_soraya_intan_DAG.py
[2026-04-24T15:40:24.809+0000] {logging_mixin.py:115} INFO - [2026-04-24T15:40:24.808+0000] {dag.py:2429} INFO - Sync 1 DAGs
[2026-04-24T15:40:24.848+0000] {logging_mixin.py:115} INFO - [2026-04-24T15:40:24.848+0000] {dag.py:2981} INFO - Setting next_dagrun for P2M3_soraya_intan_DAG to 2026-04-18T09:20:00+00:00, run_after=2026-04-18T09:30:00+00:00
[2026-04-24T15:40:24.875+0000] {processor.py:161} INFO - Processing /opt/airflow/dags/P2M3_soraya_intan_DAG.py took 0.748 seconds
[2026-04-24T15:40:55.357+0000] {processor.py:153} INFO - Started process (PID=62) to work on /opt/airflow/dags/P2M3_soraya_intan_DAG.py
[2026-04-24T15:40:55.361+0000] {processor.py:640} INFO - Processing file /opt/airflow/dags/P2M3_soraya_intan_DAG.py for tasks to queue
[2026-04-24T15:40:55.364+0000] {logging_mixin.py:115} INFO - [2026-04-24T15:40:55.364+0000] {dagbag.py:508} INFO - Filling up the DagBag from /opt/airflow/dags/P2M3_soraya_intan_DAG.py
[2026-04-24T15:40:55.912+0000] {processor.py:650} INFO - DAG(s) dict_keys(['P2M3_soraya_intan_DAG']) retrieved from /opt/airflow/dags/P2M3_soraya_intan_DAG.py
[2026-04-24T15:40:55.950+0000] {logging_mixin.py:115} INFO - [2026-04-24T15:40:55.949+0000] {dag.py:2429} INFO - Sync 1 DAGs
[2026-04-24T15:40:55.980+0000] {logging_mixin.py:115} INFO - [2026-04-24T15:40:55.980+0000] {dag.py:2981} INFO - Setting next_dagrun for P2M3_soraya_intan_DAG to 2026-04-18T09:20:00+00:00, run_after=2026-04-18T09:30:00+00:00
[2026-04-24T15:40:56.000+0000] {processor.py:161} INFO - Processing /opt/airflow/dags/P2M3_soraya_intan_DAG.py took 0.651 seconds
[2026-04-24T15:50:27.323+0000] {processor.py:153} INFO - Started process (PID=64) to work on /opt/airflow/dags/P2M3_soraya_intan_DAG.py
[2026-04-24T15:50:27.329+0000] {processor.py:640} INFO - Processing file /opt/airflow/dags/P2M3_soraya_intan_DAG.py for tasks to queue
[2026-04-24T15:50:27.340+0000] {logging_mixin.py:115} INFO - [2026-04-24T15:50:27.340+0000] {dagbag.py:508} INFO - Filling up the DagBag from /opt/airflow/dags/P2M3_soraya_intan_DAG.py
[2026-04-24T15:50:28.180+0000] {processor.py:650} INFO - DAG(s) dict_keys(['P2M3_soraya_intan_DAG']) retrieved from /opt/airflow/dags/P2M3_soraya_intan_DAG.py
[2026-04-24T15:50:28.232+0000] {logging_mixin.py:115} INFO - [2026-04-24T15:50:28.231+0000] {dag.py:2429} INFO - Sync 1 DAGs
[2026-04-24T15:50:28.285+0000] {logging_mixin.py:115} INFO - [2026-04-24T15:50:28.285+0000] {dag.py:2981} INFO - Setting next_dagrun for P2M3_soraya_intan_DAG to 2026-04-18T09:20:00+00:00, run_after=2026-04-18T09:30:00+00:00
[2026-04-24T15:50:28.310+0000] {processor.py:161} INFO - Processing /opt/airflow/dags/P2M3_soraya_intan_DAG.py took 1.000 seconds
[2026-04-24T15:50:58.462+0000] {processor.py:153} INFO - Started process (PID=66) to work on /opt/airflow/dags/P2M3_soraya_intan_DAG.py
[2026-04-24T15:50:58.468+0000] {processor.py:640} INFO - Processing file /opt/airflow/dags/P2M3_soraya_intan_DAG.py for tasks to queue
[2026-04-24T15:50:58.471+0000] {logging_mixin.py:115} INFO - [2026-04-24T15:50:58.471+0000] {dagbag.py:508} INFO - Filling up the DagBag from /opt/airflow/dags/P2M3_soraya_intan_DAG.py
[2026-04-24T15:50:59.186+0000] {processor.py:650} INFO - DAG(s) dict_keys(['P2M3_soraya_intan_DAG']) retrieved from /opt/airflow/dags/P2M3_soraya_intan_DAG.py
[2026-04-24T15:50:59.220+0000] {logging_mixin.py:115} INFO - [2026-04-24T15:50:59.220+0000] {dag.py:2429} INFO - Sync 1 DAGs
[2026-04-24T15:50:59.252+0000] {logging_mixin.py:115} INFO - [2026-04-24T15:50:59.252+0000] {dag.py:2981} INFO - Setting next_dagrun for P2M3_soraya_intan_DAG to 2026-04-18T09:20:00+00:00, run_after=2026-04-18T09:30:00+00:00
[2026-04-24T15:50:59.269+0000] {processor.py:161} INFO - Processing /opt/airflow/dags/P2M3_soraya_intan_DAG.py took 0.816 seconds
[2026-04-24T16:00:34.979+0000] {processor.py:153} INFO - Started process (PID=70) to work on /opt/airflow/dags/P2M3_soraya_intan_DAG.py
[2026-04-24T16:00:34.987+0000] {processor.py:640} INFO - Processing file /opt/airflow/dags/P2M3_soraya_intan_DAG.py for tasks to queue
[2026-04-24T16:00:35.350+0000] {logging_mixin.py:115} INFO - [2026-04-24T16:00:35.350+0000] {dagbag.py:508} INFO - Filling up the DagBag from /opt/airflow/dags/P2M3_soraya_intan_DAG.py
[2026-04-24T16:00:36.881+0000] {processor.py:650} INFO - DAG(s) dict_keys(['P2M3_soraya_intan_DAG']) retrieved from /opt/airflow/dags/P2M3_soraya_intan_DAG.py
[2026-04-24T16:00:37.021+0000] {logging_mixin.py:115} INFO - [2026-04-24T16:00:37.020+0000] {dag.py:2429} INFO - Sync 1 DAGs
[2026-04-24T16:00:37.103+0000] {logging_mixin.py:115} INFO - [2026-04-24T16:00:37.103+0000] {dag.py:2981} INFO - Setting next_dagrun for P2M3_soraya_intan_DAG to 2026-04-18T09:20:00+00:00, run_after=2026-04-18T09:30:00+00:00
[2026-04-24T16:00:37.136+0000] {processor.py:161} INFO - Processing /opt/airflow/dags/P2M3_soraya_intan_DAG.py took 2.174 seconds
[2026-04-24T16:01:07.276+0000] {processor.py:153} INFO - Started process (PID=72) to work on /opt/airflow/dags/P2M3_soraya_intan_DAG.py
[2026-04-24T16:01:07.279+0000] {processor.py:640} INFO - Processing file /opt/airflow/dags/P2M3_soraya_intan_DAG.py for tasks to queue
[2026-04-24T16:01:07.283+0000] {logging_mixin.py:115} INFO - [2026-04-24T16:01:07.283+0000] {dagbag.py:508} INFO - Filling up the DagBag from /opt/airflow/dags/P2M3_soraya_intan_DAG.py
[2026-04-24T16:01:07.655+0000] {processor.py:650} INFO - DAG(s) dict_keys(['P2M3_soraya_intan_DAG']) retrieved from /opt/airflow/dags/P2M3_soraya_intan_DAG.py
[2026-04-24T16:01:07.693+0000] {logging_mixin.py:115} INFO - [2026-04-24T16:01:07.692+0000] {dag.py:2429} INFO - Sync 1 DAGs
[2026-04-24T16:01:07.726+0000] {logging_mixin.py:115} INFO - [2026-04-24T16:01:07.726+0000] {dag.py:2981} INFO - Setting next_dagrun for P2M3_soraya_intan_DAG to 2026-04-18T09:20:00+00:00, run_after=2026-04-18T09:30:00+00:00
[2026-04-24T16:01:07.747+0000] {processor.py:161} INFO - Processing /opt/airflow/dags/P2M3_soraya_intan_DAG.py took 0.476 seconds
[2026-04-24T16:10:36.457+0000] {processor.py:153} INFO - Started process (PID=74) to work on /opt/airflow/dags/P2M3_soraya_intan_DAG.py
[2026-04-24T16:10:36.464+0000] {processor.py:640} INFO - Processing file /opt/airflow/dags/P2M3_soraya_intan_DAG.py for tasks to queue
[2026-04-24T16:10:36.467+0000] {logging_mixin.py:115} INFO - [2026-04-24T16:10:36.467+0000] {dagbag.py:508} INFO - Filling up the DagBag from /opt/airflow/dags/P2M3_soraya_intan_DAG.py
[2026-04-24T16:10:37.394+0000] {processor.py:650} INFO - DAG(s) dict_keys(['P2M3_soraya_intan_DAG']) retrieved from /opt/airflow/dags/P2M3_soraya_intan_DAG.py
[2026-04-24T16:10:37.458+0000] {logging_mixin.py:115} INFO - [2026-04-24T16:10:37.456+0000] {dag.py:2429} INFO - Sync 1 DAGs
[2026-04-24T16:10:37.499+0000] {logging_mixin.py:115} INFO - [2026-04-24T16:10:37.498+0000] {dag.py:2981} INFO - Setting next_dagrun for P2M3_soraya_intan_DAG to 2026-04-18T09:20:00+00:00, run_after=2026-04-18T09:30:00+00:00
[2026-04-24T16:10:37.522+0000] {processor.py:161} INFO - Processing /opt/airflow/dags/P2M3_soraya_intan_DAG.py took 1.085 seconds
[2026-04-24T16:11:07.914+0000] {processor.py:153} INFO - Started process (PID=76) to work on /opt/airflow/dags/P2M3_soraya_intan_DAG.py
[2026-04-24T16:11:07.917+0000] {processor.py:640} INFO - Processing file /opt/airflow/dags/P2M3_soraya_intan_DAG.py for tasks to queue
[2026-04-24T16:11:07.920+0000] {logging_mixin.py:115} INFO - [2026-04-24T16:11:07.920+0000] {dagbag.py:508} INFO - Filling up the DagBag from /opt/airflow/dags/P2M3_soraya_intan_DAG.py
[2026-04-24T16:11:08.304+0000] {processor.py:650} INFO - DAG(s) dict_keys(['P2M3_soraya_intan_DAG']) retrieved from /opt/airflow/dags/P2M3_soraya_intan_DAG.py
[2026-04-24T16:11:08.350+0000] {logging_mixin.py:115} INFO - [2026-04-24T16:11:08.348+0000] {dag.py:2429} INFO - Sync 1 DAGs
[2026-04-24T16:11:08.390+0000] {logging_mixin.py:115} INFO - [2026-04-24T16:11:08.390+0000] {dag.py:2981} INFO - Setting next_dagrun for P2M3_soraya_intan_DAG to 2026-04-18T09:20:00+00:00, run_after=2026-04-18T09:30:00+00:00
[2026-04-24T16:11:08.415+0000] {processor.py:161} INFO - Processing /opt/airflow/dags/P2M3_soraya_intan_DAG.py took 0.508 seconds
[2026-04-24T16:24:56.710+0000] {processor.py:153} INFO - Started process (PID=79) to work on /opt/airflow/dags/P2M3_soraya_intan_DAG.py
[2026-04-24T16:24:56.981+0000] {processor.py:640} INFO - Processing file /opt/airflow/dags/P2M3_soraya_intan_DAG.py for tasks to queue
[2026-04-24T16:24:57.000+0000] {logging_mixin.py:115} INFO - [2026-04-24T16:24:57.000+0000] {dagbag.py:508} INFO - Filling up the DagBag from /opt/airflow/dags/P2M3_soraya_intan_DAG.py
[2026-04-24T16:24:57.487+0000] {processor.py:650} INFO - DAG(s) dict_keys(['P2M3_soraya_intan_DAG']) retrieved from /opt/airflow/dags/P2M3_soraya_intan_DAG.py
[2026-04-24T16:24:57.546+0000] {logging_mixin.py:115} INFO - [2026-04-24T16:24:57.545+0000] {dag.py:2429} INFO - Sync 1 DAGs
[2026-04-24T16:24:57.579+0000] {logging_mixin.py:115} INFO - [2026-04-24T16:24:57.579+0000] {dag.py:2981} INFO - Setting next_dagrun for P2M3_soraya_intan_DAG to 2026-04-18T09:20:00+00:00, run_after=2026-04-18T09:30:00+00:00
[2026-04-24T16:24:57.600+0000] {processor.py:161} INFO - Processing /opt/airflow/dags/P2M3_soraya_intan_DAG.py took 0.904 seconds
[2026-04-24T16:25:27.769+0000] {processor.py:153} INFO - Started process (PID=82) to work on /opt/airflow/dags/P2M3_soraya_intan_DAG.py
[2026-04-24T16:25:27.773+0000] {processor.py:640} INFO - Processing file /opt/airflow/dags/P2M3_soraya_intan_DAG.py for tasks to queue
[2026-04-24T16:25:27.776+0000] {logging_mixin.py:115} INFO - [2026-04-24T16:25:27.776+0000] {dagbag.py:508} INFO - Filling up the DagBag from /opt/airflow/dags/P2M3_soraya_intan_DAG.py
[2026-04-24T16:25:28.188+0000] {processor.py:650} INFO - DAG(s) dict_keys(['P2M3_soraya_intan_DAG']) retrieved from /opt/airflow/dags/P2M3_soraya_intan_DAG.py
[2026-04-24T16:25:28.227+0000] {logging_mixin.py:115} INFO - [2026-04-24T16:25:28.226+0000] {dag.py:2429} INFO - Sync 1 DAGs
[2026-04-24T16:25:28.259+0000] {logging_mixin.py:115} INFO - [2026-04-24T16:25:28.259+0000] {dag.py:2981} INFO - Setting next_dagrun for P2M3_soraya_intan_DAG to 2026-04-18T09:20:00+00:00, run_after=2026-04-18T09:30:00+00:00
[2026-04-24T16:25:28.279+0000] {processor.py:161} INFO - Processing /opt/airflow/dags/P2M3_soraya_intan_DAG.py took 0.520 seconds
[2026-04-24T17:21:28.727+0000] {processor.py:153} INFO - Started process (PID=84) to work on /opt/airflow/dags/P2M3_soraya_intan_DAG.py
[2026-04-24T17:21:28.758+0000] {processor.py:640} INFO - Processing file /opt/airflow/dags/P2M3_soraya_intan_DAG.py for tasks to queue
[2026-04-24T17:21:28.786+0000] {logging_mixin.py:115} INFO - [2026-04-24T17:21:28.786+0000] {dagbag.py:508} INFO - Filling up the DagBag from /opt/airflow/dags/P2M3_soraya_intan_DAG.py
[2026-04-24T17:21:29.832+0000] {processor.py:650} INFO - DAG(s) dict_keys(['P2M3_soraya_intan_DAG']) retrieved from /opt/airflow/dags/P2M3_soraya_intan_DAG.py
[2026-04-24T17:21:29.975+0000] {logging_mixin.py:115} INFO - [2026-04-24T17:21:29.963+0000] {dag.py:2429} INFO - Sync 1 DAGs
[2026-04-24T17:21:30.106+0000] {logging_mixin.py:115} INFO - [2026-04-24T17:21:30.105+0000] {dag.py:2981} INFO - Setting next_dagrun for P2M3_soraya_intan_DAG to 2026-04-18T09:20:00+00:00, run_after=2026-04-18T09:30:00+00:00
[2026-04-24T17:21:30.158+0000] {processor.py:161} INFO - Processing /opt/airflow/dags/P2M3_soraya_intan_DAG.py took 1.501 seconds
