[2026-04-25T06:58:48.537+0000] {taskinstance.py:1171} INFO - Dependencies all met for <TaskInstance: P2M3_soraya_intan_DAG.fetch_from_postgresql scheduled__2026-04-18T09:20:00+00:00 [queued]>
[2026-04-25T06:58:48.569+0000] {taskinstance.py:1171} INFO - Dependencies all met for <TaskInstance: P2M3_soraya_intan_DAG.fetch_from_postgresql scheduled__2026-04-18T09:20:00+00:00 [queued]>
[2026-04-25T06:58:48.571+0000] {taskinstance.py:1368} INFO - 
--------------------------------------------------------------------------------
[2026-04-25T06:58:48.573+0000] {taskinstance.py:1369} INFO - Starting attempt 1 of 2
[2026-04-25T06:58:48.576+0000] {taskinstance.py:1370} INFO - 
--------------------------------------------------------------------------------
[2026-04-25T06:58:48.605+0000] {taskinstance.py:1389} INFO - Executing <Task(PythonOperator): fetch_from_postgresql> on 2026-04-18 09:20:00+00:00
[2026-04-25T06:58:48.616+0000] {standard_task_runner.py:52} INFO - Started process 621 to run task
[2026-04-25T06:58:48.625+0000] {standard_task_runner.py:79} INFO - Running: ['***', 'tasks', 'run', 'P2M3_soraya_intan_DAG', 'fetch_from_postgresql', 'scheduled__2026-04-18T09:20:00+00:00', '--job-id', '2', '--raw', '--subdir', 'DAGS_FOLDER/P2M3_soraya_intan_DAG.py', '--cfg-path', '/tmp/tmppenr72uy', '--error-file', '/tmp/tmpgj_wuga0']
[2026-04-25T06:58:48.629+0000] {standard_task_runner.py:80} INFO - Job 2: Subtask fetch_from_postgresql
[2026-04-25T06:58:48.866+0000] {task_command.py:371} INFO - Running <TaskInstance: P2M3_soraya_intan_DAG.fetch_from_postgresql scheduled__2026-04-18T09:20:00+00:00 [running]> on host efcd43bacc72
[2026-04-25T06:58:49.069+0000] {taskinstance.py:1583} INFO - Exporting the following env vars:
AIRFLOW_CTX_DAG_OWNER=soraya_intan
AIRFLOW_CTX_DAG_ID=P2M3_soraya_intan_DAG
AIRFLOW_CTX_TASK_ID=fetch_from_postgresql
AIRFLOW_CTX_EXECUTION_DATE=2026-04-18T09:20:00+00:00
AIRFLOW_CTX_TRY_NUMBER=1
AIRFLOW_CTX_DAG_RUN_ID=scheduled__2026-04-18T09:20:00+00:00
[2026-04-25T06:58:49.082+0000] {taskinstance.py:1902} ERROR - Task failed with exception
Traceback (most recent call last):
  File "/home/airflow/.local/lib/python3.7/site-packages/airflow/operators/python.py", line 171, in execute
    return_value = self.execute_callable()
  File "/home/airflow/.local/lib/python3.7/site-packages/airflow/operators/python.py", line 189, in execute_callable
    return self.python_callable(*self.op_args, **self.op_kwargs)
  File "/opt/airflow/dags/P2M3_soraya_intan_DAG.py", line 36, in fetch_from_postgresql
    port=5432
  File "/home/airflow/.local/lib/python3.7/site-packages/psycopg2/__init__.py", line 122, in connect
    conn = _connect(dsn, connection_factory=connection_factory, **kwasync)
psycopg2.OperationalError: connection to server at "postgres_m3" (172.27.0.3), port 5432 failed: FATAL:  database "db_m3" does not exist

[2026-04-25T06:58:49.111+0000] {taskinstance.py:1412} INFO - Marking task as UP_FOR_RETRY. dag_id=P2M3_soraya_intan_DAG, task_id=fetch_from_postgresql, execution_date=20260418T092000, start_date=20260425T065848, end_date=20260425T065849
[2026-04-25T06:58:49.139+0000] {standard_task_runner.py:97} ERROR - Failed to execute job 2 for task fetch_from_postgresql (connection to server at "postgres_m3" (172.27.0.3), port 5432 failed: FATAL:  database "db_m3" does not exist
; 621)
[2026-04-25T06:58:49.166+0000] {local_task_job.py:156} INFO - Task exited with return code 1
[2026-04-25T06:58:49.256+0000] {local_task_job.py:279} INFO - 0 downstream tasks scheduled from follow-on schedule check
[2026-04-25T08:34:52.609+0000] {taskinstance.py:1171} INFO - Dependencies all met for <TaskInstance: P2M3_soraya_intan_DAG.fetch_from_postgresql scheduled__2026-04-18T09:20:00+00:00 [queued]>
[2026-04-25T08:34:52.630+0000] {taskinstance.py:1171} INFO - Dependencies all met for <TaskInstance: P2M3_soraya_intan_DAG.fetch_from_postgresql scheduled__2026-04-18T09:20:00+00:00 [queued]>
[2026-04-25T08:34:52.632+0000] {taskinstance.py:1368} INFO - 
--------------------------------------------------------------------------------
[2026-04-25T08:34:52.634+0000] {taskinstance.py:1369} INFO - Starting attempt 1 of 2
[2026-04-25T08:34:52.638+0000] {taskinstance.py:1370} INFO - 
--------------------------------------------------------------------------------
[2026-04-25T08:34:52.662+0000] {taskinstance.py:1389} INFO - Executing <Task(PythonOperator): fetch_from_postgresql> on 2026-04-18 09:20:00+00:00
[2026-04-25T08:34:52.669+0000] {standard_task_runner.py:52} INFO - Started process 38 to run task
[2026-04-25T08:34:52.677+0000] {standard_task_runner.py:79} INFO - Running: ['***', 'tasks', 'run', 'P2M3_soraya_intan_DAG', 'fetch_from_postgresql', 'scheduled__2026-04-18T09:20:00+00:00', '--job-id', '2', '--raw', '--subdir', 'DAGS_FOLDER/P2M3_soraya_intan_DAG.py', '--cfg-path', '/tmp/tmpkn_lztkq', '--error-file', '/tmp/tmpgpfiwq9l']
[2026-04-25T08:34:52.680+0000] {standard_task_runner.py:80} INFO - Job 2: Subtask fetch_from_postgresql
[2026-04-25T08:34:52.813+0000] {task_command.py:371} INFO - Running <TaskInstance: P2M3_soraya_intan_DAG.fetch_from_postgresql scheduled__2026-04-18T09:20:00+00:00 [running]> on host f8f4dc7a8fb4
[2026-04-25T08:34:52.942+0000] {taskinstance.py:1583} INFO - Exporting the following env vars:
AIRFLOW_CTX_DAG_OWNER=soraya_intan
AIRFLOW_CTX_DAG_ID=P2M3_soraya_intan_DAG
AIRFLOW_CTX_TASK_ID=fetch_from_postgresql
AIRFLOW_CTX_EXECUTION_DATE=2026-04-18T09:20:00+00:00
AIRFLOW_CTX_TRY_NUMBER=1
AIRFLOW_CTX_DAG_RUN_ID=scheduled__2026-04-18T09:20:00+00:00
[2026-04-25T08:34:52.956+0000] {taskinstance.py:1902} ERROR - Task failed with exception
Traceback (most recent call last):
  File "/home/airflow/.local/lib/python3.7/site-packages/airflow/operators/python.py", line 171, in execute
    return_value = self.execute_callable()
  File "/home/airflow/.local/lib/python3.7/site-packages/airflow/operators/python.py", line 189, in execute_callable
    return self.python_callable(*self.op_args, **self.op_kwargs)
  File "/opt/airflow/dags/P2M3_soraya_intan_DAG.py", line 36, in fetch_from_postgresql
    port=5432
  File "/home/airflow/.local/lib/python3.7/site-packages/psycopg2/__init__.py", line 122, in connect
    conn = _connect(dsn, connection_factory=connection_factory, **kwasync)
psycopg2.OperationalError: connection to server at "postgres_m3" (172.20.0.2), port 5432 failed: FATAL:  database "db_m3" does not exist

[2026-04-25T08:34:52.982+0000] {taskinstance.py:1412} INFO - Marking task as UP_FOR_RETRY. dag_id=P2M3_soraya_intan_DAG, task_id=fetch_from_postgresql, execution_date=20260418T092000, start_date=20260425T083452, end_date=20260425T083452
[2026-04-25T08:34:53.006+0000] {standard_task_runner.py:97} ERROR - Failed to execute job 2 for task fetch_from_postgresql (connection to server at "postgres_m3" (172.20.0.2), port 5432 failed: FATAL:  database "db_m3" does not exist
; 38)
[2026-04-25T08:34:53.026+0000] {local_task_job.py:156} INFO - Task exited with return code 1
[2026-04-25T08:34:53.148+0000] {local_task_job.py:279} INFO - 0 downstream tasks scheduled from follow-on schedule check
