[2026-04-25T06:59:52.429+0000] {taskinstance.py:1171} INFO - Dependencies all met for <TaskInstance: P2M3_soraya_intan_DAG.fetch_from_postgresql scheduled__2026-04-18T09:20:00+00:00 [queued]>
[2026-04-25T06:59:52.449+0000] {taskinstance.py:1171} INFO - Dependencies all met for <TaskInstance: P2M3_soraya_intan_DAG.fetch_from_postgresql scheduled__2026-04-18T09:20:00+00:00 [queued]>
[2026-04-25T06:59:52.450+0000] {taskinstance.py:1368} INFO - 
--------------------------------------------------------------------------------
[2026-04-25T06:59:52.452+0000] {taskinstance.py:1369} INFO - Starting attempt 2 of 2
[2026-04-25T06:59:52.454+0000] {taskinstance.py:1370} INFO - 
--------------------------------------------------------------------------------
[2026-04-25T06:59:52.481+0000] {taskinstance.py:1389} INFO - Executing <Task(PythonOperator): fetch_from_postgresql> on 2026-04-18 09:20:00+00:00
[2026-04-25T06:59:52.491+0000] {standard_task_runner.py:52} INFO - Started process 637 to run task
[2026-04-25T06:59:52.499+0000] {standard_task_runner.py:79} INFO - Running: ['***', 'tasks', 'run', 'P2M3_soraya_intan_DAG', 'fetch_from_postgresql', 'scheduled__2026-04-18T09:20:00+00:00', '--job-id', '4', '--raw', '--subdir', 'DAGS_FOLDER/P2M3_soraya_intan_DAG.py', '--cfg-path', '/tmp/tmpev85g1rw', '--error-file', '/tmp/tmp8amq4j9y']
[2026-04-25T06:59:52.502+0000] {standard_task_runner.py:80} INFO - Job 4: Subtask fetch_from_postgresql
[2026-04-25T06:59:52.616+0000] {task_command.py:371} INFO - Running <TaskInstance: P2M3_soraya_intan_DAG.fetch_from_postgresql scheduled__2026-04-18T09:20:00+00:00 [running]> on host efcd43bacc72
[2026-04-25T06:59:52.737+0000] {taskinstance.py:1583} INFO - Exporting the following env vars:
AIRFLOW_CTX_DAG_OWNER=soraya_intan
AIRFLOW_CTX_DAG_ID=P2M3_soraya_intan_DAG
AIRFLOW_CTX_TASK_ID=fetch_from_postgresql
AIRFLOW_CTX_EXECUTION_DATE=2026-04-18T09:20:00+00:00
AIRFLOW_CTX_TRY_NUMBER=2
AIRFLOW_CTX_DAG_RUN_ID=scheduled__2026-04-18T09:20:00+00:00
[2026-04-25T06:59:52.749+0000] {taskinstance.py:1902} ERROR - Task failed with exception
Traceback (most recent call last):
  File "/home/airflow/.local/lib/python3.7/site-packages/airflow/operators/python.py", line 171, in execute
    return_value = self.execute_callable()
  File "/home/airflow/.local/lib/python3.7/site-packages/airflow/operators/python.py", line 189, in execute_callable
    return self.python_callable(*self.op_args, **self.op_kwargs)
  File "/opt/airflow/dags/P2M3_soraya_intan_DAG.py", line 36, in fetch_from_postgresql
    port=5432
  File "/home/airflow/.local/lib/python3.7/site-packages/psycopg2/__init__.py", line 122, in connect
    conn = _connect(dsn, connection_factory=connection_factory, **kwasync)
psycopg2.OperationalError: connection to server at "postgres_m3" (172.27.0.3), port 5432 failed: FATAL:  database "db_m3" does not exist

[2026-04-25T06:59:52.769+0000] {taskinstance.py:1412} INFO - Marking task as FAILED. dag_id=P2M3_soraya_intan_DAG, task_id=fetch_from_postgresql, execution_date=20260418T092000, start_date=20260425T065952, end_date=20260425T065952
[2026-04-25T06:59:52.789+0000] {standard_task_runner.py:97} ERROR - Failed to execute job 4 for task fetch_from_postgresql (connection to server at "postgres_m3" (172.27.0.3), port 5432 failed: FATAL:  database "db_m3" does not exist
; 637)
[2026-04-25T06:59:52.839+0000] {local_task_job.py:156} INFO - Task exited with return code 1
[2026-04-25T06:59:52.913+0000] {local_task_job.py:279} INFO - 0 downstream tasks scheduled from follow-on schedule check
[2026-04-25T08:35:56.730+0000] {taskinstance.py:1171} INFO - Dependencies all met for <TaskInstance: P2M3_soraya_intan_DAG.fetch_from_postgresql scheduled__2026-04-18T09:20:00+00:00 [queued]>
[2026-04-25T08:35:56.749+0000] {taskinstance.py:1171} INFO - Dependencies all met for <TaskInstance: P2M3_soraya_intan_DAG.fetch_from_postgresql scheduled__2026-04-18T09:20:00+00:00 [queued]>
[2026-04-25T08:35:56.752+0000] {taskinstance.py:1368} INFO - 
--------------------------------------------------------------------------------
[2026-04-25T08:35:56.754+0000] {taskinstance.py:1369} INFO - Starting attempt 2 of 2
[2026-04-25T08:35:56.758+0000] {taskinstance.py:1370} INFO - 
--------------------------------------------------------------------------------
[2026-04-25T08:35:56.782+0000] {taskinstance.py:1389} INFO - Executing <Task(PythonOperator): fetch_from_postgresql> on 2026-04-18 09:20:00+00:00
[2026-04-25T08:35:56.793+0000] {standard_task_runner.py:52} INFO - Started process 54 to run task
[2026-04-25T08:35:56.799+0000] {standard_task_runner.py:79} INFO - Running: ['***', 'tasks', 'run', 'P2M3_soraya_intan_DAG', 'fetch_from_postgresql', 'scheduled__2026-04-18T09:20:00+00:00', '--job-id', '4', '--raw', '--subdir', 'DAGS_FOLDER/P2M3_soraya_intan_DAG.py', '--cfg-path', '/tmp/tmpzlpki51z', '--error-file', '/tmp/tmpzrxwgezx']
[2026-04-25T08:35:56.803+0000] {standard_task_runner.py:80} INFO - Job 4: Subtask fetch_from_postgresql
[2026-04-25T08:35:56.922+0000] {task_command.py:371} INFO - Running <TaskInstance: P2M3_soraya_intan_DAG.fetch_from_postgresql scheduled__2026-04-18T09:20:00+00:00 [running]> on host f8f4dc7a8fb4
[2026-04-25T08:35:57.045+0000] {taskinstance.py:1583} INFO - Exporting the following env vars:
AIRFLOW_CTX_DAG_OWNER=soraya_intan
AIRFLOW_CTX_DAG_ID=P2M3_soraya_intan_DAG
AIRFLOW_CTX_TASK_ID=fetch_from_postgresql
AIRFLOW_CTX_EXECUTION_DATE=2026-04-18T09:20:00+00:00
AIRFLOW_CTX_TRY_NUMBER=2
AIRFLOW_CTX_DAG_RUN_ID=scheduled__2026-04-18T09:20:00+00:00
[2026-04-25T08:35:57.055+0000] {taskinstance.py:1902} ERROR - Task failed with exception
Traceback (most recent call last):
  File "/home/airflow/.local/lib/python3.7/site-packages/airflow/operators/python.py", line 171, in execute
    return_value = self.execute_callable()
  File "/home/airflow/.local/lib/python3.7/site-packages/airflow/operators/python.py", line 189, in execute_callable
    return self.python_callable(*self.op_args, **self.op_kwargs)
  File "/opt/airflow/dags/P2M3_soraya_intan_DAG.py", line 36, in fetch_from_postgresql
    port=5432
  File "/home/airflow/.local/lib/python3.7/site-packages/psycopg2/__init__.py", line 122, in connect
    conn = _connect(dsn, connection_factory=connection_factory, **kwasync)
psycopg2.OperationalError: connection to server at "postgres_m3" (172.20.0.2), port 5432 failed: FATAL:  database "db_m3" does not exist

[2026-04-25T08:35:57.086+0000] {taskinstance.py:1412} INFO - Marking task as FAILED. dag_id=P2M3_soraya_intan_DAG, task_id=fetch_from_postgresql, execution_date=20260418T092000, start_date=20260425T083556, end_date=20260425T083557
[2026-04-25T08:35:57.106+0000] {standard_task_runner.py:97} ERROR - Failed to execute job 4 for task fetch_from_postgresql (connection to server at "postgres_m3" (172.20.0.2), port 5432 failed: FATAL:  database "db_m3" does not exist
; 54)
[2026-04-25T08:35:57.136+0000] {local_task_job.py:156} INFO - Task exited with return code 1
[2026-04-25T08:35:57.203+0000] {local_task_job.py:279} INFO - 0 downstream tasks scheduled from follow-on schedule check
