[2026-04-25T06:59:45.134+0000] {taskinstance.py:1171} INFO - Dependencies all met for <TaskInstance: P2M3_soraya_intan_DAG.fetch_from_postgresql manual__2026-04-25T06:59:40.148968+00:00 [queued]>
[2026-04-25T06:59:45.152+0000] {taskinstance.py:1171} INFO - Dependencies all met for <TaskInstance: P2M3_soraya_intan_DAG.fetch_from_postgresql manual__2026-04-25T06:59:40.148968+00:00 [queued]>
[2026-04-25T06:59:45.156+0000] {taskinstance.py:1368} INFO - 
--------------------------------------------------------------------------------
[2026-04-25T06:59:45.159+0000] {taskinstance.py:1369} INFO - Starting attempt 1 of 2
[2026-04-25T06:59:45.162+0000] {taskinstance.py:1370} INFO - 
--------------------------------------------------------------------------------
[2026-04-25T06:59:45.184+0000] {taskinstance.py:1389} INFO - Executing <Task(PythonOperator): fetch_from_postgresql> on 2026-04-25 06:59:40.148968+00:00
[2026-04-25T06:59:45.194+0000] {standard_task_runner.py:52} INFO - Started process 631 to run task
[2026-04-25T06:59:45.201+0000] {standard_task_runner.py:79} INFO - Running: ['***', 'tasks', 'run', 'P2M3_soraya_intan_DAG', 'fetch_from_postgresql', 'manual__2026-04-25T06:59:40.148968+00:00', '--job-id', '3', '--raw', '--subdir', 'DAGS_FOLDER/P2M3_soraya_intan_DAG.py', '--cfg-path', '/tmp/tmp6ikc6s32', '--error-file', '/tmp/tmp4h764pav']
[2026-04-25T06:59:45.207+0000] {standard_task_runner.py:80} INFO - Job 3: Subtask fetch_from_postgresql
[2026-04-25T06:59:45.323+0000] {task_command.py:371} INFO - Running <TaskInstance: P2M3_soraya_intan_DAG.fetch_from_postgresql manual__2026-04-25T06:59:40.148968+00:00 [running]> on host efcd43bacc72
[2026-04-25T06:59:45.435+0000] {taskinstance.py:1583} INFO - Exporting the following env vars:
AIRFLOW_CTX_DAG_OWNER=soraya_intan
AIRFLOW_CTX_DAG_ID=P2M3_soraya_intan_DAG
AIRFLOW_CTX_TASK_ID=fetch_from_postgresql
AIRFLOW_CTX_EXECUTION_DATE=2026-04-25T06:59:40.148968+00:00
AIRFLOW_CTX_TRY_NUMBER=1
AIRFLOW_CTX_DAG_RUN_ID=manual__2026-04-25T06:59:40.148968+00:00
[2026-04-25T06:59:45.446+0000] {taskinstance.py:1902} ERROR - Task failed with exception
Traceback (most recent call last):
  File "/home/airflow/.local/lib/python3.7/site-packages/airflow/operators/python.py", line 171, in execute
    return_value = self.execute_callable()
  File "/home/airflow/.local/lib/python3.7/site-packages/airflow/operators/python.py", line 189, in execute_callable
    return self.python_callable(*self.op_args, **self.op_kwargs)
  File "/opt/airflow/dags/P2M3_soraya_intan_DAG.py", line 36, in fetch_from_postgresql
    port=5432
  File "/home/airflow/.local/lib/python3.7/site-packages/psycopg2/__init__.py", line 122, in connect
    conn = _connect(dsn, connection_factory=connection_factory, **kwasync)
psycopg2.OperationalError: connection to server at "postgres_m3" (172.27.0.3), port 5432 failed: FATAL:  database "db_m3" does not exist

[2026-04-25T06:59:45.468+0000] {taskinstance.py:1412} INFO - Marking task as UP_FOR_RETRY. dag_id=P2M3_soraya_intan_DAG, task_id=fetch_from_postgresql, execution_date=20260425T065940, start_date=20260425T065945, end_date=20260425T065945
[2026-04-25T06:59:45.492+0000] {standard_task_runner.py:97} ERROR - Failed to execute job 3 for task fetch_from_postgresql (connection to server at "postgres_m3" (172.27.0.3), port 5432 failed: FATAL:  database "db_m3" does not exist
; 631)
[2026-04-25T06:59:45.536+0000] {local_task_job.py:156} INFO - Task exited with return code 1
[2026-04-25T06:59:45.601+0000] {local_task_job.py:279} INFO - 0 downstream tasks scheduled from follow-on schedule check
