[2026-04-25T07:22:54.900+0000] {taskinstance.py:1171} INFO - Dependencies all met for <TaskInstance: P2M3_soraya_intan_DAG.data_cleaning manual__2026-04-25T07:22:46.100043+00:00 [queued]>
[2026-04-25T07:22:54.920+0000] {taskinstance.py:1171} INFO - Dependencies all met for <TaskInstance: P2M3_soraya_intan_DAG.data_cleaning manual__2026-04-25T07:22:46.100043+00:00 [queued]>
[2026-04-25T07:22:54.923+0000] {taskinstance.py:1368} INFO - 
--------------------------------------------------------------------------------
[2026-04-25T07:22:54.924+0000] {taskinstance.py:1369} INFO - Starting attempt 1 of 2
[2026-04-25T07:22:54.927+0000] {taskinstance.py:1370} INFO - 
--------------------------------------------------------------------------------
[2026-04-25T07:22:54.950+0000] {taskinstance.py:1389} INFO - Executing <Task(PythonOperator): data_cleaning> on 2026-04-25 07:22:46.100043+00:00
[2026-04-25T07:22:54.959+0000] {standard_task_runner.py:52} INFO - Started process 769 to run task
[2026-04-25T07:22:54.966+0000] {standard_task_runner.py:79} INFO - Running: ['***', 'tasks', 'run', 'P2M3_soraya_intan_DAG', 'data_cleaning', 'manual__2026-04-25T07:22:46.100043+00:00', '--job-id', '11', '--raw', '--subdir', 'DAGS_FOLDER/P2M3_soraya_intan_DAG.py', '--cfg-path', '/tmp/tmpdt135qhu', '--error-file', '/tmp/tmpjdrr47by']
[2026-04-25T07:22:54.970+0000] {standard_task_runner.py:80} INFO - Job 11: Subtask data_cleaning
[2026-04-25T07:22:55.081+0000] {task_command.py:371} INFO - Running <TaskInstance: P2M3_soraya_intan_DAG.data_cleaning manual__2026-04-25T07:22:46.100043+00:00 [running]> on host efcd43bacc72
[2026-04-25T07:22:55.200+0000] {taskinstance.py:1583} INFO - Exporting the following env vars:
AIRFLOW_CTX_DAG_OWNER=soraya_intan
AIRFLOW_CTX_DAG_ID=P2M3_soraya_intan_DAG
AIRFLOW_CTX_TASK_ID=data_cleaning
AIRFLOW_CTX_EXECUTION_DATE=2026-04-25T07:22:46.100043+00:00
AIRFLOW_CTX_TRY_NUMBER=1
AIRFLOW_CTX_DAG_RUN_ID=manual__2026-04-25T07:22:46.100043+00:00
[2026-04-25T07:22:55.494+0000] {python.py:173} INFO - Done. Returned value was: None
[2026-04-25T07:22:55.515+0000] {taskinstance.py:1412} INFO - Marking task as SUCCESS. dag_id=P2M3_soraya_intan_DAG, task_id=data_cleaning, execution_date=20260425T072246, start_date=20260425T072254, end_date=20260425T072255
[2026-04-25T07:22:55.586+0000] {local_task_job.py:156} INFO - Task exited with return code 0
[2026-04-25T07:22:55.647+0000] {local_task_job.py:279} INFO - 1 downstream tasks scheduled from follow-on schedule check
