[2026-04-25T08:06:51.960+0000] {taskinstance.py:1171} INFO - Dependencies all met for <TaskInstance: P2M3_soraya_intan_DAG.fetch_from_postgresql manual__2026-04-25T08:06:45.862314+00:00 [queued]>
[2026-04-25T08:06:51.979+0000] {taskinstance.py:1171} INFO - Dependencies all met for <TaskInstance: P2M3_soraya_intan_DAG.fetch_from_postgresql manual__2026-04-25T08:06:45.862314+00:00 [queued]>
[2026-04-25T08:06:51.983+0000] {taskinstance.py:1368} INFO - 
--------------------------------------------------------------------------------
[2026-04-25T08:06:51.987+0000] {taskinstance.py:1369} INFO - Starting attempt 1 of 2
[2026-04-25T08:06:51.990+0000] {taskinstance.py:1370} INFO - 
--------------------------------------------------------------------------------
[2026-04-25T08:06:52.020+0000] {taskinstance.py:1389} INFO - Executing <Task(PythonOperator): fetch_from_postgresql> on 2026-04-25 08:06:45.862314+00:00
[2026-04-25T08:06:52.031+0000] {standard_task_runner.py:52} INFO - Started process 34 to run task
[2026-04-25T08:06:52.046+0000] {standard_task_runner.py:79} INFO - Running: ['***', 'tasks', 'run', 'P2M3_soraya_intan_DAG', 'fetch_from_postgresql', 'manual__2026-04-25T08:06:45.862314+00:00', '--job-id', '26', '--raw', '--subdir', 'DAGS_FOLDER/P2M3_soraya_intan_DAG.py', '--cfg-path', '/tmp/tmphp8c99m2', '--error-file', '/tmp/tmpx9g2opa9']
[2026-04-25T08:06:52.051+0000] {standard_task_runner.py:80} INFO - Job 26: Subtask fetch_from_postgresql
[2026-04-25T08:06:52.286+0000] {task_command.py:371} INFO - Running <TaskInstance: P2M3_soraya_intan_DAG.fetch_from_postgresql manual__2026-04-25T08:06:45.862314+00:00 [running]> on host efcd43bacc72
[2026-04-25T08:06:52.457+0000] {taskinstance.py:1583} INFO - Exporting the following env vars:
AIRFLOW_CTX_DAG_OWNER=soraya_intan
AIRFLOW_CTX_DAG_ID=P2M3_soraya_intan_DAG
AIRFLOW_CTX_TASK_ID=fetch_from_postgresql
AIRFLOW_CTX_EXECUTION_DATE=2026-04-25T08:06:45.862314+00:00
AIRFLOW_CTX_TRY_NUMBER=1
AIRFLOW_CTX_DAG_RUN_ID=manual__2026-04-25T08:06:45.862314+00:00
[2026-04-25T08:06:52.914+0000] {python.py:173} INFO - Done. Returned value was: None
[2026-04-25T08:06:52.939+0000] {taskinstance.py:1412} INFO - Marking task as SUCCESS. dag_id=P2M3_soraya_intan_DAG, task_id=fetch_from_postgresql, execution_date=20260425T080645, start_date=20260425T080651, end_date=20260425T080652
[2026-04-25T08:06:53.024+0000] {local_task_job.py:156} INFO - Task exited with return code 0
[2026-04-25T08:06:53.095+0000] {local_task_job.py:279} INFO - 1 downstream tasks scheduled from follow-on schedule check
