[2026-04-25T08:44:31.726+0000] {taskinstance.py:1171} INFO - Dependencies all met for <TaskInstance: P2M3_soraya_intan_DAG.fetch_from_postgresql manual__2026-04-25T08:44:26.980274+00:00 [queued]>
[2026-04-25T08:44:31.745+0000] {taskinstance.py:1171} INFO - Dependencies all met for <TaskInstance: P2M3_soraya_intan_DAG.fetch_from_postgresql manual__2026-04-25T08:44:26.980274+00:00 [queued]>
[2026-04-25T08:44:31.747+0000] {taskinstance.py:1368} INFO - 
--------------------------------------------------------------------------------
[2026-04-25T08:44:31.750+0000] {taskinstance.py:1369} INFO - Starting attempt 1 of 2
[2026-04-25T08:44:31.752+0000] {taskinstance.py:1370} INFO - 
--------------------------------------------------------------------------------
[2026-04-25T08:44:31.778+0000] {taskinstance.py:1389} INFO - Executing <Task(PythonOperator): fetch_from_postgresql> on 2026-04-25 08:44:26.980274+00:00
[2026-04-25T08:44:31.788+0000] {standard_task_runner.py:52} INFO - Started process 98 to run task
[2026-04-25T08:44:31.796+0000] {standard_task_runner.py:79} INFO - Running: ['***', 'tasks', 'run', 'P2M3_soraya_intan_DAG', 'fetch_from_postgresql', 'manual__2026-04-25T08:44:26.980274+00:00', '--job-id', '6', '--raw', '--subdir', 'DAGS_FOLDER/P2M3_soraya_intan_DAG.py', '--cfg-path', '/tmp/tmps4yh19md', '--error-file', '/tmp/tmpo1v7dm_h']
[2026-04-25T08:44:31.800+0000] {standard_task_runner.py:80} INFO - Job 6: Subtask fetch_from_postgresql
[2026-04-25T08:44:31.914+0000] {task_command.py:371} INFO - Running <TaskInstance: P2M3_soraya_intan_DAG.fetch_from_postgresql manual__2026-04-25T08:44:26.980274+00:00 [running]> on host f8f4dc7a8fb4
[2026-04-25T08:44:32.082+0000] {taskinstance.py:1583} INFO - Exporting the following env vars:
AIRFLOW_CTX_DAG_OWNER=soraya_intan
AIRFLOW_CTX_DAG_ID=P2M3_soraya_intan_DAG
AIRFLOW_CTX_TASK_ID=fetch_from_postgresql
AIRFLOW_CTX_EXECUTION_DATE=2026-04-25T08:44:26.980274+00:00
AIRFLOW_CTX_TRY_NUMBER=1
AIRFLOW_CTX_DAG_RUN_ID=manual__2026-04-25T08:44:26.980274+00:00
[2026-04-25T08:44:32.504+0000] {python.py:173} INFO - Done. Returned value was: None
[2026-04-25T08:44:32.533+0000] {taskinstance.py:1412} INFO - Marking task as SUCCESS. dag_id=P2M3_soraya_intan_DAG, task_id=fetch_from_postgresql, execution_date=20260425T084426, start_date=20260425T084431, end_date=20260425T084432
[2026-04-25T08:44:32.576+0000] {local_task_job.py:156} INFO - Task exited with return code 0
[2026-04-25T08:44:32.651+0000] {local_task_job.py:279} INFO - 1 downstream tasks scheduled from follow-on schedule check
