[2026-04-25T07:30:49.765+0000] {taskinstance.py:1171} INFO - Dependencies all met for <TaskInstance: P2M3_soraya_intan_DAG.fetch_from_postgresql manual__2026-04-25T07:30:44.247354+00:00 [queued]>
[2026-04-25T07:30:49.783+0000] {taskinstance.py:1171} INFO - Dependencies all met for <TaskInstance: P2M3_soraya_intan_DAG.fetch_from_postgresql manual__2026-04-25T07:30:44.247354+00:00 [queued]>
[2026-04-25T07:30:49.788+0000] {taskinstance.py:1368} INFO - 
--------------------------------------------------------------------------------
[2026-04-25T07:30:49.795+0000] {taskinstance.py:1369} INFO - Starting attempt 1 of 2
[2026-04-25T07:30:49.797+0000] {taskinstance.py:1370} INFO - 
--------------------------------------------------------------------------------
[2026-04-25T07:30:49.825+0000] {taskinstance.py:1389} INFO - Executing <Task(PythonOperator): fetch_from_postgresql> on 2026-04-25 07:30:44.247354+00:00
[2026-04-25T07:30:49.832+0000] {standard_task_runner.py:52} INFO - Started process 34 to run task
[2026-04-25T07:30:49.841+0000] {standard_task_runner.py:79} INFO - Running: ['***', 'tasks', 'run', 'P2M3_soraya_intan_DAG', 'fetch_from_postgresql', 'manual__2026-04-25T07:30:44.247354+00:00', '--job-id', '15', '--raw', '--subdir', 'DAGS_FOLDER/P2M3_soraya_intan_DAG.py', '--cfg-path', '/tmp/tmpxrlbo4ah', '--error-file', '/tmp/tmpkj8qweb1']
[2026-04-25T07:30:49.849+0000] {standard_task_runner.py:80} INFO - Job 15: Subtask fetch_from_postgresql
[2026-04-25T07:30:50.065+0000] {task_command.py:371} INFO - Running <TaskInstance: P2M3_soraya_intan_DAG.fetch_from_postgresql manual__2026-04-25T07:30:44.247354+00:00 [running]> on host efcd43bacc72
[2026-04-25T07:30:50.211+0000] {taskinstance.py:1583} INFO - Exporting the following env vars:
AIRFLOW_CTX_DAG_OWNER=soraya_intan
AIRFLOW_CTX_DAG_ID=P2M3_soraya_intan_DAG
AIRFLOW_CTX_TASK_ID=fetch_from_postgresql
AIRFLOW_CTX_EXECUTION_DATE=2026-04-25T07:30:44.247354+00:00
AIRFLOW_CTX_TRY_NUMBER=1
AIRFLOW_CTX_DAG_RUN_ID=manual__2026-04-25T07:30:44.247354+00:00
[2026-04-25T07:30:50.740+0000] {python.py:173} INFO - Done. Returned value was: None
[2026-04-25T07:30:50.778+0000] {taskinstance.py:1412} INFO - Marking task as SUCCESS. dag_id=P2M3_soraya_intan_DAG, task_id=fetch_from_postgresql, execution_date=20260425T073044, start_date=20260425T073049, end_date=20260425T073050
[2026-04-25T07:30:50.840+0000] {local_task_job.py:156} INFO - Task exited with return code 0
[2026-04-25T07:30:50.907+0000] {local_task_job.py:279} INFO - 1 downstream tasks scheduled from follow-on schedule check
