[2026-04-27T11:19:35.143+0000] {processor.py:153} INFO - Started process (PID=25) to work on /opt/airflow/dags/P2M3_soraya_intan_DAG.py
[2026-04-27T11:19:35.195+0000] {processor.py:640} INFO - Processing file /opt/airflow/dags/P2M3_soraya_intan_DAG.py for tasks to queue
[2026-04-27T11:19:35.207+0000] {logging_mixin.py:115} INFO - [2026-04-27T11:19:35.202+0000] {dagbag.py:508} INFO - Filling up the DagBag from /opt/airflow/dags/P2M3_soraya_intan_DAG.py
[2026-04-27T11:19:43.195+0000] {processor.py:650} INFO - DAG(s) dict_keys(['P2M3_soraya_intan_DAG']) retrieved from /opt/airflow/dags/P2M3_soraya_intan_DAG.py
[2026-04-27T11:19:43.281+0000] {logging_mixin.py:115} INFO - [2026-04-27T11:19:43.277+0000] {dag.py:2429} INFO - Sync 1 DAGs
[2026-04-27T11:19:43.654+0000] {logging_mixin.py:115} INFO - [2026-04-27T11:19:43.654+0000] {dag.py:2981} INFO - Setting next_dagrun for P2M3_soraya_intan_DAG to 2026-04-25T09:30:00+00:00, run_after=2026-05-02T09:10:00+00:00
[2026-04-27T11:19:43.730+0000] {processor.py:161} INFO - Processing /opt/airflow/dags/P2M3_soraya_intan_DAG.py took 8.740 seconds
[2026-04-27T11:20:14.445+0000] {processor.py:153} INFO - Started process (PID=27) to work on /opt/airflow/dags/P2M3_soraya_intan_DAG.py
[2026-04-27T11:20:14.582+0000] {processor.py:640} INFO - Processing file /opt/airflow/dags/P2M3_soraya_intan_DAG.py for tasks to queue
[2026-04-27T11:20:14.636+0000] {logging_mixin.py:115} INFO - [2026-04-27T11:20:14.636+0000] {dagbag.py:508} INFO - Filling up the DagBag from /opt/airflow/dags/P2M3_soraya_intan_DAG.py
[2026-04-27T11:20:27.743+0000] {processor.py:650} INFO - DAG(s) dict_keys(['P2M3_soraya_intan_DAG']) retrieved from /opt/airflow/dags/P2M3_soraya_intan_DAG.py
[2026-04-27T11:20:28.185+0000] {logging_mixin.py:115} INFO - [2026-04-27T11:20:28.141+0000] {dag.py:2429} INFO - Sync 1 DAGs
[2026-04-27T11:20:29.607+0000] {logging_mixin.py:115} INFO - [2026-04-27T11:20:29.606+0000] {dag.py:2981} INFO - Setting next_dagrun for P2M3_soraya_intan_DAG to 2026-04-25T09:30:00+00:00, run_after=2026-05-02T09:10:00+00:00
[2026-04-27T11:20:30.454+0000] {processor.py:161} INFO - Processing /opt/airflow/dags/P2M3_soraya_intan_DAG.py took 16.097 seconds
[2026-04-27T11:21:02.486+0000] {processor.py:153} INFO - Started process (PID=29) to work on /opt/airflow/dags/P2M3_soraya_intan_DAG.py
[2026-04-27T11:21:02.508+0000] {processor.py:640} INFO - Processing file /opt/airflow/dags/P2M3_soraya_intan_DAG.py for tasks to queue
[2026-04-27T11:21:02.575+0000] {logging_mixin.py:115} INFO - [2026-04-27T11:21:02.557+0000] {dagbag.py:508} INFO - Filling up the DagBag from /opt/airflow/dags/P2M3_soraya_intan_DAG.py
[2026-04-27T11:21:20.975+0000] {processor.py:650} INFO - DAG(s) dict_keys(['P2M3_soraya_intan_DAG']) retrieved from /opt/airflow/dags/P2M3_soraya_intan_DAG.py
[2026-04-27T11:21:21.303+0000] {logging_mixin.py:115} INFO - [2026-04-27T11:21:21.289+0000] {dag.py:2429} INFO - Sync 1 DAGs
[2026-04-27T11:21:21.755+0000] {logging_mixin.py:115} INFO - [2026-04-27T11:21:21.754+0000] {dag.py:2981} INFO - Setting next_dagrun for P2M3_soraya_intan_DAG to 2026-04-25T09:30:00+00:00, run_after=2026-05-02T09:10:00+00:00
[2026-04-27T11:21:22.019+0000] {processor.py:161} INFO - Processing /opt/airflow/dags/P2M3_soraya_intan_DAG.py took 19.608 seconds
[2026-04-27T11:21:54.750+0000] {processor.py:153} INFO - Started process (PID=31) to work on /opt/airflow/dags/P2M3_soraya_intan_DAG.py
[2026-04-27T11:21:54.786+0000] {processor.py:640} INFO - Processing file /opt/airflow/dags/P2M3_soraya_intan_DAG.py for tasks to queue
[2026-04-27T11:21:54.820+0000] {logging_mixin.py:115} INFO - [2026-04-27T11:21:54.814+0000] {dagbag.py:508} INFO - Filling up the DagBag from /opt/airflow/dags/P2M3_soraya_intan_DAG.py
[2026-04-27T11:22:04.148+0000] {processor.py:650} INFO - DAG(s) dict_keys(['P2M3_soraya_intan_DAG']) retrieved from /opt/airflow/dags/P2M3_soraya_intan_DAG.py
[2026-04-27T11:22:04.901+0000] {logging_mixin.py:115} INFO - [2026-04-27T11:22:04.900+0000] {dag.py:2429} INFO - Sync 1 DAGs
[2026-04-27T11:22:05.402+0000] {logging_mixin.py:115} INFO - [2026-04-27T11:22:05.402+0000] {dag.py:2981} INFO - Setting next_dagrun for P2M3_soraya_intan_DAG to 2026-04-25T09:30:00+00:00, run_after=2026-05-02T09:10:00+00:00
[2026-04-27T11:22:05.480+0000] {processor.py:161} INFO - Processing /opt/airflow/dags/P2M3_soraya_intan_DAG.py took 10.878 seconds
[2026-04-27T11:22:36.099+0000] {processor.py:153} INFO - Started process (PID=33) to work on /opt/airflow/dags/P2M3_soraya_intan_DAG.py
[2026-04-27T11:22:36.103+0000] {processor.py:640} INFO - Processing file /opt/airflow/dags/P2M3_soraya_intan_DAG.py for tasks to queue
[2026-04-27T11:22:36.110+0000] {logging_mixin.py:115} INFO - [2026-04-27T11:22:36.109+0000] {dagbag.py:508} INFO - Filling up the DagBag from /opt/airflow/dags/P2M3_soraya_intan_DAG.py
[2026-04-27T11:22:39.629+0000] {processor.py:650} INFO - DAG(s) dict_keys(['P2M3_soraya_intan_DAG']) retrieved from /opt/airflow/dags/P2M3_soraya_intan_DAG.py
[2026-04-27T11:22:39.702+0000] {logging_mixin.py:115} INFO - [2026-04-27T11:22:39.701+0000] {dag.py:2429} INFO - Sync 1 DAGs
[2026-04-27T11:22:39.852+0000] {logging_mixin.py:115} INFO - [2026-04-27T11:22:39.848+0000] {dag.py:2981} INFO - Setting next_dagrun for P2M3_soraya_intan_DAG to 2026-04-25T09:30:00+00:00, run_after=2026-05-02T09:10:00+00:00
[2026-04-27T11:22:39.942+0000] {processor.py:161} INFO - Processing /opt/airflow/dags/P2M3_soraya_intan_DAG.py took 3.977 seconds
[2026-04-27T11:23:10.539+0000] {processor.py:153} INFO - Started process (PID=35) to work on /opt/airflow/dags/P2M3_soraya_intan_DAG.py
[2026-04-27T11:23:10.563+0000] {processor.py:640} INFO - Processing file /opt/airflow/dags/P2M3_soraya_intan_DAG.py for tasks to queue
[2026-04-27T11:23:10.597+0000] {logging_mixin.py:115} INFO - [2026-04-27T11:23:10.594+0000] {dagbag.py:508} INFO - Filling up the DagBag from /opt/airflow/dags/P2M3_soraya_intan_DAG.py
[2026-04-27T11:23:18.720+0000] {processor.py:650} INFO - DAG(s) dict_keys(['P2M3_soraya_intan_DAG']) retrieved from /opt/airflow/dags/P2M3_soraya_intan_DAG.py
[2026-04-27T11:23:18.777+0000] {logging_mixin.py:115} INFO - [2026-04-27T11:23:18.776+0000] {dag.py:2429} INFO - Sync 1 DAGs
[2026-04-27T11:23:18.845+0000] {logging_mixin.py:115} INFO - [2026-04-27T11:23:18.844+0000] {dag.py:2981} INFO - Setting next_dagrun for P2M3_soraya_intan_DAG to 2026-04-25T09:30:00+00:00, run_after=2026-05-02T09:10:00+00:00
[2026-04-27T11:23:18.882+0000] {processor.py:161} INFO - Processing /opt/airflow/dags/P2M3_soraya_intan_DAG.py took 8.431 seconds
[2026-04-27T11:23:49.220+0000] {processor.py:153} INFO - Started process (PID=37) to work on /opt/airflow/dags/P2M3_soraya_intan_DAG.py
[2026-04-27T11:23:49.242+0000] {processor.py:640} INFO - Processing file /opt/airflow/dags/P2M3_soraya_intan_DAG.py for tasks to queue
[2026-04-27T11:23:49.262+0000] {logging_mixin.py:115} INFO - [2026-04-27T11:23:49.260+0000] {dagbag.py:508} INFO - Filling up the DagBag from /opt/airflow/dags/P2M3_soraya_intan_DAG.py
[2026-04-27T11:24:01.760+0000] {processor.py:650} INFO - DAG(s) dict_keys(['P2M3_soraya_intan_DAG']) retrieved from /opt/airflow/dags/P2M3_soraya_intan_DAG.py
[2026-04-27T11:24:02.081+0000] {logging_mixin.py:115} INFO - [2026-04-27T11:24:02.079+0000] {dag.py:2429} INFO - Sync 1 DAGs
[2026-04-27T11:24:02.372+0000] {logging_mixin.py:115} INFO - [2026-04-27T11:24:02.372+0000] {dag.py:2981} INFO - Setting next_dagrun for P2M3_soraya_intan_DAG to 2026-04-25T09:30:00+00:00, run_after=2026-05-02T09:10:00+00:00
[2026-04-27T11:24:02.595+0000] {processor.py:161} INFO - Processing /opt/airflow/dags/P2M3_soraya_intan_DAG.py took 13.393 seconds
[2026-04-27T11:24:33.436+0000] {processor.py:153} INFO - Started process (PID=39) to work on /opt/airflow/dags/P2M3_soraya_intan_DAG.py
[2026-04-27T11:24:33.447+0000] {processor.py:640} INFO - Processing file /opt/airflow/dags/P2M3_soraya_intan_DAG.py for tasks to queue
[2026-04-27T11:24:33.461+0000] {logging_mixin.py:115} INFO - [2026-04-27T11:24:33.454+0000] {dagbag.py:508} INFO - Filling up the DagBag from /opt/airflow/dags/P2M3_soraya_intan_DAG.py
[2026-04-27T11:24:34.683+0000] {processor.py:650} INFO - DAG(s) dict_keys(['P2M3_soraya_intan_DAG']) retrieved from /opt/airflow/dags/P2M3_soraya_intan_DAG.py
[2026-04-27T11:24:34.761+0000] {logging_mixin.py:115} INFO - [2026-04-27T11:24:34.760+0000] {dag.py:2429} INFO - Sync 1 DAGs
[2026-04-27T11:24:34.827+0000] {logging_mixin.py:115} INFO - [2026-04-27T11:24:34.827+0000] {dag.py:2981} INFO - Setting next_dagrun for P2M3_soraya_intan_DAG to 2026-04-25T09:30:00+00:00, run_after=2026-05-02T09:10:00+00:00
[2026-04-27T11:24:34.857+0000] {processor.py:161} INFO - Processing /opt/airflow/dags/P2M3_soraya_intan_DAG.py took 1.437 seconds
[2026-04-27T11:25:05.084+0000] {processor.py:153} INFO - Started process (PID=41) to work on /opt/airflow/dags/P2M3_soraya_intan_DAG.py
[2026-04-27T11:25:05.089+0000] {processor.py:640} INFO - Processing file /opt/airflow/dags/P2M3_soraya_intan_DAG.py for tasks to queue
[2026-04-27T11:25:05.107+0000] {logging_mixin.py:115} INFO - [2026-04-27T11:25:05.101+0000] {dagbag.py:508} INFO - Filling up the DagBag from /opt/airflow/dags/P2M3_soraya_intan_DAG.py
[2026-04-27T11:25:07.508+0000] {processor.py:650} INFO - DAG(s) dict_keys(['P2M3_soraya_intan_DAG']) retrieved from /opt/airflow/dags/P2M3_soraya_intan_DAG.py
[2026-04-27T11:25:07.606+0000] {logging_mixin.py:115} INFO - [2026-04-27T11:25:07.605+0000] {dag.py:2429} INFO - Sync 1 DAGs
[2026-04-27T11:25:07.657+0000] {logging_mixin.py:115} INFO - [2026-04-27T11:25:07.656+0000] {dag.py:2981} INFO - Setting next_dagrun for P2M3_soraya_intan_DAG to 2026-04-25T09:30:00+00:00, run_after=2026-05-02T09:10:00+00:00
[2026-04-27T11:25:07.708+0000] {processor.py:161} INFO - Processing /opt/airflow/dags/P2M3_soraya_intan_DAG.py took 2.638 seconds
[2026-04-27T11:25:39.151+0000] {processor.py:153} INFO - Started process (PID=43) to work on /opt/airflow/dags/P2M3_soraya_intan_DAG.py
[2026-04-27T11:25:39.177+0000] {processor.py:640} INFO - Processing file /opt/airflow/dags/P2M3_soraya_intan_DAG.py for tasks to queue
[2026-04-27T11:25:39.229+0000] {logging_mixin.py:115} INFO - [2026-04-27T11:25:39.229+0000] {dagbag.py:508} INFO - Filling up the DagBag from /opt/airflow/dags/P2M3_soraya_intan_DAG.py
[2026-04-27T11:25:49.595+0000] {processor.py:650} INFO - DAG(s) dict_keys(['P2M3_soraya_intan_DAG']) retrieved from /opt/airflow/dags/P2M3_soraya_intan_DAG.py
[2026-04-27T11:25:49.670+0000] {logging_mixin.py:115} INFO - [2026-04-27T11:25:49.670+0000] {dag.py:2429} INFO - Sync 1 DAGs
[2026-04-27T11:25:49.755+0000] {logging_mixin.py:115} INFO - [2026-04-27T11:25:49.755+0000] {dag.py:2981} INFO - Setting next_dagrun for P2M3_soraya_intan_DAG to 2026-04-25T09:30:00+00:00, run_after=2026-05-02T09:10:00+00:00
[2026-04-27T11:25:49.787+0000] {processor.py:161} INFO - Processing /opt/airflow/dags/P2M3_soraya_intan_DAG.py took 10.729 seconds
[2026-04-27T11:26:20.883+0000] {processor.py:153} INFO - Started process (PID=45) to work on /opt/airflow/dags/P2M3_soraya_intan_DAG.py
[2026-04-27T11:26:20.890+0000] {processor.py:640} INFO - Processing file /opt/airflow/dags/P2M3_soraya_intan_DAG.py for tasks to queue
[2026-04-27T11:26:20.894+0000] {logging_mixin.py:115} INFO - [2026-04-27T11:26:20.894+0000] {dagbag.py:508} INFO - Filling up the DagBag from /opt/airflow/dags/P2M3_soraya_intan_DAG.py
[2026-04-27T11:26:24.307+0000] {processor.py:650} INFO - DAG(s) dict_keys(['P2M3_soraya_intan_DAG']) retrieved from /opt/airflow/dags/P2M3_soraya_intan_DAG.py
[2026-04-27T11:26:24.392+0000] {logging_mixin.py:115} INFO - [2026-04-27T11:26:24.391+0000] {dag.py:2429} INFO - Sync 1 DAGs
[2026-04-27T11:26:24.479+0000] {logging_mixin.py:115} INFO - [2026-04-27T11:26:24.479+0000] {dag.py:2981} INFO - Setting next_dagrun for P2M3_soraya_intan_DAG to 2026-04-25T09:30:00+00:00, run_after=2026-05-02T09:10:00+00:00
[2026-04-27T11:26:24.546+0000] {processor.py:161} INFO - Processing /opt/airflow/dags/P2M3_soraya_intan_DAG.py took 3.690 seconds
[2026-04-27T11:26:55.415+0000] {processor.py:153} INFO - Started process (PID=47) to work on /opt/airflow/dags/P2M3_soraya_intan_DAG.py
[2026-04-27T11:26:55.423+0000] {processor.py:640} INFO - Processing file /opt/airflow/dags/P2M3_soraya_intan_DAG.py for tasks to queue
[2026-04-27T11:26:55.432+0000] {logging_mixin.py:115} INFO - [2026-04-27T11:26:55.432+0000] {dagbag.py:508} INFO - Filling up the DagBag from /opt/airflow/dags/P2M3_soraya_intan_DAG.py
[2026-04-27T11:26:59.805+0000] {processor.py:650} INFO - DAG(s) dict_keys(['P2M3_soraya_intan_DAG']) retrieved from /opt/airflow/dags/P2M3_soraya_intan_DAG.py
[2026-04-27T11:26:59.896+0000] {logging_mixin.py:115} INFO - [2026-04-27T11:26:59.895+0000] {dag.py:2429} INFO - Sync 1 DAGs
[2026-04-27T11:26:59.958+0000] {logging_mixin.py:115} INFO - [2026-04-27T11:26:59.958+0000] {dag.py:2981} INFO - Setting next_dagrun for P2M3_soraya_intan_DAG to 2026-04-25T09:30:00+00:00, run_after=2026-05-02T09:10:00+00:00
[2026-04-27T11:26:59.988+0000] {processor.py:161} INFO - Processing /opt/airflow/dags/P2M3_soraya_intan_DAG.py took 4.685 seconds
[2026-04-27T11:27:31.221+0000] {processor.py:153} INFO - Started process (PID=49) to work on /opt/airflow/dags/P2M3_soraya_intan_DAG.py
[2026-04-27T11:27:31.243+0000] {processor.py:640} INFO - Processing file /opt/airflow/dags/P2M3_soraya_intan_DAG.py for tasks to queue
[2026-04-27T11:27:31.254+0000] {logging_mixin.py:115} INFO - [2026-04-27T11:27:31.250+0000] {dagbag.py:508} INFO - Filling up the DagBag from /opt/airflow/dags/P2M3_soraya_intan_DAG.py
[2026-04-27T11:27:35.484+0000] {processor.py:650} INFO - DAG(s) dict_keys(['P2M3_soraya_intan_DAG']) retrieved from /opt/airflow/dags/P2M3_soraya_intan_DAG.py
[2026-04-27T11:27:35.581+0000] {logging_mixin.py:115} INFO - [2026-04-27T11:27:35.580+0000] {dag.py:2429} INFO - Sync 1 DAGs
[2026-04-27T11:27:35.638+0000] {logging_mixin.py:115} INFO - [2026-04-27T11:27:35.637+0000] {dag.py:2981} INFO - Setting next_dagrun for P2M3_soraya_intan_DAG to 2026-04-25T09:30:00+00:00, run_after=2026-05-02T09:10:00+00:00
[2026-04-27T11:27:35.670+0000] {processor.py:161} INFO - Processing /opt/airflow/dags/P2M3_soraya_intan_DAG.py took 4.545 seconds
[2026-04-27T11:28:06.453+0000] {processor.py:153} INFO - Started process (PID=51) to work on /opt/airflow/dags/P2M3_soraya_intan_DAG.py
[2026-04-27T11:28:06.470+0000] {processor.py:640} INFO - Processing file /opt/airflow/dags/P2M3_soraya_intan_DAG.py for tasks to queue
[2026-04-27T11:28:06.489+0000] {logging_mixin.py:115} INFO - [2026-04-27T11:28:06.487+0000] {dagbag.py:508} INFO - Filling up the DagBag from /opt/airflow/dags/P2M3_soraya_intan_DAG.py
[2026-04-27T11:28:08.590+0000] {processor.py:650} INFO - DAG(s) dict_keys(['P2M3_soraya_intan_DAG']) retrieved from /opt/airflow/dags/P2M3_soraya_intan_DAG.py
[2026-04-27T11:28:08.783+0000] {logging_mixin.py:115} INFO - [2026-04-27T11:28:08.780+0000] {dag.py:2429} INFO - Sync 1 DAGs
[2026-04-27T11:28:08.896+0000] {logging_mixin.py:115} INFO - [2026-04-27T11:28:08.894+0000] {dag.py:2981} INFO - Setting next_dagrun for P2M3_soraya_intan_DAG to 2026-04-25T09:30:00+00:00, run_after=2026-05-02T09:10:00+00:00
[2026-04-27T11:28:08.955+0000] {processor.py:161} INFO - Processing /opt/airflow/dags/P2M3_soraya_intan_DAG.py took 2.520 seconds
[2026-04-27T11:28:39.358+0000] {processor.py:153} INFO - Started process (PID=53) to work on /opt/airflow/dags/P2M3_soraya_intan_DAG.py
[2026-04-27T11:28:39.367+0000] {processor.py:640} INFO - Processing file /opt/airflow/dags/P2M3_soraya_intan_DAG.py for tasks to queue
[2026-04-27T11:28:39.390+0000] {logging_mixin.py:115} INFO - [2026-04-27T11:28:39.390+0000] {dagbag.py:508} INFO - Filling up the DagBag from /opt/airflow/dags/P2M3_soraya_intan_DAG.py
[2026-04-27T11:28:42.784+0000] {processor.py:650} INFO - DAG(s) dict_keys(['P2M3_soraya_intan_DAG']) retrieved from /opt/airflow/dags/P2M3_soraya_intan_DAG.py
[2026-04-27T11:28:42.860+0000] {logging_mixin.py:115} INFO - [2026-04-27T11:28:42.858+0000] {dag.py:2429} INFO - Sync 1 DAGs
[2026-04-27T11:28:42.917+0000] {logging_mixin.py:115} INFO - [2026-04-27T11:28:42.917+0000] {dag.py:2981} INFO - Setting next_dagrun for P2M3_soraya_intan_DAG to 2026-04-25T09:30:00+00:00, run_after=2026-05-02T09:10:00+00:00
[2026-04-27T11:28:42.963+0000] {processor.py:161} INFO - Processing /opt/airflow/dags/P2M3_soraya_intan_DAG.py took 3.653 seconds
[2026-04-27T11:29:13.125+0000] {processor.py:153} INFO - Started process (PID=55) to work on /opt/airflow/dags/P2M3_soraya_intan_DAG.py
[2026-04-27T11:29:13.128+0000] {processor.py:640} INFO - Processing file /opt/airflow/dags/P2M3_soraya_intan_DAG.py for tasks to queue
[2026-04-27T11:29:13.130+0000] {logging_mixin.py:115} INFO - [2026-04-27T11:29:13.130+0000] {dagbag.py:508} INFO - Filling up the DagBag from /opt/airflow/dags/P2M3_soraya_intan_DAG.py
[2026-04-27T11:29:14.278+0000] {processor.py:650} INFO - DAG(s) dict_keys(['P2M3_soraya_intan_DAG']) retrieved from /opt/airflow/dags/P2M3_soraya_intan_DAG.py
[2026-04-27T11:29:14.392+0000] {logging_mixin.py:115} INFO - [2026-04-27T11:29:14.391+0000] {dag.py:2429} INFO - Sync 1 DAGs
[2026-04-27T11:29:14.480+0000] {logging_mixin.py:115} INFO - [2026-04-27T11:29:14.480+0000] {dag.py:2981} INFO - Setting next_dagrun for P2M3_soraya_intan_DAG to 2026-04-25T09:30:00+00:00, run_after=2026-05-02T09:10:00+00:00
[2026-04-27T11:29:14.555+0000] {processor.py:161} INFO - Processing /opt/airflow/dags/P2M3_soraya_intan_DAG.py took 1.436 seconds
[2026-04-27T11:29:44.769+0000] {processor.py:153} INFO - Started process (PID=57) to work on /opt/airflow/dags/P2M3_soraya_intan_DAG.py
[2026-04-27T11:29:44.772+0000] {processor.py:640} INFO - Processing file /opt/airflow/dags/P2M3_soraya_intan_DAG.py for tasks to queue
[2026-04-27T11:29:44.777+0000] {logging_mixin.py:115} INFO - [2026-04-27T11:29:44.776+0000] {dagbag.py:508} INFO - Filling up the DagBag from /opt/airflow/dags/P2M3_soraya_intan_DAG.py
[2026-04-27T11:29:45.651+0000] {processor.py:650} INFO - DAG(s) dict_keys(['P2M3_soraya_intan_DAG']) retrieved from /opt/airflow/dags/P2M3_soraya_intan_DAG.py
[2026-04-27T11:29:45.686+0000] {logging_mixin.py:115} INFO - [2026-04-27T11:29:45.685+0000] {dag.py:2429} INFO - Sync 1 DAGs
[2026-04-27T11:29:45.721+0000] {logging_mixin.py:115} INFO - [2026-04-27T11:29:45.721+0000] {dag.py:2981} INFO - Setting next_dagrun for P2M3_soraya_intan_DAG to 2026-04-25T09:30:00+00:00, run_after=2026-05-02T09:10:00+00:00
[2026-04-27T11:29:45.746+0000] {processor.py:161} INFO - Processing /opt/airflow/dags/P2M3_soraya_intan_DAG.py took 0.985 seconds
[2026-04-27T11:30:16.620+0000] {processor.py:153} INFO - Started process (PID=59) to work on /opt/airflow/dags/P2M3_soraya_intan_DAG.py
[2026-04-27T11:30:16.630+0000] {processor.py:640} INFO - Processing file /opt/airflow/dags/P2M3_soraya_intan_DAG.py for tasks to queue
[2026-04-27T11:30:16.633+0000] {logging_mixin.py:115} INFO - [2026-04-27T11:30:16.633+0000] {dagbag.py:508} INFO - Filling up the DagBag from /opt/airflow/dags/P2M3_soraya_intan_DAG.py
[2026-04-27T11:30:18.081+0000] {processor.py:650} INFO - DAG(s) dict_keys(['P2M3_soraya_intan_DAG']) retrieved from /opt/airflow/dags/P2M3_soraya_intan_DAG.py
[2026-04-27T11:30:18.159+0000] {logging_mixin.py:115} INFO - [2026-04-27T11:30:18.159+0000] {dag.py:2429} INFO - Sync 1 DAGs
[2026-04-27T11:30:18.275+0000] {logging_mixin.py:115} INFO - [2026-04-27T11:30:18.275+0000] {dag.py:2981} INFO - Setting next_dagrun for P2M3_soraya_intan_DAG to 2026-04-25T09:30:00+00:00, run_after=2026-05-02T09:10:00+00:00
[2026-04-27T11:30:18.323+0000] {processor.py:161} INFO - Processing /opt/airflow/dags/P2M3_soraya_intan_DAG.py took 1.721 seconds
[2026-04-27T11:30:48.780+0000] {processor.py:153} INFO - Started process (PID=61) to work on /opt/airflow/dags/P2M3_soraya_intan_DAG.py
[2026-04-27T11:30:48.784+0000] {processor.py:640} INFO - Processing file /opt/airflow/dags/P2M3_soraya_intan_DAG.py for tasks to queue
[2026-04-27T11:30:48.788+0000] {logging_mixin.py:115} INFO - [2026-04-27T11:30:48.787+0000] {dagbag.py:508} INFO - Filling up the DagBag from /opt/airflow/dags/P2M3_soraya_intan_DAG.py
[2026-04-27T11:30:49.667+0000] {processor.py:650} INFO - DAG(s) dict_keys(['P2M3_soraya_intan_DAG']) retrieved from /opt/airflow/dags/P2M3_soraya_intan_DAG.py
[2026-04-27T11:30:49.707+0000] {logging_mixin.py:115} INFO - [2026-04-27T11:30:49.706+0000] {dag.py:2429} INFO - Sync 1 DAGs
[2026-04-27T11:30:49.742+0000] {logging_mixin.py:115} INFO - [2026-04-27T11:30:49.742+0000] {dag.py:2981} INFO - Setting next_dagrun for P2M3_soraya_intan_DAG to 2026-04-25T09:30:00+00:00, run_after=2026-05-02T09:10:00+00:00
[2026-04-27T11:30:49.767+0000] {processor.py:161} INFO - Processing /opt/airflow/dags/P2M3_soraya_intan_DAG.py took 0.997 seconds
[2026-04-27T11:31:19.874+0000] {processor.py:153} INFO - Started process (PID=63) to work on /opt/airflow/dags/P2M3_soraya_intan_DAG.py
[2026-04-27T11:31:19.879+0000] {processor.py:640} INFO - Processing file /opt/airflow/dags/P2M3_soraya_intan_DAG.py for tasks to queue
[2026-04-27T11:31:19.883+0000] {logging_mixin.py:115} INFO - [2026-04-27T11:31:19.882+0000] {dagbag.py:508} INFO - Filling up the DagBag from /opt/airflow/dags/P2M3_soraya_intan_DAG.py
[2026-04-27T11:31:20.546+0000] {processor.py:650} INFO - DAG(s) dict_keys(['P2M3_soraya_intan_DAG']) retrieved from /opt/airflow/dags/P2M3_soraya_intan_DAG.py
[2026-04-27T11:31:20.582+0000] {logging_mixin.py:115} INFO - [2026-04-27T11:31:20.581+0000] {dag.py:2429} INFO - Sync 1 DAGs
[2026-04-27T11:31:20.614+0000] {logging_mixin.py:115} INFO - [2026-04-27T11:31:20.613+0000] {dag.py:2981} INFO - Setting next_dagrun for P2M3_soraya_intan_DAG to 2026-04-25T09:30:00+00:00, run_after=2026-05-02T09:10:00+00:00
[2026-04-27T11:31:20.633+0000] {processor.py:161} INFO - Processing /opt/airflow/dags/P2M3_soraya_intan_DAG.py took 0.769 seconds
[2026-04-27T11:31:50.883+0000] {processor.py:153} INFO - Started process (PID=65) to work on /opt/airflow/dags/P2M3_soraya_intan_DAG.py
[2026-04-27T11:31:50.886+0000] {processor.py:640} INFO - Processing file /opt/airflow/dags/P2M3_soraya_intan_DAG.py for tasks to queue
[2026-04-27T11:31:50.888+0000] {logging_mixin.py:115} INFO - [2026-04-27T11:31:50.888+0000] {dagbag.py:508} INFO - Filling up the DagBag from /opt/airflow/dags/P2M3_soraya_intan_DAG.py
[2026-04-27T11:31:51.690+0000] {processor.py:650} INFO - DAG(s) dict_keys(['P2M3_soraya_intan_DAG']) retrieved from /opt/airflow/dags/P2M3_soraya_intan_DAG.py
[2026-04-27T11:31:51.727+0000] {logging_mixin.py:115} INFO - [2026-04-27T11:31:51.727+0000] {dag.py:2429} INFO - Sync 1 DAGs
[2026-04-27T11:31:51.761+0000] {logging_mixin.py:115} INFO - [2026-04-27T11:31:51.760+0000] {dag.py:2981} INFO - Setting next_dagrun for P2M3_soraya_intan_DAG to 2026-04-25T09:30:00+00:00, run_after=2026-05-02T09:10:00+00:00
[2026-04-27T11:31:51.781+0000] {processor.py:161} INFO - Processing /opt/airflow/dags/P2M3_soraya_intan_DAG.py took 0.908 seconds
[2026-04-27T11:32:22.018+0000] {processor.py:153} INFO - Started process (PID=67) to work on /opt/airflow/dags/P2M3_soraya_intan_DAG.py
[2026-04-27T11:32:22.021+0000] {processor.py:640} INFO - Processing file /opt/airflow/dags/P2M3_soraya_intan_DAG.py for tasks to queue
[2026-04-27T11:32:22.032+0000] {logging_mixin.py:115} INFO - [2026-04-27T11:32:22.031+0000] {dagbag.py:508} INFO - Filling up the DagBag from /opt/airflow/dags/P2M3_soraya_intan_DAG.py
[2026-04-27T11:32:22.651+0000] {processor.py:650} INFO - DAG(s) dict_keys(['P2M3_soraya_intan_DAG']) retrieved from /opt/airflow/dags/P2M3_soraya_intan_DAG.py
[2026-04-27T11:32:22.691+0000] {logging_mixin.py:115} INFO - [2026-04-27T11:32:22.690+0000] {dag.py:2429} INFO - Sync 1 DAGs
[2026-04-27T11:32:22.725+0000] {logging_mixin.py:115} INFO - [2026-04-27T11:32:22.725+0000] {dag.py:2981} INFO - Setting next_dagrun for P2M3_soraya_intan_DAG to 2026-04-25T09:30:00+00:00, run_after=2026-05-02T09:10:00+00:00
[2026-04-27T11:32:22.745+0000] {processor.py:161} INFO - Processing /opt/airflow/dags/P2M3_soraya_intan_DAG.py took 0.733 seconds
[2026-04-27T11:32:53.503+0000] {processor.py:153} INFO - Started process (PID=69) to work on /opt/airflow/dags/P2M3_soraya_intan_DAG.py
[2026-04-27T11:32:53.508+0000] {processor.py:640} INFO - Processing file /opt/airflow/dags/P2M3_soraya_intan_DAG.py for tasks to queue
[2026-04-27T11:32:53.518+0000] {logging_mixin.py:115} INFO - [2026-04-27T11:32:53.517+0000] {dagbag.py:508} INFO - Filling up the DagBag from /opt/airflow/dags/P2M3_soraya_intan_DAG.py
[2026-04-27T11:32:54.378+0000] {processor.py:650} INFO - DAG(s) dict_keys(['P2M3_soraya_intan_DAG']) retrieved from /opt/airflow/dags/P2M3_soraya_intan_DAG.py
[2026-04-27T11:32:54.448+0000] {logging_mixin.py:115} INFO - [2026-04-27T11:32:54.446+0000] {dag.py:2429} INFO - Sync 1 DAGs
[2026-04-27T11:32:54.495+0000] {logging_mixin.py:115} INFO - [2026-04-27T11:32:54.495+0000] {dag.py:2981} INFO - Setting next_dagrun for P2M3_soraya_intan_DAG to 2026-04-25T09:30:00+00:00, run_after=2026-05-02T09:10:00+00:00
[2026-04-27T11:32:54.722+0000] {processor.py:161} INFO - Processing /opt/airflow/dags/P2M3_soraya_intan_DAG.py took 1.230 seconds
[2026-04-27T11:33:25.671+0000] {processor.py:153} INFO - Started process (PID=71) to work on /opt/airflow/dags/P2M3_soraya_intan_DAG.py
[2026-04-27T11:33:25.676+0000] {processor.py:640} INFO - Processing file /opt/airflow/dags/P2M3_soraya_intan_DAG.py for tasks to queue
[2026-04-27T11:33:25.685+0000] {logging_mixin.py:115} INFO - [2026-04-27T11:33:25.682+0000] {dagbag.py:508} INFO - Filling up the DagBag from /opt/airflow/dags/P2M3_soraya_intan_DAG.py
[2026-04-27T11:33:26.557+0000] {processor.py:650} INFO - DAG(s) dict_keys(['P2M3_soraya_intan_DAG']) retrieved from /opt/airflow/dags/P2M3_soraya_intan_DAG.py
[2026-04-27T11:33:26.598+0000] {logging_mixin.py:115} INFO - [2026-04-27T11:33:26.597+0000] {dag.py:2429} INFO - Sync 1 DAGs
[2026-04-27T11:33:26.638+0000] {logging_mixin.py:115} INFO - [2026-04-27T11:33:26.638+0000] {dag.py:2981} INFO - Setting next_dagrun for P2M3_soraya_intan_DAG to 2026-04-25T09:30:00+00:00, run_after=2026-05-02T09:10:00+00:00
[2026-04-27T11:33:26.666+0000] {processor.py:161} INFO - Processing /opt/airflow/dags/P2M3_soraya_intan_DAG.py took 1.006 seconds
[2026-04-27T11:33:56.945+0000] {processor.py:153} INFO - Started process (PID=73) to work on /opt/airflow/dags/P2M3_soraya_intan_DAG.py
[2026-04-27T11:33:56.950+0000] {processor.py:640} INFO - Processing file /opt/airflow/dags/P2M3_soraya_intan_DAG.py for tasks to queue
[2026-04-27T11:33:56.954+0000] {logging_mixin.py:115} INFO - [2026-04-27T11:33:56.953+0000] {dagbag.py:508} INFO - Filling up the DagBag from /opt/airflow/dags/P2M3_soraya_intan_DAG.py
[2026-04-27T11:33:57.863+0000] {processor.py:650} INFO - DAG(s) dict_keys(['P2M3_soraya_intan_DAG']) retrieved from /opt/airflow/dags/P2M3_soraya_intan_DAG.py
[2026-04-27T11:33:57.918+0000] {logging_mixin.py:115} INFO - [2026-04-27T11:33:57.917+0000] {dag.py:2429} INFO - Sync 1 DAGs
[2026-04-27T11:33:57.981+0000] {logging_mixin.py:115} INFO - [2026-04-27T11:33:57.981+0000] {dag.py:2981} INFO - Setting next_dagrun for P2M3_soraya_intan_DAG to 2026-04-25T09:30:00+00:00, run_after=2026-05-02T09:10:00+00:00
[2026-04-27T11:33:58.008+0000] {processor.py:161} INFO - Processing /opt/airflow/dags/P2M3_soraya_intan_DAG.py took 1.068 seconds
[2026-04-27T11:34:28.222+0000] {processor.py:153} INFO - Started process (PID=75) to work on /opt/airflow/dags/P2M3_soraya_intan_DAG.py
[2026-04-27T11:34:28.230+0000] {processor.py:640} INFO - Processing file /opt/airflow/dags/P2M3_soraya_intan_DAG.py for tasks to queue
[2026-04-27T11:34:28.237+0000] {logging_mixin.py:115} INFO - [2026-04-27T11:34:28.236+0000] {dagbag.py:508} INFO - Filling up the DagBag from /opt/airflow/dags/P2M3_soraya_intan_DAG.py
[2026-04-27T11:34:29.118+0000] {processor.py:650} INFO - DAG(s) dict_keys(['P2M3_soraya_intan_DAG']) retrieved from /opt/airflow/dags/P2M3_soraya_intan_DAG.py
[2026-04-27T11:34:29.153+0000] {logging_mixin.py:115} INFO - [2026-04-27T11:34:29.152+0000] {dag.py:2429} INFO - Sync 1 DAGs
[2026-04-27T11:34:29.186+0000] {logging_mixin.py:115} INFO - [2026-04-27T11:34:29.185+0000] {dag.py:2981} INFO - Setting next_dagrun for P2M3_soraya_intan_DAG to 2026-04-25T09:30:00+00:00, run_after=2026-05-02T09:10:00+00:00
[2026-04-27T11:34:29.206+0000] {processor.py:161} INFO - Processing /opt/airflow/dags/P2M3_soraya_intan_DAG.py took 0.996 seconds
[2026-04-27T11:34:59.552+0000] {processor.py:153} INFO - Started process (PID=77) to work on /opt/airflow/dags/P2M3_soraya_intan_DAG.py
[2026-04-27T11:34:59.556+0000] {processor.py:640} INFO - Processing file /opt/airflow/dags/P2M3_soraya_intan_DAG.py for tasks to queue
[2026-04-27T11:34:59.561+0000] {logging_mixin.py:115} INFO - [2026-04-27T11:34:59.561+0000] {dagbag.py:508} INFO - Filling up the DagBag from /opt/airflow/dags/P2M3_soraya_intan_DAG.py
[2026-04-27T11:35:00.187+0000] {processor.py:650} INFO - DAG(s) dict_keys(['P2M3_soraya_intan_DAG']) retrieved from /opt/airflow/dags/P2M3_soraya_intan_DAG.py
[2026-04-27T11:35:00.221+0000] {logging_mixin.py:115} INFO - [2026-04-27T11:35:00.220+0000] {dag.py:2429} INFO - Sync 1 DAGs
[2026-04-27T11:35:00.253+0000] {logging_mixin.py:115} INFO - [2026-04-27T11:35:00.252+0000] {dag.py:2981} INFO - Setting next_dagrun for P2M3_soraya_intan_DAG to 2026-04-25T09:30:00+00:00, run_after=2026-05-02T09:10:00+00:00
[2026-04-27T11:35:00.272+0000] {processor.py:161} INFO - Processing /opt/airflow/dags/P2M3_soraya_intan_DAG.py took 0.731 seconds
[2026-04-27T11:35:30.588+0000] {processor.py:153} INFO - Started process (PID=79) to work on /opt/airflow/dags/P2M3_soraya_intan_DAG.py
[2026-04-27T11:35:30.592+0000] {processor.py:640} INFO - Processing file /opt/airflow/dags/P2M3_soraya_intan_DAG.py for tasks to queue
[2026-04-27T11:35:30.596+0000] {logging_mixin.py:115} INFO - [2026-04-27T11:35:30.596+0000] {dagbag.py:508} INFO - Filling up the DagBag from /opt/airflow/dags/P2M3_soraya_intan_DAG.py
[2026-04-27T11:35:31.573+0000] {processor.py:650} INFO - DAG(s) dict_keys(['P2M3_soraya_intan_DAG']) retrieved from /opt/airflow/dags/P2M3_soraya_intan_DAG.py
[2026-04-27T11:35:31.621+0000] {logging_mixin.py:115} INFO - [2026-04-27T11:35:31.621+0000] {dag.py:2429} INFO - Sync 1 DAGs
[2026-04-27T11:35:31.714+0000] {logging_mixin.py:115} INFO - [2026-04-27T11:35:31.712+0000] {dag.py:2981} INFO - Setting next_dagrun for P2M3_soraya_intan_DAG to 2026-04-25T09:30:00+00:00, run_after=2026-05-02T09:10:00+00:00
[2026-04-27T11:35:31.758+0000] {processor.py:161} INFO - Processing /opt/airflow/dags/P2M3_soraya_intan_DAG.py took 1.203 seconds
[2026-04-27T11:36:01.944+0000] {processor.py:153} INFO - Started process (PID=81) to work on /opt/airflow/dags/P2M3_soraya_intan_DAG.py
[2026-04-27T11:36:01.948+0000] {processor.py:640} INFO - Processing file /opt/airflow/dags/P2M3_soraya_intan_DAG.py for tasks to queue
[2026-04-27T11:36:01.952+0000] {logging_mixin.py:115} INFO - [2026-04-27T11:36:01.952+0000] {dagbag.py:508} INFO - Filling up the DagBag from /opt/airflow/dags/P2M3_soraya_intan_DAG.py
[2026-04-27T11:36:02.580+0000] {processor.py:650} INFO - DAG(s) dict_keys(['P2M3_soraya_intan_DAG']) retrieved from /opt/airflow/dags/P2M3_soraya_intan_DAG.py
[2026-04-27T11:36:02.619+0000] {logging_mixin.py:115} INFO - [2026-04-27T11:36:02.619+0000] {dag.py:2429} INFO - Sync 1 DAGs
[2026-04-27T11:36:02.660+0000] {logging_mixin.py:115} INFO - [2026-04-27T11:36:02.660+0000] {dag.py:2981} INFO - Setting next_dagrun for P2M3_soraya_intan_DAG to 2026-04-25T09:30:00+00:00, run_after=2026-05-02T09:10:00+00:00
[2026-04-27T11:36:02.679+0000] {processor.py:161} INFO - Processing /opt/airflow/dags/P2M3_soraya_intan_DAG.py took 0.742 seconds
[2026-04-27T11:36:32.828+0000] {processor.py:153} INFO - Started process (PID=83) to work on /opt/airflow/dags/P2M3_soraya_intan_DAG.py
[2026-04-27T11:36:32.831+0000] {processor.py:640} INFO - Processing file /opt/airflow/dags/P2M3_soraya_intan_DAG.py for tasks to queue
[2026-04-27T11:36:32.834+0000] {logging_mixin.py:115} INFO - [2026-04-27T11:36:32.834+0000] {dagbag.py:508} INFO - Filling up the DagBag from /opt/airflow/dags/P2M3_soraya_intan_DAG.py
[2026-04-27T11:36:33.485+0000] {processor.py:650} INFO - DAG(s) dict_keys(['P2M3_soraya_intan_DAG']) retrieved from /opt/airflow/dags/P2M3_soraya_intan_DAG.py
[2026-04-27T11:36:33.519+0000] {logging_mixin.py:115} INFO - [2026-04-27T11:36:33.518+0000] {dag.py:2429} INFO - Sync 1 DAGs
[2026-04-27T11:36:33.551+0000] {logging_mixin.py:115} INFO - [2026-04-27T11:36:33.550+0000] {dag.py:2981} INFO - Setting next_dagrun for P2M3_soraya_intan_DAG to 2026-04-25T09:30:00+00:00, run_after=2026-05-02T09:10:00+00:00
[2026-04-27T11:36:33.569+0000] {processor.py:161} INFO - Processing /opt/airflow/dags/P2M3_soraya_intan_DAG.py took 0.747 seconds
[2026-04-27T11:37:04.133+0000] {processor.py:153} INFO - Started process (PID=85) to work on /opt/airflow/dags/P2M3_soraya_intan_DAG.py
[2026-04-27T11:37:04.136+0000] {processor.py:640} INFO - Processing file /opt/airflow/dags/P2M3_soraya_intan_DAG.py for tasks to queue
[2026-04-27T11:37:04.139+0000] {logging_mixin.py:115} INFO - [2026-04-27T11:37:04.139+0000] {dagbag.py:508} INFO - Filling up the DagBag from /opt/airflow/dags/P2M3_soraya_intan_DAG.py
[2026-04-27T11:37:04.983+0000] {processor.py:650} INFO - DAG(s) dict_keys(['P2M3_soraya_intan_DAG']) retrieved from /opt/airflow/dags/P2M3_soraya_intan_DAG.py
[2026-04-27T11:37:05.052+0000] {logging_mixin.py:115} INFO - [2026-04-27T11:37:05.050+0000] {dag.py:2429} INFO - Sync 1 DAGs
[2026-04-27T11:37:05.087+0000] {logging_mixin.py:115} INFO - [2026-04-27T11:37:05.087+0000] {dag.py:2981} INFO - Setting next_dagrun for P2M3_soraya_intan_DAG to 2026-04-25T09:30:00+00:00, run_after=2026-05-02T09:10:00+00:00
[2026-04-27T11:37:05.128+0000] {processor.py:161} INFO - Processing /opt/airflow/dags/P2M3_soraya_intan_DAG.py took 1.001 seconds
[2026-04-27T11:37:35.774+0000] {processor.py:153} INFO - Started process (PID=87) to work on /opt/airflow/dags/P2M3_soraya_intan_DAG.py
[2026-04-27T11:37:35.780+0000] {processor.py:640} INFO - Processing file /opt/airflow/dags/P2M3_soraya_intan_DAG.py for tasks to queue
[2026-04-27T11:37:35.785+0000] {logging_mixin.py:115} INFO - [2026-04-27T11:37:35.785+0000] {dagbag.py:508} INFO - Filling up the DagBag from /opt/airflow/dags/P2M3_soraya_intan_DAG.py
[2026-04-27T11:37:36.560+0000] {processor.py:650} INFO - DAG(s) dict_keys(['P2M3_soraya_intan_DAG']) retrieved from /opt/airflow/dags/P2M3_soraya_intan_DAG.py
[2026-04-27T11:37:36.604+0000] {logging_mixin.py:115} INFO - [2026-04-27T11:37:36.604+0000] {dag.py:2429} INFO - Sync 1 DAGs
[2026-04-27T11:37:36.643+0000] {logging_mixin.py:115} INFO - [2026-04-27T11:37:36.642+0000] {dag.py:2981} INFO - Setting next_dagrun for P2M3_soraya_intan_DAG to 2026-04-25T09:30:00+00:00, run_after=2026-05-02T09:10:00+00:00
[2026-04-27T11:37:36.669+0000] {processor.py:161} INFO - Processing /opt/airflow/dags/P2M3_soraya_intan_DAG.py took 0.905 seconds
[2026-04-27T11:38:06.865+0000] {processor.py:153} INFO - Started process (PID=89) to work on /opt/airflow/dags/P2M3_soraya_intan_DAG.py
[2026-04-27T11:38:06.868+0000] {processor.py:640} INFO - Processing file /opt/airflow/dags/P2M3_soraya_intan_DAG.py for tasks to queue
[2026-04-27T11:38:06.872+0000] {logging_mixin.py:115} INFO - [2026-04-27T11:38:06.872+0000] {dagbag.py:508} INFO - Filling up the DagBag from /opt/airflow/dags/P2M3_soraya_intan_DAG.py
[2026-04-27T11:38:07.685+0000] {processor.py:650} INFO - DAG(s) dict_keys(['P2M3_soraya_intan_DAG']) retrieved from /opt/airflow/dags/P2M3_soraya_intan_DAG.py
[2026-04-27T11:38:07.721+0000] {logging_mixin.py:115} INFO - [2026-04-27T11:38:07.720+0000] {dag.py:2429} INFO - Sync 1 DAGs
[2026-04-27T11:38:07.770+0000] {logging_mixin.py:115} INFO - [2026-04-27T11:38:07.769+0000] {dag.py:2981} INFO - Setting next_dagrun for P2M3_soraya_intan_DAG to 2026-04-25T09:30:00+00:00, run_after=2026-05-02T09:10:00+00:00
[2026-04-27T11:38:07.806+0000] {processor.py:161} INFO - Processing /opt/airflow/dags/P2M3_soraya_intan_DAG.py took 0.948 seconds
[2026-04-27T11:38:38.070+0000] {processor.py:153} INFO - Started process (PID=91) to work on /opt/airflow/dags/P2M3_soraya_intan_DAG.py
[2026-04-27T11:38:38.078+0000] {processor.py:640} INFO - Processing file /opt/airflow/dags/P2M3_soraya_intan_DAG.py for tasks to queue
[2026-04-27T11:38:38.088+0000] {logging_mixin.py:115} INFO - [2026-04-27T11:38:38.087+0000] {dagbag.py:508} INFO - Filling up the DagBag from /opt/airflow/dags/P2M3_soraya_intan_DAG.py
[2026-04-27T11:38:38.798+0000] {processor.py:650} INFO - DAG(s) dict_keys(['P2M3_soraya_intan_DAG']) retrieved from /opt/airflow/dags/P2M3_soraya_intan_DAG.py
[2026-04-27T11:38:38.858+0000] {logging_mixin.py:115} INFO - [2026-04-27T11:38:38.854+0000] {dag.py:2429} INFO - Sync 1 DAGs
[2026-04-27T11:38:38.907+0000] {logging_mixin.py:115} INFO - [2026-04-27T11:38:38.907+0000] {dag.py:2981} INFO - Setting next_dagrun for P2M3_soraya_intan_DAG to 2026-04-25T09:30:00+00:00, run_after=2026-05-02T09:10:00+00:00
[2026-04-27T11:38:38.933+0000] {processor.py:161} INFO - Processing /opt/airflow/dags/P2M3_soraya_intan_DAG.py took 0.906 seconds
[2026-04-27T11:39:09.310+0000] {processor.py:153} INFO - Started process (PID=93) to work on /opt/airflow/dags/P2M3_soraya_intan_DAG.py
[2026-04-27T11:39:09.314+0000] {processor.py:640} INFO - Processing file /opt/airflow/dags/P2M3_soraya_intan_DAG.py for tasks to queue
[2026-04-27T11:39:09.318+0000] {logging_mixin.py:115} INFO - [2026-04-27T11:39:09.318+0000] {dagbag.py:508} INFO - Filling up the DagBag from /opt/airflow/dags/P2M3_soraya_intan_DAG.py
[2026-04-27T11:39:10.046+0000] {processor.py:650} INFO - DAG(s) dict_keys(['P2M3_soraya_intan_DAG']) retrieved from /opt/airflow/dags/P2M3_soraya_intan_DAG.py
[2026-04-27T11:39:10.084+0000] {logging_mixin.py:115} INFO - [2026-04-27T11:39:10.083+0000] {dag.py:2429} INFO - Sync 1 DAGs
[2026-04-27T11:39:10.334+0000] {logging_mixin.py:115} INFO - [2026-04-27T11:39:10.334+0000] {dag.py:2981} INFO - Setting next_dagrun for P2M3_soraya_intan_DAG to 2026-04-25T09:30:00+00:00, run_after=2026-05-02T09:10:00+00:00
[2026-04-27T11:39:10.357+0000] {processor.py:161} INFO - Processing /opt/airflow/dags/P2M3_soraya_intan_DAG.py took 1.058 seconds
[2026-04-27T11:39:40.481+0000] {processor.py:153} INFO - Started process (PID=95) to work on /opt/airflow/dags/P2M3_soraya_intan_DAG.py
[2026-04-27T11:39:40.484+0000] {processor.py:640} INFO - Processing file /opt/airflow/dags/P2M3_soraya_intan_DAG.py for tasks to queue
[2026-04-27T11:39:40.488+0000] {logging_mixin.py:115} INFO - [2026-04-27T11:39:40.487+0000] {dagbag.py:508} INFO - Filling up the DagBag from /opt/airflow/dags/P2M3_soraya_intan_DAG.py
[2026-04-27T11:39:41.158+0000] {processor.py:650} INFO - DAG(s) dict_keys(['P2M3_soraya_intan_DAG']) retrieved from /opt/airflow/dags/P2M3_soraya_intan_DAG.py
[2026-04-27T11:39:41.233+0000] {logging_mixin.py:115} INFO - [2026-04-27T11:39:41.230+0000] {dag.py:2429} INFO - Sync 1 DAGs
[2026-04-27T11:39:41.290+0000] {logging_mixin.py:115} INFO - [2026-04-27T11:39:41.290+0000] {dag.py:2981} INFO - Setting next_dagrun for P2M3_soraya_intan_DAG to 2026-04-25T09:30:00+00:00, run_after=2026-05-02T09:10:00+00:00
[2026-04-27T11:39:41.336+0000] {processor.py:161} INFO - Processing /opt/airflow/dags/P2M3_soraya_intan_DAG.py took 0.861 seconds
[2026-04-27T11:40:11.557+0000] {processor.py:153} INFO - Started process (PID=97) to work on /opt/airflow/dags/P2M3_soraya_intan_DAG.py
[2026-04-27T11:40:11.560+0000] {processor.py:640} INFO - Processing file /opt/airflow/dags/P2M3_soraya_intan_DAG.py for tasks to queue
[2026-04-27T11:40:11.564+0000] {logging_mixin.py:115} INFO - [2026-04-27T11:40:11.564+0000] {dagbag.py:508} INFO - Filling up the DagBag from /opt/airflow/dags/P2M3_soraya_intan_DAG.py
[2026-04-27T11:40:12.138+0000] {processor.py:650} INFO - DAG(s) dict_keys(['P2M3_soraya_intan_DAG']) retrieved from /opt/airflow/dags/P2M3_soraya_intan_DAG.py
[2026-04-27T11:40:12.171+0000] {logging_mixin.py:115} INFO - [2026-04-27T11:40:12.170+0000] {dag.py:2429} INFO - Sync 1 DAGs
[2026-04-27T11:40:12.203+0000] {logging_mixin.py:115} INFO - [2026-04-27T11:40:12.203+0000] {dag.py:2981} INFO - Setting next_dagrun for P2M3_soraya_intan_DAG to 2026-04-25T09:30:00+00:00, run_after=2026-05-02T09:10:00+00:00
[2026-04-27T11:40:12.223+0000] {processor.py:161} INFO - Processing /opt/airflow/dags/P2M3_soraya_intan_DAG.py took 0.674 seconds
[2026-04-27T11:40:42.403+0000] {processor.py:153} INFO - Started process (PID=99) to work on /opt/airflow/dags/P2M3_soraya_intan_DAG.py
[2026-04-27T11:40:42.410+0000] {processor.py:640} INFO - Processing file /opt/airflow/dags/P2M3_soraya_intan_DAG.py for tasks to queue
[2026-04-27T11:40:42.413+0000] {logging_mixin.py:115} INFO - [2026-04-27T11:40:42.413+0000] {dagbag.py:508} INFO - Filling up the DagBag from /opt/airflow/dags/P2M3_soraya_intan_DAG.py
[2026-04-27T11:40:43.107+0000] {processor.py:650} INFO - DAG(s) dict_keys(['P2M3_soraya_intan_DAG']) retrieved from /opt/airflow/dags/P2M3_soraya_intan_DAG.py
[2026-04-27T11:40:43.152+0000] {logging_mixin.py:115} INFO - [2026-04-27T11:40:43.151+0000] {dag.py:2429} INFO - Sync 1 DAGs
[2026-04-27T11:40:43.193+0000] {logging_mixin.py:115} INFO - [2026-04-27T11:40:43.193+0000] {dag.py:2981} INFO - Setting next_dagrun for P2M3_soraya_intan_DAG to 2026-04-25T09:30:00+00:00, run_after=2026-05-02T09:10:00+00:00
[2026-04-27T11:40:43.222+0000] {processor.py:161} INFO - Processing /opt/airflow/dags/P2M3_soraya_intan_DAG.py took 0.826 seconds
[2026-04-27T11:41:13.804+0000] {processor.py:153} INFO - Started process (PID=101) to work on /opt/airflow/dags/P2M3_soraya_intan_DAG.py
[2026-04-27T11:41:13.807+0000] {processor.py:640} INFO - Processing file /opt/airflow/dags/P2M3_soraya_intan_DAG.py for tasks to queue
[2026-04-27T11:41:13.810+0000] {logging_mixin.py:115} INFO - [2026-04-27T11:41:13.810+0000] {dagbag.py:508} INFO - Filling up the DagBag from /opt/airflow/dags/P2M3_soraya_intan_DAG.py
[2026-04-27T11:41:14.577+0000] {processor.py:650} INFO - DAG(s) dict_keys(['P2M3_soraya_intan_DAG']) retrieved from /opt/airflow/dags/P2M3_soraya_intan_DAG.py
[2026-04-27T11:41:14.626+0000] {logging_mixin.py:115} INFO - [2026-04-27T11:41:14.625+0000] {dag.py:2429} INFO - Sync 1 DAGs
[2026-04-27T11:41:14.666+0000] {logging_mixin.py:115} INFO - [2026-04-27T11:41:14.666+0000] {dag.py:2981} INFO - Setting next_dagrun for P2M3_soraya_intan_DAG to 2026-04-25T09:30:00+00:00, run_after=2026-05-02T09:10:00+00:00
[2026-04-27T11:41:14.689+0000] {processor.py:161} INFO - Processing /opt/airflow/dags/P2M3_soraya_intan_DAG.py took 0.891 seconds
[2026-04-27T11:41:45.121+0000] {processor.py:153} INFO - Started process (PID=103) to work on /opt/airflow/dags/P2M3_soraya_intan_DAG.py
[2026-04-27T11:41:45.127+0000] {processor.py:640} INFO - Processing file /opt/airflow/dags/P2M3_soraya_intan_DAG.py for tasks to queue
[2026-04-27T11:41:45.130+0000] {logging_mixin.py:115} INFO - [2026-04-27T11:41:45.130+0000] {dagbag.py:508} INFO - Filling up the DagBag from /opt/airflow/dags/P2M3_soraya_intan_DAG.py
[2026-04-27T11:41:45.756+0000] {processor.py:650} INFO - DAG(s) dict_keys(['P2M3_soraya_intan_DAG']) retrieved from /opt/airflow/dags/P2M3_soraya_intan_DAG.py
[2026-04-27T11:41:45.789+0000] {logging_mixin.py:115} INFO - [2026-04-27T11:41:45.788+0000] {dag.py:2429} INFO - Sync 1 DAGs
[2026-04-27T11:41:45.824+0000] {logging_mixin.py:115} INFO - [2026-04-27T11:41:45.823+0000] {dag.py:2981} INFO - Setting next_dagrun for P2M3_soraya_intan_DAG to 2026-04-25T09:30:00+00:00, run_after=2026-05-02T09:10:00+00:00
[2026-04-27T11:41:45.852+0000] {processor.py:161} INFO - Processing /opt/airflow/dags/P2M3_soraya_intan_DAG.py took 0.738 seconds
[2026-04-27T11:42:16.081+0000] {processor.py:153} INFO - Started process (PID=105) to work on /opt/airflow/dags/P2M3_soraya_intan_DAG.py
[2026-04-27T11:42:16.087+0000] {processor.py:640} INFO - Processing file /opt/airflow/dags/P2M3_soraya_intan_DAG.py for tasks to queue
[2026-04-27T11:42:16.100+0000] {logging_mixin.py:115} INFO - [2026-04-27T11:42:16.100+0000] {dagbag.py:508} INFO - Filling up the DagBag from /opt/airflow/dags/P2M3_soraya_intan_DAG.py
[2026-04-27T11:42:17.281+0000] {processor.py:650} INFO - DAG(s) dict_keys(['P2M3_soraya_intan_DAG']) retrieved from /opt/airflow/dags/P2M3_soraya_intan_DAG.py
[2026-04-27T11:42:17.343+0000] {logging_mixin.py:115} INFO - [2026-04-27T11:42:17.342+0000] {dag.py:2429} INFO - Sync 1 DAGs
[2026-04-27T11:42:17.428+0000] {logging_mixin.py:115} INFO - [2026-04-27T11:42:17.428+0000] {dag.py:2981} INFO - Setting next_dagrun for P2M3_soraya_intan_DAG to 2026-04-25T09:30:00+00:00, run_after=2026-05-02T09:10:00+00:00
[2026-04-27T11:42:17.466+0000] {processor.py:161} INFO - Processing /opt/airflow/dags/P2M3_soraya_intan_DAG.py took 1.400 seconds
[2026-04-27T11:42:47.599+0000] {processor.py:153} INFO - Started process (PID=107) to work on /opt/airflow/dags/P2M3_soraya_intan_DAG.py
[2026-04-27T11:42:47.601+0000] {processor.py:640} INFO - Processing file /opt/airflow/dags/P2M3_soraya_intan_DAG.py for tasks to queue
[2026-04-27T11:42:47.605+0000] {logging_mixin.py:115} INFO - [2026-04-27T11:42:47.605+0000] {dagbag.py:508} INFO - Filling up the DagBag from /opt/airflow/dags/P2M3_soraya_intan_DAG.py
[2026-04-27T11:42:48.215+0000] {processor.py:650} INFO - DAG(s) dict_keys(['P2M3_soraya_intan_DAG']) retrieved from /opt/airflow/dags/P2M3_soraya_intan_DAG.py
[2026-04-27T11:42:48.284+0000] {logging_mixin.py:115} INFO - [2026-04-27T11:42:48.283+0000] {dag.py:2429} INFO - Sync 1 DAGs
[2026-04-27T11:42:48.332+0000] {logging_mixin.py:115} INFO - [2026-04-27T11:42:48.332+0000] {dag.py:2981} INFO - Setting next_dagrun for P2M3_soraya_intan_DAG to 2026-04-25T09:30:00+00:00, run_after=2026-05-02T09:10:00+00:00
[2026-04-27T11:42:48.362+0000] {processor.py:161} INFO - Processing /opt/airflow/dags/P2M3_soraya_intan_DAG.py took 0.771 seconds
[2026-04-27T11:43:19.329+0000] {processor.py:153} INFO - Started process (PID=109) to work on /opt/airflow/dags/P2M3_soraya_intan_DAG.py
[2026-04-27T11:43:19.342+0000] {processor.py:640} INFO - Processing file /opt/airflow/dags/P2M3_soraya_intan_DAG.py for tasks to queue
[2026-04-27T11:43:19.358+0000] {logging_mixin.py:115} INFO - [2026-04-27T11:43:19.358+0000] {dagbag.py:508} INFO - Filling up the DagBag from /opt/airflow/dags/P2M3_soraya_intan_DAG.py
[2026-04-27T11:43:22.637+0000] {processor.py:650} INFO - DAG(s) dict_keys(['P2M3_soraya_intan_DAG']) retrieved from /opt/airflow/dags/P2M3_soraya_intan_DAG.py
[2026-04-27T11:43:22.762+0000] {logging_mixin.py:115} INFO - [2026-04-27T11:43:22.760+0000] {dag.py:2429} INFO - Sync 1 DAGs
[2026-04-27T11:43:23.040+0000] {logging_mixin.py:115} INFO - [2026-04-27T11:43:23.040+0000] {dag.py:2981} INFO - Setting next_dagrun for P2M3_soraya_intan_DAG to 2026-04-25T09:30:00+00:00, run_after=2026-05-02T09:10:00+00:00
[2026-04-27T11:43:23.135+0000] {processor.py:161} INFO - Processing /opt/airflow/dags/P2M3_soraya_intan_DAG.py took 3.835 seconds
[2026-04-27T11:43:53.890+0000] {processor.py:153} INFO - Started process (PID=111) to work on /opt/airflow/dags/P2M3_soraya_intan_DAG.py
[2026-04-27T11:43:53.901+0000] {processor.py:640} INFO - Processing file /opt/airflow/dags/P2M3_soraya_intan_DAG.py for tasks to queue
[2026-04-27T11:43:53.903+0000] {logging_mixin.py:115} INFO - [2026-04-27T11:43:53.903+0000] {dagbag.py:508} INFO - Filling up the DagBag from /opt/airflow/dags/P2M3_soraya_intan_DAG.py
[2026-04-27T11:43:54.663+0000] {processor.py:650} INFO - DAG(s) dict_keys(['P2M3_soraya_intan_DAG']) retrieved from /opt/airflow/dags/P2M3_soraya_intan_DAG.py
[2026-04-27T11:43:54.693+0000] {logging_mixin.py:115} INFO - [2026-04-27T11:43:54.693+0000] {dag.py:2429} INFO - Sync 1 DAGs
[2026-04-27T11:43:54.723+0000] {logging_mixin.py:115} INFO - [2026-04-27T11:43:54.723+0000] {dag.py:2981} INFO - Setting next_dagrun for P2M3_soraya_intan_DAG to 2026-04-25T09:30:00+00:00, run_after=2026-05-02T09:10:00+00:00
[2026-04-27T11:43:54.741+0000] {processor.py:161} INFO - Processing /opt/airflow/dags/P2M3_soraya_intan_DAG.py took 0.859 seconds
[2026-04-27T11:44:24.989+0000] {processor.py:153} INFO - Started process (PID=113) to work on /opt/airflow/dags/P2M3_soraya_intan_DAG.py
[2026-04-27T11:44:24.997+0000] {processor.py:640} INFO - Processing file /opt/airflow/dags/P2M3_soraya_intan_DAG.py for tasks to queue
[2026-04-27T11:44:25.005+0000] {logging_mixin.py:115} INFO - [2026-04-27T11:44:25.003+0000] {dagbag.py:508} INFO - Filling up the DagBag from /opt/airflow/dags/P2M3_soraya_intan_DAG.py
[2026-04-27T11:44:26.253+0000] {processor.py:650} INFO - DAG(s) dict_keys(['P2M3_soraya_intan_DAG']) retrieved from /opt/airflow/dags/P2M3_soraya_intan_DAG.py
[2026-04-27T11:44:26.294+0000] {logging_mixin.py:115} INFO - [2026-04-27T11:44:26.293+0000] {dag.py:2429} INFO - Sync 1 DAGs
[2026-04-27T11:44:26.329+0000] {logging_mixin.py:115} INFO - [2026-04-27T11:44:26.329+0000] {dag.py:2981} INFO - Setting next_dagrun for P2M3_soraya_intan_DAG to 2026-04-25T09:30:00+00:00, run_after=2026-05-02T09:10:00+00:00
[2026-04-27T11:44:26.352+0000] {processor.py:161} INFO - Processing /opt/airflow/dags/P2M3_soraya_intan_DAG.py took 1.384 seconds
[2026-04-27T11:44:56.561+0000] {processor.py:153} INFO - Started process (PID=115) to work on /opt/airflow/dags/P2M3_soraya_intan_DAG.py
[2026-04-27T11:44:56.565+0000] {processor.py:640} INFO - Processing file /opt/airflow/dags/P2M3_soraya_intan_DAG.py for tasks to queue
[2026-04-27T11:44:56.570+0000] {logging_mixin.py:115} INFO - [2026-04-27T11:44:56.570+0000] {dagbag.py:508} INFO - Filling up the DagBag from /opt/airflow/dags/P2M3_soraya_intan_DAG.py
[2026-04-27T11:44:57.262+0000] {processor.py:650} INFO - DAG(s) dict_keys(['P2M3_soraya_intan_DAG']) retrieved from /opt/airflow/dags/P2M3_soraya_intan_DAG.py
[2026-04-27T11:44:57.301+0000] {logging_mixin.py:115} INFO - [2026-04-27T11:44:57.300+0000] {dag.py:2429} INFO - Sync 1 DAGs
[2026-04-27T11:44:57.332+0000] {logging_mixin.py:115} INFO - [2026-04-27T11:44:57.332+0000] {dag.py:2981} INFO - Setting next_dagrun for P2M3_soraya_intan_DAG to 2026-04-25T09:30:00+00:00, run_after=2026-05-02T09:10:00+00:00
[2026-04-27T11:44:57.350+0000] {processor.py:161} INFO - Processing /opt/airflow/dags/P2M3_soraya_intan_DAG.py took 0.802 seconds
[2026-04-27T11:45:27.659+0000] {processor.py:153} INFO - Started process (PID=117) to work on /opt/airflow/dags/P2M3_soraya_intan_DAG.py
[2026-04-27T11:45:27.670+0000] {processor.py:640} INFO - Processing file /opt/airflow/dags/P2M3_soraya_intan_DAG.py for tasks to queue
[2026-04-27T11:45:27.680+0000] {logging_mixin.py:115} INFO - [2026-04-27T11:45:27.679+0000] {dagbag.py:508} INFO - Filling up the DagBag from /opt/airflow/dags/P2M3_soraya_intan_DAG.py
[2026-04-27T11:45:29.188+0000] {processor.py:650} INFO - DAG(s) dict_keys(['P2M3_soraya_intan_DAG']) retrieved from /opt/airflow/dags/P2M3_soraya_intan_DAG.py
[2026-04-27T11:45:29.249+0000] {logging_mixin.py:115} INFO - [2026-04-27T11:45:29.248+0000] {dag.py:2429} INFO - Sync 1 DAGs
[2026-04-27T11:45:29.312+0000] {logging_mixin.py:115} INFO - [2026-04-27T11:45:29.311+0000] {dag.py:2981} INFO - Setting next_dagrun for P2M3_soraya_intan_DAG to 2026-04-25T09:30:00+00:00, run_after=2026-05-02T09:10:00+00:00
[2026-04-27T11:45:29.350+0000] {processor.py:161} INFO - Processing /opt/airflow/dags/P2M3_soraya_intan_DAG.py took 1.731 seconds
[2026-04-27T11:45:59.889+0000] {processor.py:153} INFO - Started process (PID=119) to work on /opt/airflow/dags/P2M3_soraya_intan_DAG.py
[2026-04-27T11:45:59.901+0000] {processor.py:640} INFO - Processing file /opt/airflow/dags/P2M3_soraya_intan_DAG.py for tasks to queue
[2026-04-27T11:45:59.915+0000] {logging_mixin.py:115} INFO - [2026-04-27T11:45:59.914+0000] {dagbag.py:508} INFO - Filling up the DagBag from /opt/airflow/dags/P2M3_soraya_intan_DAG.py
[2026-04-27T11:46:01.602+0000] {processor.py:650} INFO - DAG(s) dict_keys(['P2M3_soraya_intan_DAG']) retrieved from /opt/airflow/dags/P2M3_soraya_intan_DAG.py
[2026-04-27T11:46:01.635+0000] {logging_mixin.py:115} INFO - [2026-04-27T11:46:01.635+0000] {dag.py:2429} INFO - Sync 1 DAGs
[2026-04-27T11:46:01.680+0000] {logging_mixin.py:115} INFO - [2026-04-27T11:46:01.680+0000] {dag.py:2981} INFO - Setting next_dagrun for P2M3_soraya_intan_DAG to 2026-04-25T09:30:00+00:00, run_after=2026-05-02T09:10:00+00:00
[2026-04-27T11:46:01.713+0000] {processor.py:161} INFO - Processing /opt/airflow/dags/P2M3_soraya_intan_DAG.py took 1.860 seconds
[2026-04-27T11:46:32.350+0000] {processor.py:153} INFO - Started process (PID=121) to work on /opt/airflow/dags/P2M3_soraya_intan_DAG.py
[2026-04-27T11:46:32.363+0000] {processor.py:640} INFO - Processing file /opt/airflow/dags/P2M3_soraya_intan_DAG.py for tasks to queue
[2026-04-27T11:46:32.367+0000] {logging_mixin.py:115} INFO - [2026-04-27T11:46:32.367+0000] {dagbag.py:508} INFO - Filling up the DagBag from /opt/airflow/dags/P2M3_soraya_intan_DAG.py
[2026-04-27T11:46:33.949+0000] {processor.py:650} INFO - DAG(s) dict_keys(['P2M3_soraya_intan_DAG']) retrieved from /opt/airflow/dags/P2M3_soraya_intan_DAG.py
[2026-04-27T11:46:34.134+0000] {logging_mixin.py:115} INFO - [2026-04-27T11:46:34.130+0000] {dag.py:2429} INFO - Sync 1 DAGs
[2026-04-27T11:46:34.247+0000] {logging_mixin.py:115} INFO - [2026-04-27T11:46:34.247+0000] {dag.py:2981} INFO - Setting next_dagrun for P2M3_soraya_intan_DAG to 2026-04-25T09:30:00+00:00, run_after=2026-05-02T09:10:00+00:00
[2026-04-27T11:46:34.305+0000] {processor.py:161} INFO - Processing /opt/airflow/dags/P2M3_soraya_intan_DAG.py took 1.974 seconds
[2026-04-27T11:47:04.526+0000] {processor.py:153} INFO - Started process (PID=123) to work on /opt/airflow/dags/P2M3_soraya_intan_DAG.py
[2026-04-27T11:47:04.540+0000] {processor.py:640} INFO - Processing file /opt/airflow/dags/P2M3_soraya_intan_DAG.py for tasks to queue
[2026-04-27T11:47:04.555+0000] {logging_mixin.py:115} INFO - [2026-04-27T11:47:04.555+0000] {dagbag.py:508} INFO - Filling up the DagBag from /opt/airflow/dags/P2M3_soraya_intan_DAG.py
[2026-04-27T11:47:05.469+0000] {processor.py:650} INFO - DAG(s) dict_keys(['P2M3_soraya_intan_DAG']) retrieved from /opt/airflow/dags/P2M3_soraya_intan_DAG.py
[2026-04-27T11:47:05.517+0000] {logging_mixin.py:115} INFO - [2026-04-27T11:47:05.516+0000] {dag.py:2429} INFO - Sync 1 DAGs
[2026-04-27T11:47:05.562+0000] {logging_mixin.py:115} INFO - [2026-04-27T11:47:05.561+0000] {dag.py:2981} INFO - Setting next_dagrun for P2M3_soraya_intan_DAG to 2026-04-25T09:30:00+00:00, run_after=2026-05-02T09:10:00+00:00
[2026-04-27T11:47:05.586+0000] {processor.py:161} INFO - Processing /opt/airflow/dags/P2M3_soraya_intan_DAG.py took 1.072 seconds
[2026-04-27T11:47:35.796+0000] {processor.py:153} INFO - Started process (PID=125) to work on /opt/airflow/dags/P2M3_soraya_intan_DAG.py
[2026-04-27T11:47:35.804+0000] {processor.py:640} INFO - Processing file /opt/airflow/dags/P2M3_soraya_intan_DAG.py for tasks to queue
[2026-04-27T11:47:35.808+0000] {logging_mixin.py:115} INFO - [2026-04-27T11:47:35.808+0000] {dagbag.py:508} INFO - Filling up the DagBag from /opt/airflow/dags/P2M3_soraya_intan_DAG.py
[2026-04-27T11:47:37.064+0000] {processor.py:650} INFO - DAG(s) dict_keys(['P2M3_soraya_intan_DAG']) retrieved from /opt/airflow/dags/P2M3_soraya_intan_DAG.py
[2026-04-27T11:47:37.139+0000] {logging_mixin.py:115} INFO - [2026-04-27T11:47:37.138+0000] {dag.py:2429} INFO - Sync 1 DAGs
[2026-04-27T11:47:37.179+0000] {logging_mixin.py:115} INFO - [2026-04-27T11:47:37.178+0000] {dag.py:2981} INFO - Setting next_dagrun for P2M3_soraya_intan_DAG to 2026-04-25T09:30:00+00:00, run_after=2026-05-02T09:10:00+00:00
[2026-04-27T11:47:37.198+0000] {processor.py:161} INFO - Processing /opt/airflow/dags/P2M3_soraya_intan_DAG.py took 1.413 seconds
[2026-04-27T11:48:08.107+0000] {processor.py:153} INFO - Started process (PID=127) to work on /opt/airflow/dags/P2M3_soraya_intan_DAG.py
[2026-04-27T11:48:08.125+0000] {processor.py:640} INFO - Processing file /opt/airflow/dags/P2M3_soraya_intan_DAG.py for tasks to queue
[2026-04-27T11:48:08.133+0000] {logging_mixin.py:115} INFO - [2026-04-27T11:48:08.129+0000] {dagbag.py:508} INFO - Filling up the DagBag from /opt/airflow/dags/P2M3_soraya_intan_DAG.py
[2026-04-27T11:48:09.742+0000] {processor.py:650} INFO - DAG(s) dict_keys(['P2M3_soraya_intan_DAG']) retrieved from /opt/airflow/dags/P2M3_soraya_intan_DAG.py
[2026-04-27T11:48:09.812+0000] {logging_mixin.py:115} INFO - [2026-04-27T11:48:09.811+0000] {dag.py:2429} INFO - Sync 1 DAGs
[2026-04-27T11:48:09.876+0000] {logging_mixin.py:115} INFO - [2026-04-27T11:48:09.876+0000] {dag.py:2981} INFO - Setting next_dagrun for P2M3_soraya_intan_DAG to 2026-04-25T09:30:00+00:00, run_after=2026-05-02T09:10:00+00:00
[2026-04-27T11:48:09.922+0000] {processor.py:161} INFO - Processing /opt/airflow/dags/P2M3_soraya_intan_DAG.py took 1.878 seconds
[2026-04-27T11:48:40.226+0000] {processor.py:153} INFO - Started process (PID=129) to work on /opt/airflow/dags/P2M3_soraya_intan_DAG.py
[2026-04-27T11:48:40.230+0000] {processor.py:640} INFO - Processing file /opt/airflow/dags/P2M3_soraya_intan_DAG.py for tasks to queue
[2026-04-27T11:48:40.233+0000] {logging_mixin.py:115} INFO - [2026-04-27T11:48:40.232+0000] {dagbag.py:508} INFO - Filling up the DagBag from /opt/airflow/dags/P2M3_soraya_intan_DAG.py
[2026-04-27T11:48:40.979+0000] {processor.py:650} INFO - DAG(s) dict_keys(['P2M3_soraya_intan_DAG']) retrieved from /opt/airflow/dags/P2M3_soraya_intan_DAG.py
[2026-04-27T11:48:41.035+0000] {logging_mixin.py:115} INFO - [2026-04-27T11:48:41.033+0000] {dag.py:2429} INFO - Sync 1 DAGs
[2026-04-27T11:48:41.078+0000] {logging_mixin.py:115} INFO - [2026-04-27T11:48:41.077+0000] {dag.py:2981} INFO - Setting next_dagrun for P2M3_soraya_intan_DAG to 2026-04-25T09:30:00+00:00, run_after=2026-05-02T09:10:00+00:00
[2026-04-27T11:48:41.102+0000] {processor.py:161} INFO - Processing /opt/airflow/dags/P2M3_soraya_intan_DAG.py took 0.884 seconds
[2026-04-27T11:49:11.761+0000] {processor.py:153} INFO - Started process (PID=131) to work on /opt/airflow/dags/P2M3_soraya_intan_DAG.py
[2026-04-27T11:49:11.765+0000] {processor.py:640} INFO - Processing file /opt/airflow/dags/P2M3_soraya_intan_DAG.py for tasks to queue
[2026-04-27T11:49:11.776+0000] {logging_mixin.py:115} INFO - [2026-04-27T11:49:11.776+0000] {dagbag.py:508} INFO - Filling up the DagBag from /opt/airflow/dags/P2M3_soraya_intan_DAG.py
[2026-04-27T11:49:14.146+0000] {processor.py:650} INFO - DAG(s) dict_keys(['P2M3_soraya_intan_DAG']) retrieved from /opt/airflow/dags/P2M3_soraya_intan_DAG.py
[2026-04-27T11:49:14.223+0000] {logging_mixin.py:115} INFO - [2026-04-27T11:49:14.221+0000] {dag.py:2429} INFO - Sync 1 DAGs
[2026-04-27T11:49:14.644+0000] {logging_mixin.py:115} INFO - [2026-04-27T11:49:14.644+0000] {dag.py:2981} INFO - Setting next_dagrun for P2M3_soraya_intan_DAG to 2026-04-25T09:30:00+00:00, run_after=2026-05-02T09:10:00+00:00
[2026-04-27T11:49:14.836+0000] {processor.py:161} INFO - Processing /opt/airflow/dags/P2M3_soraya_intan_DAG.py took 3.087 seconds
[2026-04-27T11:49:45.225+0000] {processor.py:153} INFO - Started process (PID=133) to work on /opt/airflow/dags/P2M3_soraya_intan_DAG.py
[2026-04-27T11:49:45.231+0000] {processor.py:640} INFO - Processing file /opt/airflow/dags/P2M3_soraya_intan_DAG.py for tasks to queue
[2026-04-27T11:49:45.239+0000] {logging_mixin.py:115} INFO - [2026-04-27T11:49:45.238+0000] {dagbag.py:508} INFO - Filling up the DagBag from /opt/airflow/dags/P2M3_soraya_intan_DAG.py
[2026-04-27T11:49:47.068+0000] {processor.py:650} INFO - DAG(s) dict_keys(['P2M3_soraya_intan_DAG']) retrieved from /opt/airflow/dags/P2M3_soraya_intan_DAG.py
[2026-04-27T11:49:47.102+0000] {logging_mixin.py:115} INFO - [2026-04-27T11:49:47.101+0000] {dag.py:2429} INFO - Sync 1 DAGs
[2026-04-27T11:49:47.141+0000] {logging_mixin.py:115} INFO - [2026-04-27T11:49:47.140+0000] {dag.py:2981} INFO - Setting next_dagrun for P2M3_soraya_intan_DAG to 2026-04-25T09:30:00+00:00, run_after=2026-05-02T09:10:00+00:00
[2026-04-27T11:49:47.164+0000] {processor.py:161} INFO - Processing /opt/airflow/dags/P2M3_soraya_intan_DAG.py took 1.954 seconds
[2026-04-27T11:50:17.506+0000] {processor.py:153} INFO - Started process (PID=135) to work on /opt/airflow/dags/P2M3_soraya_intan_DAG.py
[2026-04-27T11:50:17.511+0000] {processor.py:640} INFO - Processing file /opt/airflow/dags/P2M3_soraya_intan_DAG.py for tasks to queue
[2026-04-27T11:50:17.524+0000] {logging_mixin.py:115} INFO - [2026-04-27T11:50:17.523+0000] {dagbag.py:508} INFO - Filling up the DagBag from /opt/airflow/dags/P2M3_soraya_intan_DAG.py
[2026-04-27T11:50:18.999+0000] {processor.py:650} INFO - DAG(s) dict_keys(['P2M3_soraya_intan_DAG']) retrieved from /opt/airflow/dags/P2M3_soraya_intan_DAG.py
[2026-04-27T11:50:19.049+0000] {logging_mixin.py:115} INFO - [2026-04-27T11:50:19.048+0000] {dag.py:2429} INFO - Sync 1 DAGs
[2026-04-27T11:50:19.093+0000] {logging_mixin.py:115} INFO - [2026-04-27T11:50:19.093+0000] {dag.py:2981} INFO - Setting next_dagrun for P2M3_soraya_intan_DAG to 2026-04-25T09:30:00+00:00, run_after=2026-05-02T09:10:00+00:00
[2026-04-27T11:50:19.125+0000] {processor.py:161} INFO - Processing /opt/airflow/dags/P2M3_soraya_intan_DAG.py took 1.631 seconds
