[2026-04-25T08:06:56.895+0000] {taskinstance.py:1171} INFO - Dependencies all met for <TaskInstance: P2M3_soraya_intan_DAG.data_cleaning manual__2026-04-25T08:06:45.862314+00:00 [queued]>
[2026-04-25T08:06:56.917+0000] {taskinstance.py:1171} INFO - Dependencies all met for <TaskInstance: P2M3_soraya_intan_DAG.data_cleaning manual__2026-04-25T08:06:45.862314+00:00 [queued]>
[2026-04-25T08:06:56.920+0000] {taskinstance.py:1368} INFO - 
--------------------------------------------------------------------------------
[2026-04-25T08:06:56.924+0000] {taskinstance.py:1369} INFO - Starting attempt 1 of 2
[2026-04-25T08:06:56.926+0000] {taskinstance.py:1370} INFO - 
--------------------------------------------------------------------------------
[2026-04-25T08:06:56.968+0000] {taskinstance.py:1389} INFO - Executing <Task(PythonOperator): data_cleaning> on 2026-04-25 08:06:45.862314+00:00
[2026-04-25T08:06:56.977+0000] {standard_task_runner.py:52} INFO - Started process 40 to run task
[2026-04-25T08:06:56.984+0000] {standard_task_runner.py:79} INFO - Running: ['***', 'tasks', 'run', 'P2M3_soraya_intan_DAG', 'data_cleaning', 'manual__2026-04-25T08:06:45.862314+00:00', '--job-id', '27', '--raw', '--subdir', 'DAGS_FOLDER/P2M3_soraya_intan_DAG.py', '--cfg-path', '/tmp/tmp7uxbo76o', '--error-file', '/tmp/tmpy_ntbmcr']
[2026-04-25T08:06:56.988+0000] {standard_task_runner.py:80} INFO - Job 27: Subtask data_cleaning
[2026-04-25T08:06:57.108+0000] {task_command.py:371} INFO - Running <TaskInstance: P2M3_soraya_intan_DAG.data_cleaning manual__2026-04-25T08:06:45.862314+00:00 [running]> on host efcd43bacc72
[2026-04-25T08:06:57.233+0000] {taskinstance.py:1583} INFO - Exporting the following env vars:
AIRFLOW_CTX_DAG_OWNER=soraya_intan
AIRFLOW_CTX_DAG_ID=P2M3_soraya_intan_DAG
AIRFLOW_CTX_TASK_ID=data_cleaning
AIRFLOW_CTX_EXECUTION_DATE=2026-04-25T08:06:45.862314+00:00
AIRFLOW_CTX_TRY_NUMBER=1
AIRFLOW_CTX_DAG_RUN_ID=manual__2026-04-25T08:06:45.862314+00:00
[2026-04-25T08:06:57.528+0000] {python.py:173} INFO - Done. Returned value was: None
[2026-04-25T08:06:57.552+0000] {taskinstance.py:1412} INFO - Marking task as SUCCESS. dag_id=P2M3_soraya_intan_DAG, task_id=data_cleaning, execution_date=20260425T080645, start_date=20260425T080656, end_date=20260425T080657
[2026-04-25T08:06:57.600+0000] {local_task_job.py:156} INFO - Task exited with return code 0
[2026-04-25T08:06:57.660+0000] {local_task_job.py:279} INFO - 1 downstream tasks scheduled from follow-on schedule check
