[2026-04-27T11:19:33.054+0000] {manager.py:480} INFO - Processing files using up to 2 processes at a time 
[2026-04-27T11:19:33.115+0000] {manager.py:481} INFO - Process each file at most once every 30 seconds
[2026-04-27T11:19:33.132+0000] {manager.py:483} INFO - Checking for new files in /opt/airflow/dags every 300 seconds
[2026-04-27T11:19:33.164+0000] {manager.py:709} INFO - Searching for files in /opt/airflow/dags
[2026-04-27T11:19:33.968+0000] {manager.py:712} INFO - There are 1 files in /opt/airflow/dags
[2026-04-27T11:19:35.241+0000] {manager.py:828} INFO - 
================================================================================
DAG File Processing Stats

File Path                                     PID  Runtime      # DAGs    # Errors  Last Runtime    Last Run
------------------------------------------  -----  ---------  --------  ----------  --------------  ----------
/opt/airflow/dags/P2M3_soraya_intan_DAG.py     25  0.32s             0           0
================================================================================
[2026-04-27T11:20:05.263+0000] {manager.py:828} INFO - 
================================================================================
DAG File Processing Stats

File Path                                   PID    Runtime      # DAGs    # Errors  Last Runtime    Last Run
------------------------------------------  -----  ---------  --------  ----------  --------------  -------------------
/opt/airflow/dags/P2M3_soraya_intan_DAG.py                           1           0  8.92s           2026-04-27T11:19:43
================================================================================
[2026-04-27T11:20:36.004+0000] {manager.py:828} INFO - 
================================================================================
DAG File Processing Stats

File Path                                   PID    Runtime      # DAGs    # Errors  Last Runtime    Last Run
------------------------------------------  -----  ---------  --------  ----------  --------------  -------------------
/opt/airflow/dags/P2M3_soraya_intan_DAG.py                           1           0  17.15s          2026-04-27T11:20:31
================================================================================
[2026-04-27T11:21:06.829+0000] {manager.py:828} INFO - 
================================================================================
DAG File Processing Stats

File Path                                     PID  Runtime      # DAGs    # Errors  Last Runtime    Last Run
------------------------------------------  -----  ---------  --------  ----------  --------------  -------------------
/opt/airflow/dags/P2M3_soraya_intan_DAG.py     29  4.55s             1           0  17.15s          2026-04-27T11:20:31
================================================================================
[2026-04-27T11:21:37.933+0000] {manager.py:828} INFO - 
================================================================================
DAG File Processing Stats

File Path                                   PID    Runtime      # DAGs    # Errors  Last Runtime    Last Run
------------------------------------------  -----  ---------  --------  ----------  --------------  -------------------
/opt/airflow/dags/P2M3_soraya_intan_DAG.py                           1           0  21.65s          2026-04-27T11:21:23
================================================================================
[2026-04-27T11:22:08.659+0000] {manager.py:828} INFO - 
================================================================================
DAG File Processing Stats

File Path                                   PID    Runtime      # DAGs    # Errors  Last Runtime    Last Run
------------------------------------------  -----  ---------  --------  ----------  --------------  -------------------
/opt/airflow/dags/P2M3_soraya_intan_DAG.py                           1           0  11.36s          2026-04-27T11:22:05
================================================================================
[2026-04-27T11:22:38.968+0000] {manager.py:828} INFO - 
================================================================================
DAG File Processing Stats

File Path                                     PID  Runtime      # DAGs    # Errors  Last Runtime    Last Run
------------------------------------------  -----  ---------  --------  ----------  --------------  -------------------
/opt/airflow/dags/P2M3_soraya_intan_DAG.py     33  3.05s             1           0  11.36s          2026-04-27T11:22:05
================================================================================
[2026-04-27T11:23:09.172+0000] {manager.py:828} INFO - 
================================================================================
DAG File Processing Stats

File Path                                   PID    Runtime      # DAGs    # Errors  Last Runtime    Last Run
------------------------------------------  -----  ---------  --------  ----------  --------------  -------------------
/opt/airflow/dags/P2M3_soraya_intan_DAG.py                           1           0  4.25s           2026-04-27T11:22:40
================================================================================
[2026-04-27T11:23:39.602+0000] {manager.py:828} INFO - 
================================================================================
DAG File Processing Stats

File Path                                   PID    Runtime      # DAGs    # Errors  Last Runtime    Last Run
------------------------------------------  -----  ---------  --------  ----------  --------------  -------------------
/opt/airflow/dags/P2M3_soraya_intan_DAG.py                           1           0  8.79s           2026-04-27T11:23:18
================================================================================
[2026-04-27T11:24:09.830+0000] {manager.py:828} INFO - 
================================================================================
DAG File Processing Stats

File Path                                   PID    Runtime      # DAGs    # Errors  Last Runtime    Last Run
------------------------------------------  -----  ---------  --------  ----------  --------------  -------------------
/opt/airflow/dags/P2M3_soraya_intan_DAG.py                           1           0  13.64s          2026-04-27T11:24:02
================================================================================
[2026-04-27T11:24:33.183+0000] {manager.py:709} INFO - Searching for files in /opt/airflow/dags
[2026-04-27T11:24:33.334+0000] {manager.py:712} INFO - There are 1 files in /opt/airflow/dags
[2026-04-27T11:24:39.931+0000] {manager.py:828} INFO - 
================================================================================
DAG File Processing Stats

File Path                                   PID    Runtime      # DAGs    # Errors  Last Runtime    Last Run
------------------------------------------  -----  ---------  --------  ----------  --------------  -------------------
/opt/airflow/dags/P2M3_soraya_intan_DAG.py                           1           0  1.53s           2026-04-27T11:24:34
================================================================================
[2026-04-27T11:25:10.053+0000] {manager.py:828} INFO - 
================================================================================
DAG File Processing Stats

File Path                                   PID    Runtime      # DAGs    # Errors  Last Runtime    Last Run
------------------------------------------  -----  ---------  --------  ----------  --------------  -------------------
/opt/airflow/dags/P2M3_soraya_intan_DAG.py                           1           0  2.77s           2026-04-27T11:25:07
================================================================================
[2026-04-27T11:25:40.827+0000] {manager.py:828} INFO - 
================================================================================
DAG File Processing Stats

File Path                                     PID  Runtime      # DAGs    # Errors  Last Runtime    Last Run
------------------------------------------  -----  ---------  --------  ----------  --------------  -------------------
/opt/airflow/dags/P2M3_soraya_intan_DAG.py     43  2.12s             1           0  2.77s           2026-04-27T11:25:07
================================================================================
[2026-04-27T11:26:11.724+0000] {manager.py:828} INFO - 
================================================================================
DAG File Processing Stats

File Path                                   PID    Runtime      # DAGs    # Errors  Last Runtime    Last Run
------------------------------------------  -----  ---------  --------  ----------  --------------  -------------------
/opt/airflow/dags/P2M3_soraya_intan_DAG.py                           1           0  11.15s          2026-04-27T11:25:49
================================================================================
[2026-04-27T11:26:41.788+0000] {manager.py:828} INFO - 
================================================================================
DAG File Processing Stats

File Path                                   PID    Runtime      # DAGs    # Errors  Last Runtime    Last Run
------------------------------------------  -----  ---------  --------  ----------  --------------  -------------------
/opt/airflow/dags/P2M3_soraya_intan_DAG.py                           1           0  3.84s           2026-04-27T11:26:24
================================================================================
[2026-04-27T11:27:12.362+0000] {manager.py:828} INFO - 
================================================================================
DAG File Processing Stats

File Path                                   PID    Runtime      # DAGs    # Errors  Last Runtime    Last Run
------------------------------------------  -----  ---------  --------  ----------  --------------  -------------------
/opt/airflow/dags/P2M3_soraya_intan_DAG.py                           1           0  4.90s           2026-04-27T11:27:00
================================================================================
[2026-04-27T11:27:42.745+0000] {manager.py:828} INFO - 
================================================================================
DAG File Processing Stats

File Path                                   PID    Runtime      # DAGs    # Errors  Last Runtime    Last Run
------------------------------------------  -----  ---------  --------  ----------  --------------  -------------------
/opt/airflow/dags/P2M3_soraya_intan_DAG.py                           1           0  5.49s           2026-04-27T11:27:35
================================================================================
[2026-04-27T11:28:12.856+0000] {manager.py:828} INFO - 
================================================================================
DAG File Processing Stats

File Path                                   PID    Runtime      # DAGs    # Errors  Last Runtime    Last Run
------------------------------------------  -----  ---------  --------  ----------  --------------  -------------------
/opt/airflow/dags/P2M3_soraya_intan_DAG.py                           1           0  2.68s           2026-04-27T11:28:09
================================================================================
[2026-04-27T11:28:43.018+0000] {manager.py:828} INFO - 
================================================================================
DAG File Processing Stats

File Path                                   PID    Runtime      # DAGs    # Errors  Last Runtime    Last Run
------------------------------------------  -----  ---------  --------  ----------  --------------  -------------------
/opt/airflow/dags/P2M3_soraya_intan_DAG.py                           1           0  3.87s           2026-04-27T11:28:43
================================================================================
[2026-04-27T11:29:13.105+0000] {manager.py:828} INFO - 
================================================================================
DAG File Processing Stats

File Path                                     PID  Runtime      # DAGs    # Errors  Last Runtime    Last Run
------------------------------------------  -----  ---------  --------  ----------  --------------  -------------------
/opt/airflow/dags/P2M3_soraya_intan_DAG.py     55  0.01s             1           0  3.87s           2026-04-27T11:28:43
================================================================================
[2026-04-27T11:29:33.288+0000] {manager.py:709} INFO - Searching for files in /opt/airflow/dags
[2026-04-27T11:29:33.379+0000] {manager.py:712} INFO - There are 1 files in /opt/airflow/dags
[2026-04-27T11:29:43.460+0000] {manager.py:828} INFO - 
================================================================================
DAG File Processing Stats

File Path                                   PID    Runtime      # DAGs    # Errors  Last Runtime    Last Run
------------------------------------------  -----  ---------  --------  ----------  --------------  -------------------
/opt/airflow/dags/P2M3_soraya_intan_DAG.py                           1           0  1.56s           2026-04-27T11:29:14
================================================================================
[2026-04-27T11:30:13.506+0000] {manager.py:828} INFO - 
================================================================================
DAG File Processing Stats

File Path                                   PID    Runtime      # DAGs    # Errors  Last Runtime    Last Run
------------------------------------------  -----  ---------  --------  ----------  --------------  -------------------
/opt/airflow/dags/P2M3_soraya_intan_DAG.py                           1           0  1.05s           2026-04-27T11:29:45
================================================================================
[2026-04-27T11:30:43.689+0000] {manager.py:828} INFO - 
================================================================================
DAG File Processing Stats

File Path                                   PID    Runtime      # DAGs    # Errors  Last Runtime    Last Run
------------------------------------------  -----  ---------  --------  ----------  --------------  -------------------
/opt/airflow/dags/P2M3_soraya_intan_DAG.py                           1           0  1.91s           2026-04-27T11:30:18
================================================================================
[2026-04-27T11:31:13.820+0000] {manager.py:828} INFO - 
================================================================================
DAG File Processing Stats

File Path                                   PID    Runtime      # DAGs    # Errors  Last Runtime    Last Run
------------------------------------------  -----  ---------  --------  ----------  --------------  -------------------
/opt/airflow/dags/P2M3_soraya_intan_DAG.py                           1           0  1.09s           2026-04-27T11:30:49
================================================================================
[2026-04-27T11:31:44.108+0000] {manager.py:828} INFO - 
================================================================================
DAG File Processing Stats

File Path                                   PID    Runtime      # DAGs    # Errors  Last Runtime    Last Run
------------------------------------------  -----  ---------  --------  ----------  --------------  -------------------
/opt/airflow/dags/P2M3_soraya_intan_DAG.py                           1           0  0.83s           2026-04-27T11:31:20
================================================================================
[2026-04-27T11:32:14.135+0000] {manager.py:828} INFO - 
================================================================================
DAG File Processing Stats

File Path                                   PID    Runtime      # DAGs    # Errors  Last Runtime    Last Run
------------------------------------------  -----  ---------  --------  ----------  --------------  -------------------
/opt/airflow/dags/P2M3_soraya_intan_DAG.py                           1           0  0.99s           2026-04-27T11:31:51
================================================================================
[2026-04-27T11:32:44.307+0000] {manager.py:828} INFO - 
================================================================================
DAG File Processing Stats

File Path                                   PID    Runtime      # DAGs    # Errors  Last Runtime    Last Run
------------------------------------------  -----  ---------  --------  ----------  --------------  -------------------
/opt/airflow/dags/P2M3_soraya_intan_DAG.py                           1           0  0.79s           2026-04-27T11:32:22
================================================================================
[2026-04-27T11:33:14.399+0000] {manager.py:828} INFO - 
================================================================================
DAG File Processing Stats

File Path                                   PID    Runtime      # DAGs    # Errors  Last Runtime    Last Run
------------------------------------------  -----  ---------  --------  ----------  --------------  -------------------
/opt/airflow/dags/P2M3_soraya_intan_DAG.py                           1           0  1.41s           2026-04-27T11:32:54
================================================================================
[2026-04-27T11:33:44.857+0000] {manager.py:828} INFO - 
================================================================================
DAG File Processing Stats

File Path                                   PID    Runtime      # DAGs    # Errors  Last Runtime    Last Run
------------------------------------------  -----  ---------  --------  ----------  --------------  -------------------
/opt/airflow/dags/P2M3_soraya_intan_DAG.py                           1           0  1.08s           2026-04-27T11:33:26
================================================================================
[2026-04-27T11:34:14.970+0000] {manager.py:828} INFO - 
================================================================================
DAG File Processing Stats

File Path                                   PID    Runtime      # DAGs    # Errors  Last Runtime    Last Run
------------------------------------------  -----  ---------  --------  ----------  --------------  -------------------
/opt/airflow/dags/P2M3_soraya_intan_DAG.py                           1           0  1.15s           2026-04-27T11:33:58
================================================================================
[2026-04-27T11:34:34.175+0000] {manager.py:709} INFO - Searching for files in /opt/airflow/dags
[2026-04-27T11:34:34.258+0000] {manager.py:712} INFO - There are 1 files in /opt/airflow/dags
[2026-04-27T11:34:45.464+0000] {manager.py:828} INFO - 
================================================================================
DAG File Processing Stats

File Path                                   PID    Runtime      # DAGs    # Errors  Last Runtime    Last Run
------------------------------------------  -----  ---------  --------  ----------  --------------  -------------------
/opt/airflow/dags/P2M3_soraya_intan_DAG.py                           1           0  1.11s           2026-04-27T11:34:29
================================================================================
[2026-04-27T11:35:15.767+0000] {manager.py:828} INFO - 
================================================================================
DAG File Processing Stats

File Path                                   PID    Runtime      # DAGs    # Errors  Last Runtime    Last Run
------------------------------------------  -----  ---------  --------  ----------  --------------  -------------------
/opt/airflow/dags/P2M3_soraya_intan_DAG.py                           1           0  0.80s           2026-04-27T11:35:00
================================================================================
[2026-04-27T11:35:45.825+0000] {manager.py:828} INFO - 
================================================================================
DAG File Processing Stats

File Path                                   PID    Runtime      # DAGs    # Errors  Last Runtime    Last Run
------------------------------------------  -----  ---------  --------  ----------  --------------  -------------------
/opt/airflow/dags/P2M3_soraya_intan_DAG.py                           1           0  1.42s           2026-04-27T11:35:31
================================================================================
[2026-04-27T11:36:15.956+0000] {manager.py:828} INFO - 
================================================================================
DAG File Processing Stats

File Path                                   PID    Runtime      # DAGs    # Errors  Last Runtime    Last Run
------------------------------------------  -----  ---------  --------  ----------  --------------  -------------------
/opt/airflow/dags/P2M3_soraya_intan_DAG.py                           1           0  0.80s           2026-04-27T11:36:02
================================================================================
[2026-04-27T11:36:46.057+0000] {manager.py:828} INFO - 
================================================================================
DAG File Processing Stats

File Path                                   PID    Runtime      # DAGs    # Errors  Last Runtime    Last Run
------------------------------------------  -----  ---------  --------  ----------  --------------  -------------------
/opt/airflow/dags/P2M3_soraya_intan_DAG.py                           1           0  0.81s           2026-04-27T11:36:33
================================================================================
[2026-04-27T11:37:16.148+0000] {manager.py:828} INFO - 
================================================================================
DAG File Processing Stats

File Path                                   PID    Runtime      # DAGs    # Errors  Last Runtime    Last Run
------------------------------------------  -----  ---------  --------  ----------  --------------  -------------------
/opt/airflow/dags/P2M3_soraya_intan_DAG.py                           1           0  1.10s           2026-04-27T11:37:05
================================================================================
[2026-04-27T11:37:46.749+0000] {manager.py:828} INFO - 
================================================================================
DAG File Processing Stats

File Path                                   PID    Runtime      # DAGs    # Errors  Last Runtime    Last Run
------------------------------------------  -----  ---------  --------  ----------  --------------  -------------------
/opt/airflow/dags/P2M3_soraya_intan_DAG.py                           1           0  0.98s           2026-04-27T11:37:36
================================================================================
[2026-04-27T11:38:16.876+0000] {manager.py:828} INFO - 
================================================================================
DAG File Processing Stats

File Path                                   PID    Runtime      # DAGs    # Errors  Last Runtime    Last Run
------------------------------------------  -----  ---------  --------  ----------  --------------  -------------------
/opt/airflow/dags/P2M3_soraya_intan_DAG.py                           1           0  1.03s           2026-04-27T11:38:07
================================================================================
[2026-04-27T11:38:46.997+0000] {manager.py:828} INFO - 
================================================================================
DAG File Processing Stats

File Path                                   PID    Runtime      # DAGs    # Errors  Last Runtime    Last Run
------------------------------------------  -----  ---------  --------  ----------  --------------  -------------------
/opt/airflow/dags/P2M3_soraya_intan_DAG.py                           1           0  1.02s           2026-04-27T11:38:38
================================================================================
[2026-04-27T11:39:17.330+0000] {manager.py:828} INFO - 
================================================================================
DAG File Processing Stats

File Path                                   PID    Runtime      # DAGs    # Errors  Last Runtime    Last Run
------------------------------------------  -----  ---------  --------  ----------  --------------  -------------------
/opt/airflow/dags/P2M3_soraya_intan_DAG.py                           1           0  1.14s           2026-04-27T11:39:10
================================================================================
[2026-04-27T11:39:34.385+0000] {manager.py:709} INFO - Searching for files in /opt/airflow/dags
[2026-04-27T11:39:34.407+0000] {manager.py:712} INFO - There are 1 files in /opt/airflow/dags
[2026-04-27T11:39:47.459+0000] {manager.py:828} INFO - 
================================================================================
DAG File Processing Stats

File Path                                   PID    Runtime      # DAGs    # Errors  Last Runtime    Last Run
------------------------------------------  -----  ---------  --------  ----------  --------------  -------------------
/opt/airflow/dags/P2M3_soraya_intan_DAG.py                           1           0  0.99s           2026-04-27T11:39:41
================================================================================
[2026-04-27T11:40:17.550+0000] {manager.py:828} INFO - 
================================================================================
DAG File Processing Stats

File Path                                   PID    Runtime      # DAGs    # Errors  Last Runtime    Last Run
------------------------------------------  -----  ---------  --------  ----------  --------------  -------------------
/opt/airflow/dags/P2M3_soraya_intan_DAG.py                           1           0  0.73s           2026-04-27T11:40:12
================================================================================
[2026-04-27T11:40:47.634+0000] {manager.py:828} INFO - 
================================================================================
DAG File Processing Stats

File Path                                   PID    Runtime      # DAGs    # Errors  Last Runtime    Last Run
------------------------------------------  -----  ---------  --------  ----------  --------------  -------------------
/opt/airflow/dags/P2M3_soraya_intan_DAG.py                           1           0  0.91s           2026-04-27T11:40:43
================================================================================
[2026-04-27T11:41:17.767+0000] {manager.py:828} INFO - 
================================================================================
DAG File Processing Stats

File Path                                   PID    Runtime      # DAGs    # Errors  Last Runtime    Last Run
------------------------------------------  -----  ---------  --------  ----------  --------------  -------------------
/opt/airflow/dags/P2M3_soraya_intan_DAG.py                           1           0  0.98s           2026-04-27T11:41:14
================================================================================
[2026-04-27T11:41:47.901+0000] {manager.py:828} INFO - 
================================================================================
DAG File Processing Stats

File Path                                   PID    Runtime      # DAGs    # Errors  Last Runtime    Last Run
------------------------------------------  -----  ---------  --------  ----------  --------------  -------------------
/opt/airflow/dags/P2M3_soraya_intan_DAG.py                           1           0  0.80s           2026-04-27T11:41:45
================================================================================
[2026-04-27T11:42:18.399+0000] {manager.py:828} INFO - 
================================================================================
DAG File Processing Stats

File Path                                   PID    Runtime      # DAGs    # Errors  Last Runtime    Last Run
------------------------------------------  -----  ---------  --------  ----------  --------------  -------------------
/opt/airflow/dags/P2M3_soraya_intan_DAG.py                           1           0  1.50s           2026-04-27T11:42:17
================================================================================
[2026-04-27T11:42:48.442+0000] {manager.py:828} INFO - 
================================================================================
DAG File Processing Stats

File Path                                   PID    Runtime      # DAGs    # Errors  Last Runtime    Last Run
------------------------------------------  -----  ---------  --------  ----------  --------------  -------------------
/opt/airflow/dags/P2M3_soraya_intan_DAG.py                           1           0  0.86s           2026-04-27T11:42:48
================================================================================
[2026-04-27T11:43:19.207+0000] {manager.py:828} INFO - 
================================================================================
DAG File Processing Stats

File Path                                     PID  Runtime      # DAGs    # Errors  Last Runtime    Last Run
------------------------------------------  -----  ---------  --------  ----------  --------------  -------------------
/opt/airflow/dags/P2M3_soraya_intan_DAG.py    109  0.16s             1           0  0.86s           2026-04-27T11:42:48
================================================================================
[2026-04-27T11:43:49.476+0000] {manager.py:828} INFO - 
================================================================================
DAG File Processing Stats

File Path                                   PID    Runtime      # DAGs    # Errors  Last Runtime    Last Run
------------------------------------------  -----  ---------  --------  ----------  --------------  -------------------
/opt/airflow/dags/P2M3_soraya_intan_DAG.py                           1           0  4.32s           2026-04-27T11:43:23
================================================================================
[2026-04-27T11:44:19.839+0000] {manager.py:828} INFO - 
================================================================================
DAG File Processing Stats

File Path                                   PID    Runtime      # DAGs    # Errors  Last Runtime    Last Run
------------------------------------------  -----  ---------  --------  ----------  --------------  -------------------
/opt/airflow/dags/P2M3_soraya_intan_DAG.py                           1           0  1.28s           2026-04-27T11:43:54
================================================================================
[2026-04-27T11:44:34.406+0000] {manager.py:709} INFO - Searching for files in /opt/airflow/dags
[2026-04-27T11:44:34.437+0000] {manager.py:712} INFO - There are 1 files in /opt/airflow/dags
[2026-04-27T11:44:50.138+0000] {manager.py:828} INFO - 
================================================================================
DAG File Processing Stats

File Path                                   PID    Runtime      # DAGs    # Errors  Last Runtime    Last Run
------------------------------------------  -----  ---------  --------  ----------  --------------  -------------------
/opt/airflow/dags/P2M3_soraya_intan_DAG.py                           1           0  1.49s           2026-04-27T11:44:26
================================================================================
[2026-04-27T11:45:20.261+0000] {manager.py:828} INFO - 
================================================================================
DAG File Processing Stats

File Path                                   PID    Runtime      # DAGs    # Errors  Last Runtime    Last Run
------------------------------------------  -----  ---------  --------  ----------  --------------  -------------------
/opt/airflow/dags/P2M3_soraya_intan_DAG.py                           1           0  0.86s           2026-04-27T11:44:57
================================================================================
[2026-04-27T11:45:50.681+0000] {manager.py:828} INFO - 
================================================================================
DAG File Processing Stats

File Path                                   PID    Runtime      # DAGs    # Errors  Last Runtime    Last Run
------------------------------------------  -----  ---------  --------  ----------  --------------  -------------------
/opt/airflow/dags/P2M3_soraya_intan_DAG.py                           1           0  1.92s           2026-04-27T11:45:29
================================================================================
[2026-04-27T11:46:20.828+0000] {manager.py:828} INFO - 
================================================================================
DAG File Processing Stats

File Path                                   PID    Runtime      # DAGs    # Errors  Last Runtime    Last Run
------------------------------------------  -----  ---------  --------  ----------  --------------  -------------------
/opt/airflow/dags/P2M3_soraya_intan_DAG.py                           1           0  2.00s           2026-04-27T11:46:01
================================================================================
[2026-04-27T11:46:51.354+0000] {manager.py:828} INFO - 
================================================================================
DAG File Processing Stats

File Path                                   PID    Runtime      # DAGs    # Errors  Last Runtime    Last Run
------------------------------------------  -----  ---------  --------  ----------  --------------  -------------------
/opt/airflow/dags/P2M3_soraya_intan_DAG.py                           1           0  2.19s           2026-04-27T11:46:34
================================================================================
[2026-04-27T11:47:21.647+0000] {manager.py:828} INFO - 
================================================================================
DAG File Processing Stats

File Path                                   PID    Runtime      # DAGs    # Errors  Last Runtime    Last Run
------------------------------------------  -----  ---------  --------  ----------  --------------  -------------------
/opt/airflow/dags/P2M3_soraya_intan_DAG.py                           1           0  1.16s           2026-04-27T11:47:05
================================================================================
[2026-04-27T11:47:51.729+0000] {manager.py:828} INFO - 
================================================================================
DAG File Processing Stats

File Path                                   PID    Runtime      # DAGs    # Errors  Last Runtime    Last Run
------------------------------------------  -----  ---------  --------  ----------  --------------  -------------------
/opt/airflow/dags/P2M3_soraya_intan_DAG.py                           1           0  1.49s           2026-04-27T11:47:37
================================================================================
[2026-04-27T11:48:22.044+0000] {manager.py:828} INFO - 
================================================================================
DAG File Processing Stats

File Path                                   PID    Runtime      # DAGs    # Errors  Last Runtime    Last Run
------------------------------------------  -----  ---------  --------  ----------  --------------  -------------------
/opt/airflow/dags/P2M3_soraya_intan_DAG.py                           1           0  2.05s           2026-04-27T11:48:09
================================================================================
[2026-04-27T11:48:52.277+0000] {manager.py:828} INFO - 
================================================================================
DAG File Processing Stats

File Path                                   PID    Runtime      # DAGs    # Errors  Last Runtime    Last Run
------------------------------------------  -----  ---------  --------  ----------  --------------  -------------------
/opt/airflow/dags/P2M3_soraya_intan_DAG.py                           1           0  0.97s           2026-04-27T11:48:41
================================================================================
[2026-04-27T11:49:22.837+0000] {manager.py:828} INFO - 
================================================================================
DAG File Processing Stats

File Path                                   PID    Runtime      # DAGs    # Errors  Last Runtime    Last Run
------------------------------------------  -----  ---------  --------  ----------  --------------  -------------------
/opt/airflow/dags/P2M3_soraya_intan_DAG.py                           1           0  3.20s           2026-04-27T11:49:14
================================================================================
[2026-04-27T11:49:34.936+0000] {manager.py:709} INFO - Searching for files in /opt/airflow/dags
[2026-04-27T11:49:35.064+0000] {manager.py:712} INFO - There are 1 files in /opt/airflow/dags
[2026-04-27T11:49:53.262+0000] {manager.py:828} INFO - 
================================================================================
DAG File Processing Stats

File Path                                   PID    Runtime      # DAGs    # Errors  Last Runtime    Last Run
------------------------------------------  -----  ---------  --------  ----------  --------------  -------------------
/opt/airflow/dags/P2M3_soraya_intan_DAG.py                           1           0  2.03s           2026-04-27T11:49:47
================================================================================
[2026-04-27T11:50:23.549+0000] {manager.py:828} INFO - 
================================================================================
DAG File Processing Stats

File Path                                   PID    Runtime      # DAGs    # Errors  Last Runtime    Last Run
------------------------------------------  -----  ---------  --------  ----------  --------------  -------------------
/opt/airflow/dags/P2M3_soraya_intan_DAG.py                           1           0  1.72s           2026-04-27T11:50:19
================================================================================
[2026-04-27T11:50:45.499+0000] {manager.py:462} INFO - Exiting gracefully upon receiving signal 15
