[2026-04-25T08:36:00.877+0000] {taskinstance.py:1171} INFO - Dependencies all met for <TaskInstance: P2M3_soraya_intan_DAG.fetch_from_postgresql manual__2026-04-25T08:34:46.651651+00:00 [queued]>
[2026-04-25T08:36:00.900+0000] {taskinstance.py:1171} INFO - Dependencies all met for <TaskInstance: P2M3_soraya_intan_DAG.fetch_from_postgresql manual__2026-04-25T08:34:46.651651+00:00 [queued]>
[2026-04-25T08:36:00.902+0000] {taskinstance.py:1368} INFO - 
--------------------------------------------------------------------------------
[2026-04-25T08:36:00.905+0000] {taskinstance.py:1369} INFO - Starting attempt 2 of 2
[2026-04-25T08:36:00.908+0000] {taskinstance.py:1370} INFO - 
--------------------------------------------------------------------------------
[2026-04-25T08:36:00.931+0000] {taskinstance.py:1389} INFO - Executing <Task(PythonOperator): fetch_from_postgresql> on 2026-04-25 08:34:46.651651+00:00
[2026-04-25T08:36:00.940+0000] {standard_task_runner.py:52} INFO - Started process 60 to run task
[2026-04-25T08:36:00.949+0000] {standard_task_runner.py:79} INFO - Running: ['***', 'tasks', 'run', 'P2M3_soraya_intan_DAG', 'fetch_from_postgresql', 'manual__2026-04-25T08:34:46.651651+00:00', '--job-id', '5', '--raw', '--subdir', 'DAGS_FOLDER/P2M3_soraya_intan_DAG.py', '--cfg-path', '/tmp/tmp90r50j9s', '--error-file', '/tmp/tmpecw9w27q']
[2026-04-25T08:36:00.952+0000] {standard_task_runner.py:80} INFO - Job 5: Subtask fetch_from_postgresql
[2026-04-25T08:36:01.083+0000] {task_command.py:371} INFO - Running <TaskInstance: P2M3_soraya_intan_DAG.fetch_from_postgresql manual__2026-04-25T08:34:46.651651+00:00 [running]> on host f8f4dc7a8fb4
[2026-04-25T08:36:01.205+0000] {taskinstance.py:1583} INFO - Exporting the following env vars:
AIRFLOW_CTX_DAG_OWNER=soraya_intan
AIRFLOW_CTX_DAG_ID=P2M3_soraya_intan_DAG
AIRFLOW_CTX_TASK_ID=fetch_from_postgresql
AIRFLOW_CTX_EXECUTION_DATE=2026-04-25T08:34:46.651651+00:00
AIRFLOW_CTX_TRY_NUMBER=2
AIRFLOW_CTX_DAG_RUN_ID=manual__2026-04-25T08:34:46.651651+00:00
[2026-04-25T08:36:01.214+0000] {taskinstance.py:1902} ERROR - Task failed with exception
Traceback (most recent call last):
  File "/home/airflow/.local/lib/python3.7/site-packages/airflow/operators/python.py", line 171, in execute
    return_value = self.execute_callable()
  File "/home/airflow/.local/lib/python3.7/site-packages/airflow/operators/python.py", line 189, in execute_callable
    return self.python_callable(*self.op_args, **self.op_kwargs)
  File "/opt/airflow/dags/P2M3_soraya_intan_DAG.py", line 36, in fetch_from_postgresql
    port=5432
  File "/home/airflow/.local/lib/python3.7/site-packages/psycopg2/__init__.py", line 122, in connect
    conn = _connect(dsn, connection_factory=connection_factory, **kwasync)
psycopg2.OperationalError: connection to server at "postgres_m3" (172.20.0.2), port 5432 failed: FATAL:  database "db_m3" does not exist

[2026-04-25T08:36:01.235+0000] {taskinstance.py:1412} INFO - Marking task as FAILED. dag_id=P2M3_soraya_intan_DAG, task_id=fetch_from_postgresql, execution_date=20260425T083446, start_date=20260425T083600, end_date=20260425T083601
[2026-04-25T08:36:01.256+0000] {standard_task_runner.py:97} ERROR - Failed to execute job 5 for task fetch_from_postgresql (connection to server at "postgres_m3" (172.20.0.2), port 5432 failed: FATAL:  database "db_m3" does not exist
; 60)
[2026-04-25T08:36:01.284+0000] {local_task_job.py:156} INFO - Task exited with return code 1
[2026-04-25T08:36:01.354+0000] {local_task_job.py:279} INFO - 0 downstream tasks scheduled from follow-on schedule check
