[2026-04-26T12:41:39.995+0000] {taskinstance.py:1171} INFO - Dependencies all met for <TaskInstance: P2M3_soraya_intan_DAG.fetch_from_postgresql manual__2026-04-26T12:41:31.754131+00:00 [queued]>
[2026-04-26T12:41:40.017+0000] {taskinstance.py:1171} INFO - Dependencies all met for <TaskInstance: P2M3_soraya_intan_DAG.fetch_from_postgresql manual__2026-04-26T12:41:31.754131+00:00 [queued]>
[2026-04-26T12:41:40.020+0000] {taskinstance.py:1368} INFO - 
--------------------------------------------------------------------------------
[2026-04-26T12:41:40.022+0000] {taskinstance.py:1369} INFO - Starting attempt 1 of 2
[2026-04-26T12:41:40.024+0000] {taskinstance.py:1370} INFO - 
--------------------------------------------------------------------------------
[2026-04-26T12:41:40.093+0000] {taskinstance.py:1389} INFO - Executing <Task(PythonOperator): fetch_from_postgresql> on 2026-04-26 12:41:31.754131+00:00
[2026-04-26T12:41:40.112+0000] {standard_task_runner.py:52} INFO - Started process 52 to run task
[2026-04-26T12:41:40.146+0000] {standard_task_runner.py:79} INFO - Running: ['***', 'tasks', 'run', 'P2M3_soraya_intan_DAG', 'fetch_from_postgresql', 'manual__2026-04-26T12:41:31.754131+00:00', '--job-id', '27', '--raw', '--subdir', 'DAGS_FOLDER/P2M3_soraya_intan_DAG.py', '--cfg-path', '/tmp/tmp87bdec_w', '--error-file', '/tmp/tmp4o2sycjx']
[2026-04-26T12:41:40.155+0000] {standard_task_runner.py:80} INFO - Job 27: Subtask fetch_from_postgresql
[2026-04-26T12:41:40.499+0000] {task_command.py:371} INFO - Running <TaskInstance: P2M3_soraya_intan_DAG.fetch_from_postgresql manual__2026-04-26T12:41:31.754131+00:00 [running]> on host b754c159f5ea
[2026-04-26T12:41:40.851+0000] {taskinstance.py:1583} INFO - Exporting the following env vars:
AIRFLOW_CTX_DAG_OWNER=soraya_intan
AIRFLOW_CTX_DAG_ID=P2M3_soraya_intan_DAG
AIRFLOW_CTX_TASK_ID=fetch_from_postgresql
AIRFLOW_CTX_EXECUTION_DATE=2026-04-26T12:41:31.754131+00:00
AIRFLOW_CTX_TRY_NUMBER=1
AIRFLOW_CTX_DAG_RUN_ID=manual__2026-04-26T12:41:31.754131+00:00
[2026-04-26T12:41:41.562+0000] {python.py:173} INFO - Done. Returned value was: None
[2026-04-26T12:41:41.593+0000] {taskinstance.py:1412} INFO - Marking task as SUCCESS. dag_id=P2M3_soraya_intan_DAG, task_id=fetch_from_postgresql, execution_date=20260426T124131, start_date=20260426T124139, end_date=20260426T124141
[2026-04-26T12:41:41.734+0000] {local_task_job.py:156} INFO - Task exited with return code 0
[2026-04-26T12:41:41.807+0000] {local_task_job.py:279} INFO - 1 downstream tasks scheduled from follow-on schedule check
