[2026-04-25T09:10:57.465+0000] {taskinstance.py:1171} INFO - Dependencies all met for <TaskInstance: P2M3_soraya_intan_DAG.data_cleaning scheduled__2026-04-18T09:30:00+00:00 [queued]>
[2026-04-25T09:10:57.482+0000] {taskinstance.py:1171} INFO - Dependencies all met for <TaskInstance: P2M3_soraya_intan_DAG.data_cleaning scheduled__2026-04-18T09:30:00+00:00 [queued]>
[2026-04-25T09:10:57.484+0000] {taskinstance.py:1368} INFO - 
--------------------------------------------------------------------------------
[2026-04-25T09:10:57.486+0000] {taskinstance.py:1369} INFO - Starting attempt 1 of 2
[2026-04-25T09:10:57.487+0000] {taskinstance.py:1370} INFO - 
--------------------------------------------------------------------------------
[2026-04-25T09:10:57.508+0000] {taskinstance.py:1389} INFO - Executing <Task(PythonOperator): data_cleaning> on 2026-04-18 09:30:00+00:00
[2026-04-25T09:10:57.517+0000] {standard_task_runner.py:52} INFO - Started process 242 to run task
[2026-04-25T09:10:57.526+0000] {standard_task_runner.py:79} INFO - Running: ['***', 'tasks', 'run', 'P2M3_soraya_intan_DAG', 'data_cleaning', 'scheduled__2026-04-18T09:30:00+00:00', '--job-id', '13', '--raw', '--subdir', 'DAGS_FOLDER/P2M3_soraya_intan_DAG.py', '--cfg-path', '/tmp/tmp8veyzjxc', '--error-file', '/tmp/tmpugdo0x_q']
[2026-04-25T09:10:57.530+0000] {standard_task_runner.py:80} INFO - Job 13: Subtask data_cleaning
[2026-04-25T09:10:57.633+0000] {task_command.py:371} INFO - Running <TaskInstance: P2M3_soraya_intan_DAG.data_cleaning scheduled__2026-04-18T09:30:00+00:00 [running]> on host f8f4dc7a8fb4
[2026-04-25T09:10:57.743+0000] {taskinstance.py:1583} INFO - Exporting the following env vars:
AIRFLOW_CTX_DAG_OWNER=soraya_intan
AIRFLOW_CTX_DAG_ID=P2M3_soraya_intan_DAG
AIRFLOW_CTX_TASK_ID=data_cleaning
AIRFLOW_CTX_EXECUTION_DATE=2026-04-18T09:30:00+00:00
AIRFLOW_CTX_TRY_NUMBER=1
AIRFLOW_CTX_DAG_RUN_ID=scheduled__2026-04-18T09:30:00+00:00
[2026-04-25T09:10:58.080+0000] {python.py:173} INFO - Done. Returned value was: None
[2026-04-25T09:10:58.110+0000] {taskinstance.py:1412} INFO - Marking task as SUCCESS. dag_id=P2M3_soraya_intan_DAG, task_id=data_cleaning, execution_date=20260418T093000, start_date=20260425T091057, end_date=20260425T091058
[2026-04-25T09:10:58.146+0000] {local_task_job.py:156} INFO - Task exited with return code 0
[2026-04-25T09:10:58.201+0000] {local_task_job.py:279} INFO - 1 downstream tasks scheduled from follow-on schedule check
