[2026-04-25T09:20:06.130+0000] {taskinstance.py:1171} INFO - Dependencies all met for <TaskInstance: P2M3_soraya_intan_DAG.fetch_from_postgresql scheduled__2026-04-25T09:10:00+00:00 [queued]>
[2026-04-25T09:20:06.298+0000] {taskinstance.py:1171} INFO - Dependencies all met for <TaskInstance: P2M3_soraya_intan_DAG.fetch_from_postgresql scheduled__2026-04-25T09:10:00+00:00 [queued]>
[2026-04-25T09:20:06.310+0000] {taskinstance.py:1368} INFO - 
--------------------------------------------------------------------------------
[2026-04-25T09:20:06.325+0000] {taskinstance.py:1369} INFO - Starting attempt 1 of 2
[2026-04-25T09:20:06.334+0000] {taskinstance.py:1370} INFO - 
--------------------------------------------------------------------------------
[2026-04-25T09:20:06.614+0000] {taskinstance.py:1389} INFO - Executing <Task(PythonOperator): fetch_from_postgresql> on 2026-04-25 09:10:00+00:00
[2026-04-25T09:20:06.661+0000] {standard_task_runner.py:52} INFO - Started process 48 to run task
[2026-04-25T09:20:06.737+0000] {standard_task_runner.py:79} INFO - Running: ['***', 'tasks', 'run', 'P2M3_soraya_intan_DAG', 'fetch_from_postgresql', 'scheduled__2026-04-25T09:10:00+00:00', '--job-id', '16', '--raw', '--subdir', 'DAGS_FOLDER/P2M3_soraya_intan_DAG.py', '--cfg-path', '/tmp/tmp4vk2sdeq', '--error-file', '/tmp/tmp029cy6fl']
[2026-04-25T09:20:06.755+0000] {standard_task_runner.py:80} INFO - Job 16: Subtask fetch_from_postgresql
[2026-04-25T09:20:07.446+0000] {task_command.py:371} INFO - Running <TaskInstance: P2M3_soraya_intan_DAG.fetch_from_postgresql scheduled__2026-04-25T09:10:00+00:00 [running]> on host f8f4dc7a8fb4
[2026-04-25T09:20:07.749+0000] {taskinstance.py:1583} INFO - Exporting the following env vars:
AIRFLOW_CTX_DAG_OWNER=soraya_intan
AIRFLOW_CTX_DAG_ID=P2M3_soraya_intan_DAG
AIRFLOW_CTX_TASK_ID=fetch_from_postgresql
AIRFLOW_CTX_EXECUTION_DATE=2026-04-25T09:10:00+00:00
AIRFLOW_CTX_TRY_NUMBER=1
AIRFLOW_CTX_DAG_RUN_ID=scheduled__2026-04-25T09:10:00+00:00
[2026-04-25T09:20:08.163+0000] {python.py:173} INFO - Done. Returned value was: None
[2026-04-25T09:20:08.193+0000] {taskinstance.py:1412} INFO - Marking task as SUCCESS. dag_id=P2M3_soraya_intan_DAG, task_id=fetch_from_postgresql, execution_date=20260425T091000, start_date=20260425T092006, end_date=20260425T092008
[2026-04-25T09:20:08.258+0000] {local_task_job.py:156} INFO - Task exited with return code 0
[2026-04-25T09:20:08.362+0000] {local_task_job.py:279} INFO - 1 downstream tasks scheduled from follow-on schedule check
